                             latency        interval
transaction       0:               1               2
transaction       1:               1               2
transaction       2:               1               2
transaction       3:               1               2
transaction       4:               1               2
transaction       5:               1               2
transaction       6:               1               2
transaction       7:               1               2
transaction       8:               1               2
transaction       9:               1               2
transaction      10:               1               2
transaction      11:               1               2
transaction      12:               1               2
transaction      13:               1               2
transaction      14:               1               2
transaction      15:               1               2
transaction      16:               1               2
transaction      17:               1               2
transaction      18:               1               2
transaction      19:               1               2
transaction      20:               1               2
transaction      21:               1               2
transaction      22:               1               2
transaction      23:               1               2
transaction      24:               1               2
transaction      25:               1               2
transaction      26:               1               2
transaction      27:               1               2
transaction      28:               1               2
transaction      29:               1               2
transaction      30:               1               2
transaction      31:               1               2
transaction      32:               1               2
transaction      33:               1               2
transaction      34:               1               2
transaction      35:               1               2
transaction      36:               1               2
transaction      37:               1               2
transaction      38:               1               2
transaction      39:               1               2
transaction      40:               1               2
transaction      41:               1               2
transaction      42:               1               2
transaction      43:               1               2
transaction      44:               1               2
transaction      45:               1               2
transaction      46:               1               2
transaction      47:               1               2
transaction      48:               1               2
transaction      49:               1               2
transaction      50:               1               2
transaction      51:               1               2
transaction      52:               1               2
transaction      53:               1               2
transaction      54:               1               2
transaction      55:               1               2
transaction      56:               1               2
transaction      57:               1               2
transaction      58:               1               2
transaction      59:               1               2
transaction      60:               1               2
transaction      61:               1               2
transaction      62:               1               2
transaction      63:               1               2
transaction      64:               1               2
transaction      65:               1               2
transaction      66:               1               2
transaction      67:               1               2
transaction      68:               1               2
transaction      69:               1               2
transaction      70:               1               2
transaction      71:               1               2
transaction      72:               1               2
transaction      73:               1               2
transaction      74:               1               2
transaction      75:               1               2
transaction      76:               1               2
transaction      77:               1               2
transaction      78:               1               2
transaction      79:               1               2
transaction      80:               1               2
transaction      81:               1               2
transaction      82:               1               2
transaction      83:               1               2
transaction      84:               1               2
transaction      85:               1               2
transaction      86:               1               2
transaction      87:               1               2
transaction      88:               1               2
transaction      89:               1               2
transaction      90:               1               2
transaction      91:               1               2
transaction      92:               1               2
transaction      93:               1               2
transaction      94:               1               2
transaction      95:               1               2
transaction      96:               1               2
transaction      97:               1               2
transaction      98:               1               2
transaction      99:               1               2
transaction     100:               1               2
transaction     101:               1               2
transaction     102:               1               2
transaction     103:               1               2
transaction     104:               1               2
transaction     105:               1               2
transaction     106:               1               2
transaction     107:               1               2
transaction     108:               1               2
transaction     109:               1               2
transaction     110:               1               2
transaction     111:               1               2
transaction     112:               1               2
transaction     113:               1               2
transaction     114:               1               2
transaction     115:               1               2
transaction     116:               1               2
transaction     117:               1               2
transaction     118:               1               2
transaction     119:               1               2
transaction     120:               1               2
transaction     121:               1               2
transaction     122:               1               2
transaction     123:               1               2
transaction     124:               1               2
transaction     125:               1               2
transaction     126:               1               2
transaction     127:               1               2
transaction     128:               1               2
transaction     129:               1               2
transaction     130:               1               2
transaction     131:               1               2
transaction     132:               1               2
transaction     133:               1               2
transaction     134:               1               2
transaction     135:               1               2
transaction     136:               1               2
transaction     137:               1               2
transaction     138:               1               2
transaction     139:               1               2
transaction     140:               1               2
transaction     141:               1               2
transaction     142:               1               2
transaction     143:               1               2
transaction     144:               1               2
transaction     145:               1               2
transaction     146:               1               2
transaction     147:               1               2
transaction     148:               1               2
transaction     149:               1               2
transaction     150:               1               2
transaction     151:               1               2
transaction     152:               1               2
transaction     153:               1               2
transaction     154:               1               2
transaction     155:               1               2
transaction     156:               1               2
transaction     157:               1               2
transaction     158:               1               2
transaction     159:               1               2
transaction     160:               1               2
transaction     161:               1               2
transaction     162:               1               2
transaction     163:               1               2
transaction     164:               1               2
transaction     165:               1               2
transaction     166:               1               2
transaction     167:               1               2
transaction     168:               1               2
transaction     169:               1               2
transaction     170:               1               2
transaction     171:               1               2
transaction     172:               1               2
transaction     173:               1               2
transaction     174:               1               2
transaction     175:               1               2
transaction     176:               1               2
transaction     177:               1               2
transaction     178:               1               2
transaction     179:               1               2
transaction     180:               1               2
transaction     181:               1               2
transaction     182:               1               2
transaction     183:               1               2
transaction     184:               1               2
transaction     185:               1               2
transaction     186:               1               2
transaction     187:               1               2
transaction     188:               1               2
transaction     189:               1               2
transaction     190:               1               2
transaction     191:               1               2
transaction     192:               1               2
transaction     193:               1               2
transaction     194:               1               2
transaction     195:               1               2
transaction     196:               1               2
transaction     197:               1               2
transaction     198:               1               2
transaction     199:               1               2
transaction     200:               1               2
transaction     201:               1               2
transaction     202:               1               2
transaction     203:               1               2
transaction     204:               1               2
transaction     205:               1               2
transaction     206:               1               2
transaction     207:               1               2
transaction     208:               1               2
transaction     209:               1               2
transaction     210:               1               2
transaction     211:               1               2
transaction     212:               1               2
transaction     213:               1               2
transaction     214:               1               2
transaction     215:               1               2
transaction     216:               1               2
transaction     217:               1               2
transaction     218:               1               2
transaction     219:               1               2
transaction     220:               1               2
transaction     221:               1               2
transaction     222:               1               2
transaction     223:               1               2
transaction     224:               1               2
transaction     225:               1               2
transaction     226:               1               2
transaction     227:               1               2
transaction     228:               1               2
transaction     229:               1               2
transaction     230:               1               2
transaction     231:               1               2
transaction     232:               1               2
transaction     233:               1               2
transaction     234:               1               2
transaction     235:               1               2
transaction     236:               1               2
transaction     237:               1               2
transaction     238:               1               2
transaction     239:               1               2
transaction     240:               1               2
transaction     241:               1               2
transaction     242:               1               2
transaction     243:               1               2
transaction     244:               1               2
transaction     245:               1               2
transaction     246:               1               2
transaction     247:               1               2
transaction     248:               1               2
transaction     249:               1               2
transaction     250:               1               2
transaction     251:               1               2
transaction     252:               1               2
transaction     253:               1               2
transaction     254:               1               2
transaction     255:               1               2
transaction     256:               1               2
transaction     257:               1               2
transaction     258:               1               2
transaction     259:               1               2
transaction     260:               1               2
transaction     261:               1               2
transaction     262:               1               2
transaction     263:               1               2
transaction     264:               1               2
transaction     265:               1               2
transaction     266:               1               2
transaction     267:               1               2
transaction     268:               1               2
transaction     269:               1               2
transaction     270:               1               2
transaction     271:               1               2
transaction     272:               1               2
transaction     273:               1               2
transaction     274:               1               2
transaction     275:               1               2
transaction     276:               1               2
transaction     277:               1               2
transaction     278:               1               2
transaction     279:               1               2
transaction     280:               1               2
transaction     281:               1               2
transaction     282:               1               2
transaction     283:               1               2
transaction     284:               1               2
transaction     285:               1               2
transaction     286:               1               2
transaction     287:               1               2
transaction     288:               1               2
transaction     289:               1               2
transaction     290:               1               2
transaction     291:               1               2
transaction     292:               1               2
transaction     293:               1               2
transaction     294:               1               2
transaction     295:               1               2
transaction     296:               1               2
transaction     297:               1               2
transaction     298:               1               2
transaction     299:               1               2
transaction     300:               1               2
transaction     301:               1               2
transaction     302:               1               2
transaction     303:               1               2
transaction     304:               1               2
transaction     305:               1               2
transaction     306:               1               2
transaction     307:               1               2
transaction     308:               1               2
transaction     309:               1               2
transaction     310:               1               2
transaction     311:               1               2
transaction     312:               1               2
transaction     313:               1               2
transaction     314:               1               2
transaction     315:               1               2
transaction     316:               1               2
transaction     317:               1               2
transaction     318:               1               2
transaction     319:               1               2
transaction     320:               1               2
transaction     321:               1               2
transaction     322:               1               2
transaction     323:               1               2
transaction     324:               1               2
transaction     325:               1               2
transaction     326:               1               2
transaction     327:               1               2
transaction     328:               1               2
transaction     329:               1               2
transaction     330:               1               2
transaction     331:               1               2
transaction     332:               1               2
transaction     333:               1               2
transaction     334:               1               2
transaction     335:               1               2
transaction     336:               1               2
transaction     337:               1               2
transaction     338:               1               2
transaction     339:               1               2
transaction     340:               1               2
transaction     341:               1               2
transaction     342:               1               2
transaction     343:               1               2
transaction     344:               1               2
transaction     345:               1               2
transaction     346:               1               2
transaction     347:               1               2
transaction     348:               1               2
transaction     349:               1               2
transaction     350:               1               2
transaction     351:               1               2
transaction     352:               1               2
transaction     353:               1               2
transaction     354:               1               2
transaction     355:               1               2
transaction     356:               1               2
transaction     357:               1               2
transaction     358:               1               2
transaction     359:               1               2
transaction     360:               1               2
transaction     361:               1               2
transaction     362:               1               2
transaction     363:               1               2
transaction     364:               1               2
transaction     365:               1               2
transaction     366:               1               2
transaction     367:               1               2
transaction     368:               1               2
transaction     369:               1               2
transaction     370:               1               2
transaction     371:               1               2
transaction     372:               1               2
transaction     373:               1               2
transaction     374:               1               2
transaction     375:               1               2
transaction     376:               1               2
transaction     377:               1               2
transaction     378:               1               2
transaction     379:               1               2
transaction     380:               1               2
transaction     381:               1               2
transaction     382:               1               2
transaction     383:               1               2
transaction     384:               1               2
transaction     385:               1               2
transaction     386:               1               2
transaction     387:               1               2
transaction     388:               1               2
transaction     389:               1               2
transaction     390:               1               2
transaction     391:               1               2
transaction     392:               1               2
transaction     393:               1               2
transaction     394:               1               2
transaction     395:               1               2
transaction     396:               1               2
transaction     397:               1               2
transaction     398:               1               2
transaction     399:               1               2
transaction     400:               1               2
transaction     401:               1               2
transaction     402:               1               2
transaction     403:               1               2
transaction     404:               1               2
transaction     405:               1               2
transaction     406:               1               2
transaction     407:               1               2
transaction     408:               1               2
transaction     409:               1               2
transaction     410:               1               2
transaction     411:               1               2
transaction     412:               1               2
transaction     413:               1               2
transaction     414:               1               2
transaction     415:               1               2
transaction     416:               1               2
transaction     417:               1               2
transaction     418:               1               2
transaction     419:               1               2
transaction     420:               1               2
transaction     421:               1               2
transaction     422:               1               2
transaction     423:               1               2
transaction     424:               1               2
transaction     425:               1               2
transaction     426:               1               2
transaction     427:               1               2
transaction     428:               1               2
transaction     429:               1               2
transaction     430:               1               2
transaction     431:               1               2
transaction     432:               1               2
transaction     433:               1               2
transaction     434:               1               2
transaction     435:               1               2
transaction     436:               1               2
transaction     437:               1               2
transaction     438:               1               2
transaction     439:               1               2
transaction     440:               1               2
transaction     441:               1               2
transaction     442:               1               2
transaction     443:               1               2
transaction     444:               1               2
transaction     445:               1               2
transaction     446:               1               2
transaction     447:               1               2
transaction     448:               1               2
transaction     449:               1               2
transaction     450:               1               2
transaction     451:               1               2
transaction     452:               1               2
transaction     453:               1               2
transaction     454:               1               2
transaction     455:               1               2
transaction     456:               1               2
transaction     457:               1               2
transaction     458:               1               2
transaction     459:               1               2
transaction     460:               1               2
transaction     461:               1               2
transaction     462:               1               2
transaction     463:               1               2
transaction     464:               1               2
transaction     465:               1               2
transaction     466:               1               2
transaction     467:               1               2
transaction     468:               1               2
transaction     469:               1               2
transaction     470:               1               2
transaction     471:               1               2
transaction     472:               1               2
transaction     473:               1               2
transaction     474:               1               2
transaction     475:               1               2
transaction     476:               1               2
transaction     477:               1               2
transaction     478:               1               2
transaction     479:               1               2
transaction     480:               1               2
transaction     481:               1               2
transaction     482:               1               2
transaction     483:               1               2
transaction     484:               1               2
transaction     485:               1               2
transaction     486:               1               2
transaction     487:               1               2
transaction     488:               1               2
transaction     489:               1               2
transaction     490:               1               2
transaction     491:               1               2
transaction     492:               1               2
transaction     493:               1               2
transaction     494:               1               2
transaction     495:               1               2
transaction     496:               1               2
transaction     497:               1               2
transaction     498:               1               2
transaction     499:               1               2
transaction     500:               1               2
transaction     501:               1               2
transaction     502:               1               2
transaction     503:               1               2
transaction     504:               1               2
transaction     505:               1               2
transaction     506:               1               2
transaction     507:               1               2
transaction     508:               1               2
transaction     509:               1               2
transaction     510:               1               2
transaction     511:               1               2
transaction     512:               1               2
transaction     513:               1               2
transaction     514:               1               2
transaction     515:               1               2
transaction     516:               1               2
transaction     517:               1               2
transaction     518:               1               2
transaction     519:               1               2
transaction     520:               1               2
transaction     521:               1               2
transaction     522:               1               2
transaction     523:               1               2
transaction     524:               1               2
transaction     525:               1               2
transaction     526:               1               2
transaction     527:               1               2
transaction     528:               1               2
transaction     529:               1               2
transaction     530:               1               2
transaction     531:               1               2
transaction     532:               1               2
transaction     533:               1               2
transaction     534:               1               2
transaction     535:               1               2
transaction     536:               1               2
transaction     537:               1               2
transaction     538:               1               2
transaction     539:               1               2
transaction     540:               1               2
transaction     541:               1               2
transaction     542:               1               2
transaction     543:               1               2
transaction     544:               1               2
transaction     545:               1               2
transaction     546:               1               2
transaction     547:               1               2
transaction     548:               1               2
transaction     549:               1               2
transaction     550:               1               2
transaction     551:               1               2
transaction     552:               1               2
transaction     553:               1               2
transaction     554:               1               2
transaction     555:               1               2
transaction     556:               1               2
transaction     557:               1               2
transaction     558:               1               2
transaction     559:               1               2
transaction     560:               1               2
transaction     561:               1               2
transaction     562:               1               2
transaction     563:               1               2
transaction     564:               1               2
transaction     565:               1               2
transaction     566:               1               2
transaction     567:               1               2
transaction     568:               1               2
transaction     569:               1               2
transaction     570:               1               2
transaction     571:               1               2
transaction     572:               1               2
transaction     573:               1               2
transaction     574:               1               2
transaction     575:               1               2
transaction     576:               1               2
transaction     577:               1               2
transaction     578:               1               2
transaction     579:               1               2
transaction     580:               1               2
transaction     581:               1               2
transaction     582:               1               2
transaction     583:               1               2
transaction     584:               1               2
transaction     585:               1               2
transaction     586:               1               2
transaction     587:               1               2
transaction     588:               1               2
transaction     589:               1               2
transaction     590:               1               2
transaction     591:               1               2
transaction     592:               1               2
transaction     593:               1               2
transaction     594:               1               2
transaction     595:               1               2
transaction     596:               1               2
transaction     597:               1               2
transaction     598:               1               2
transaction     599:               1               2
transaction     600:               1               2
transaction     601:               1               2
transaction     602:               1               2
transaction     603:               1               2
transaction     604:               1               2
transaction     605:               1               2
transaction     606:               1               2
transaction     607:               1               2
transaction     608:               1               2
transaction     609:               1               2
transaction     610:               1               2
transaction     611:               1               2
transaction     612:               1               2
transaction     613:               1               2
transaction     614:               1               2
transaction     615:               1               2
transaction     616:               1               2
transaction     617:               1               2
transaction     618:               1               2
transaction     619:               1               2
transaction     620:               1               2
transaction     621:               1               2
transaction     622:               1               2
transaction     623:               1               2
transaction     624:               1               2
transaction     625:               1               2
transaction     626:               1               2
transaction     627:               1               2
transaction     628:               1               2
transaction     629:               1               2
transaction     630:               1               2
transaction     631:               1               2
transaction     632:               1               2
transaction     633:               1               2
transaction     634:               1               2
transaction     635:               1               2
transaction     636:               1               2
transaction     637:               1               2
transaction     638:               1               2
transaction     639:               1               2
transaction     640:               1               2
transaction     641:               1               2
transaction     642:               1               2
transaction     643:               1               2
transaction     644:               1               2
transaction     645:               1               2
transaction     646:               1               2
transaction     647:               1               2
transaction     648:               1               2
transaction     649:               1               2
transaction     650:               1               2
transaction     651:               1               2
transaction     652:               1               2
transaction     653:               1               2
transaction     654:               1               2
transaction     655:               1               2
transaction     656:               1               2
transaction     657:               1               2
transaction     658:               1               2
transaction     659:               1               2
transaction     660:               1               2
transaction     661:               1               2
transaction     662:               1               2
transaction     663:               1               2
transaction     664:               1               2
transaction     665:               1               2
transaction     666:               1               2
transaction     667:               1               2
transaction     668:               1               2
transaction     669:               1               2
transaction     670:               1               2
transaction     671:               1               2
transaction     672:               1               2
transaction     673:               1               2
transaction     674:               1               2
transaction     675:               1               2
transaction     676:               1               2
transaction     677:               1               2
transaction     678:               1               2
transaction     679:               1               2
transaction     680:               1               2
transaction     681:               1               2
transaction     682:               1               2
transaction     683:               1               2
transaction     684:               1               2
transaction     685:               1               2
transaction     686:               1               2
transaction     687:               1               2
transaction     688:               1               2
transaction     689:               1               2
transaction     690:               1               2
transaction     691:               1               2
transaction     692:               1               2
transaction     693:               1               2
transaction     694:               1               2
transaction     695:               1               2
transaction     696:               1               2
transaction     697:               1               2
transaction     698:               1               2
transaction     699:               1               2
transaction     700:               1               2
transaction     701:               1               2
transaction     702:               1               2
transaction     703:               1               2
transaction     704:               1               2
transaction     705:               1               2
transaction     706:               1               2
transaction     707:               1               2
transaction     708:               1               2
transaction     709:               1               2
transaction     710:               1               2
transaction     711:               1               2
transaction     712:               1               2
transaction     713:               1               2
transaction     714:               1               2
transaction     715:               1               2
transaction     716:               1               2
transaction     717:               1               2
transaction     718:               1               2
transaction     719:               1               2
transaction     720:               1               2
transaction     721:               1               2
transaction     722:               1               2
transaction     723:               1               2
transaction     724:               1               2
transaction     725:               1               2
transaction     726:               1               2
transaction     727:               1               2
transaction     728:               1               2
transaction     729:               1               2
transaction     730:               1               2
transaction     731:               1               2
transaction     732:               1               2
transaction     733:               1               2
transaction     734:               1               2
transaction     735:               1               2
transaction     736:               1               2
transaction     737:               1               2
transaction     738:               1               2
transaction     739:               1               2
transaction     740:               1               2
transaction     741:               1               2
transaction     742:               1               2
transaction     743:               1               2
transaction     744:               1               2
transaction     745:               1               2
transaction     746:               1               2
transaction     747:               1               2
transaction     748:               1               2
transaction     749:               1               2
transaction     750:               1               2
transaction     751:               1               2
transaction     752:               1               2
transaction     753:               1               2
transaction     754:               1               2
transaction     755:               1               2
transaction     756:               1               2
transaction     757:               1               2
transaction     758:               1               2
transaction     759:               1               2
transaction     760:               1               2
transaction     761:               1               2
transaction     762:               1               2
transaction     763:               1               2
transaction     764:               1               2
transaction     765:               1               2
transaction     766:               1               2
transaction     767:               1               2
transaction     768:               1               2
transaction     769:               1               2
transaction     770:               1               2
transaction     771:               1               2
transaction     772:               1               2
transaction     773:               1               2
transaction     774:               1               2
transaction     775:               1               2
transaction     776:               1               2
transaction     777:               1               2
transaction     778:               1               2
transaction     779:               1               2
transaction     780:               1               2
transaction     781:               1               2
transaction     782:               1               2
transaction     783:               1               2
transaction     784:               1               2
transaction     785:               1               2
transaction     786:               1               2
transaction     787:               1               2
transaction     788:               1               2
transaction     789:               1               2
transaction     790:               1               2
transaction     791:               1               2
transaction     792:               1               2
transaction     793:               1               2
transaction     794:               1               2
transaction     795:               1               2
transaction     796:               1               2
transaction     797:               1               2
transaction     798:               1               2
transaction     799:               1               2
transaction     800:               1               2
transaction     801:               1               2
transaction     802:               1               2
transaction     803:               1               2
transaction     804:               1               2
transaction     805:               1               2
transaction     806:               1               2
transaction     807:               1               2
transaction     808:               1               2
transaction     809:               1               2
transaction     810:               1               2
transaction     811:               1               2
transaction     812:               1               2
transaction     813:               1               2
transaction     814:               1               2
transaction     815:               1               2
transaction     816:               1               2
transaction     817:               1               2
transaction     818:               1               2
transaction     819:               1               2
transaction     820:               1               2
transaction     821:               1               2
transaction     822:               1               2
transaction     823:               1               2
transaction     824:               1               2
transaction     825:               1               2
transaction     826:               1               2
transaction     827:               1               2
transaction     828:               1               2
transaction     829:               1               2
transaction     830:               1               2
transaction     831:               1               2
transaction     832:               1               2
transaction     833:               1               2
transaction     834:               1               2
transaction     835:               1               2
transaction     836:               1               2
transaction     837:               1               2
transaction     838:               1               2
transaction     839:               1               2
transaction     840:               1               2
transaction     841:               1               2
transaction     842:               1               2
transaction     843:               1               2
transaction     844:               1               2
transaction     845:               1               2
transaction     846:               1               2
transaction     847:               1               2
transaction     848:               1               2
transaction     849:               1               2
transaction     850:               1               2
transaction     851:               1               2
transaction     852:               1               2
transaction     853:               1               2
transaction     854:               1               2
transaction     855:               1               2
transaction     856:               1               2
transaction     857:               1               2
transaction     858:               1               2
transaction     859:               1               2
transaction     860:               1               2
transaction     861:               1               2
transaction     862:               1               2
transaction     863:               1               2
transaction     864:               1               2
transaction     865:               1               2
transaction     866:               1               2
transaction     867:               1               2
transaction     868:               1               2
transaction     869:               1               2
transaction     870:               1               2
transaction     871:               1               2
transaction     872:               1               2
transaction     873:               1               2
transaction     874:               1               2
transaction     875:               1               2
transaction     876:               1               2
transaction     877:               1               2
transaction     878:               1               2
transaction     879:               1               2
transaction     880:               1               2
transaction     881:               1               2
transaction     882:               1               2
transaction     883:               1               2
transaction     884:               1               2
transaction     885:               1               2
transaction     886:               1               2
transaction     887:               1               2
transaction     888:               1               2
transaction     889:               1               2
transaction     890:               1               2
transaction     891:               1               2
transaction     892:               1               2
transaction     893:               1               2
transaction     894:               1               2
transaction     895:               1               2
transaction     896:               1               2
transaction     897:               1               2
transaction     898:               1               2
transaction     899:               1               2
transaction     900:               1               2
transaction     901:               1               2
transaction     902:               1               2
transaction     903:               1               2
transaction     904:               1               2
transaction     905:               1               2
transaction     906:               1               2
transaction     907:               1               2
transaction     908:               1               2
transaction     909:               1               2
transaction     910:               1               2
transaction     911:               1               2
transaction     912:               1               2
transaction     913:               1               2
transaction     914:               1               2
transaction     915:               1               2
transaction     916:               1               2
transaction     917:               1               2
transaction     918:               1               2
transaction     919:               1               2
transaction     920:               1               2
transaction     921:               1               2
transaction     922:               1               2
transaction     923:               1               2
transaction     924:               1               2
transaction     925:               1               2
transaction     926:               1               2
transaction     927:               1               2
transaction     928:               1               2
transaction     929:               1               2
transaction     930:               1               2
transaction     931:               1               2
transaction     932:               1               2
transaction     933:               1               2
transaction     934:               1               2
transaction     935:               1               2
transaction     936:               1               2
transaction     937:               1               2
transaction     938:               1               2
transaction     939:               1               2
transaction     940:               1               2
transaction     941:               1               2
transaction     942:               1               2
transaction     943:               1               2
transaction     944:               1               2
transaction     945:               1               2
transaction     946:               1               2
transaction     947:               1               2
transaction     948:               1               2
transaction     949:               1               2
transaction     950:               1               2
transaction     951:               1               2
transaction     952:               1               2
transaction     953:               1               2
transaction     954:               1               2
transaction     955:               1               2
transaction     956:               1               2
transaction     957:               1               2
transaction     958:               1               2
transaction     959:               1               2
transaction     960:               1               2
transaction     961:               1               2
transaction     962:               1               2
transaction     963:               1               2
transaction     964:               1               2
transaction     965:               1               2
transaction     966:               1               2
transaction     967:               1               2
transaction     968:               1               2
transaction     969:               1               2
transaction     970:               1               2
transaction     971:               1               2
transaction     972:               1               2
transaction     973:               1               2
transaction     974:               1               2
transaction     975:               1               2
transaction     976:               1               2
transaction     977:               1               2
transaction     978:               1               2
transaction     979:               1               2
transaction     980:               1               2
transaction     981:               1               2
transaction     982:               1               2
transaction     983:               1               2
transaction     984:               1               2
transaction     985:               1               2
transaction     986:               1               2
transaction     987:               1               2
transaction     988:               1               2
transaction     989:               1               2
transaction     990:               1               2
transaction     991:               1               2
transaction     992:               1               2
transaction     993:               1               2
transaction     994:               1               2
transaction     995:               1               2
transaction     996:               1               2
transaction     997:               1               2
transaction     998:               1               2
transaction     999:               1               x
