Copyright 1986-2019 Xilinx, Inc. All Rights Reserved.
---------------------------------------------------------------------------------------------------------------------------------------------------------------
| Tool Version : Vivado v.2019.1 (win64) Build 2552052 Fri May 24 14:49:42 MDT 2019
| Date         : Tue Jan 12 15:36:33 2021
| Host         : LAPTOP-KSVOJTV9 running 64-bit major release  (build 9200)
| Command      : report_bus_skew -warn_on_violation -file system_top_bus_skew_routed.rpt -pb system_top_bus_skew_routed.pb -rpx system_top_bus_skew_routed.rpx
| Design       : system_top
| Device       : 7z045-ffg900
| Speed File   : -2  PRODUCTION 1.11 2014-09-11
---------------------------------------------------------------------------------------------------------------------------------------------------------------

Bus Skew Report

Table of Contents
-----------------
1. Bus Skew Report Summary
2. Bus Skew Report Per Constraint

1. Bus Skew Report Summary
--------------------------

Id  Position  From                            To                              Corner  Requirement(ns)  Actual(ns)  Slack(ns)
--  --------  ------------------------------  ------------------------------  ------  ---------------  ----------  ---------
1   36        [get_cells [list {i_system_wrapper/system_i/fifo_dac_ch_0/inst/fifo_dac_i1/xpm_fifo_async_inst/gnuram_async_fifo.xpm_fifo_base_inst/gen_cdc_pntr.rd_pntr_cdc_inst/src_gray_ff_reg[0]} {i_system_wrapper/system_i/fifo_dac_ch_0/inst/fifo_dac_i1/xpm_fifo_async_inst/gnuram_async_fifo.xpm_fifo_base_inst/gen_cdc_pntr.rd_pntr_cdc_inst/src_gray_ff_reg[1]} {i_system_wrapper/system_i/fifo_dac_ch_0/inst/fifo_dac_i1/xpm_fifo_async_inst/gnuram_async_fifo.xpm_fifo_base_inst/gen_cdc_pntr.rd_pntr_cdc_inst/src_gray_ff_reg[2]} {i_system_wrapper/system_i/fifo_dac_ch_0/inst/fifo_dac_i1/xpm_fifo_async_inst/gnuram_async_fifo.xpm_fifo_base_inst/gen_cdc_pntr.rd_pntr_cdc_inst/src_gray_ff_reg[3]} {i_system_wrapper/system_i/fifo_dac_ch_0/inst/fifo_dac_i1/xpm_fifo_async_inst/gnuram_async_fifo.xpm_fifo_base_inst/gen_cdc_pntr.rd_pntr_cdc_inst/src_gray_ff_reg[4]} {i_system_wrapper/system_i/fifo_dac_ch_0/inst/fifo_dac_i1/xpm_fifo_async_inst/gnuram_async_fifo.xpm_fifo_base_inst/gen_cdc_pntr.rd_pntr_cdc_inst/src_gray_ff_reg[5]} {i_system_wrapper/system_i/fifo_dac_ch_0/inst/fifo_dac_i1/xpm_fifo_async_inst/gnuram_async_fifo.xpm_fifo_base_inst/gen_cdc_pntr.rd_pntr_cdc_inst/src_gray_ff_reg[6]} {i_system_wrapper/system_i/fifo_dac_ch_0/inst/fifo_dac_i1/xpm_fifo_async_inst/gnuram_async_fifo.xpm_fifo_base_inst/gen_cdc_pntr.rd_pntr_cdc_inst/src_gray_ff_reg[7]} {i_system_wrapper/system_i/fifo_dac_ch_0/inst/fifo_dac_i1/xpm_fifo_async_inst/gnuram_async_fifo.xpm_fifo_base_inst/gen_cdc_pntr.rd_pntr_cdc_inst/src_gray_ff_reg[8]} {i_system_wrapper/system_i/fifo_dac_ch_0/inst/fifo_dac_i1/xpm_fifo_async_inst/gnuram_async_fifo.xpm_fifo_base_inst/gen_cdc_pntr.rd_pntr_cdc_inst/src_gray_ff_reg[9]}]]
                                              [get_cells [list {i_system_wrapper/system_i/fifo_dac_ch_0/inst/fifo_dac_i1/xpm_fifo_async_inst/gnuram_async_fifo.xpm_fifo_base_inst/gen_cdc_pntr.rd_pntr_cdc_inst/dest_graysync_ff_reg[0][0]} {i_system_wrapper/system_i/fifo_dac_ch_0/inst/fifo_dac_i1/xpm_fifo_async_inst/gnuram_async_fifo.xpm_fifo_base_inst/gen_cdc_pntr.rd_pntr_cdc_inst/dest_graysync_ff_reg[0][1]} {i_system_wrapper/system_i/fifo_dac_ch_0/inst/fifo_dac_i1/xpm_fifo_async_inst/gnuram_async_fifo.xpm_fifo_base_inst/gen_cdc_pntr.rd_pntr_cdc_inst/dest_graysync_ff_reg[0][2]} {i_system_wrapper/system_i/fifo_dac_ch_0/inst/fifo_dac_i1/xpm_fifo_async_inst/gnuram_async_fifo.xpm_fifo_base_inst/gen_cdc_pntr.rd_pntr_cdc_inst/dest_graysync_ff_reg[0][3]} {i_system_wrapper/system_i/fifo_dac_ch_0/inst/fifo_dac_i1/xpm_fifo_async_inst/gnuram_async_fifo.xpm_fifo_base_inst/gen_cdc_pntr.rd_pntr_cdc_inst/dest_graysync_ff_reg[0][4]} {i_system_wrapper/system_i/fifo_dac_ch_0/inst/fifo_dac_i1/xpm_fifo_async_inst/gnuram_async_fifo.xpm_fifo_base_inst/gen_cdc_pntr.rd_pntr_cdc_inst/dest_graysync_ff_reg[0][5]} {i_system_wrapper/system_i/fifo_dac_ch_0/inst/fifo_dac_i1/xpm_fifo_async_inst/gnuram_async_fifo.xpm_fifo_base_inst/gen_cdc_pntr.rd_pntr_cdc_inst/dest_graysync_ff_reg[0][6]} {i_system_wrapper/system_i/fifo_dac_ch_0/inst/fifo_dac_i1/xpm_fifo_async_inst/gnuram_async_fifo.xpm_fifo_base_inst/gen_cdc_pntr.rd_pntr_cdc_inst/dest_graysync_ff_reg[0][7]} {i_system_wrapper/system_i/fifo_dac_ch_0/inst/fifo_dac_i1/xpm_fifo_async_inst/gnuram_async_fifo.xpm_fifo_base_inst/gen_cdc_pntr.rd_pntr_cdc_inst/dest_graysync_ff_reg[0][8]} {i_system_wrapper/system_i/fifo_dac_ch_0/inst/fifo_dac_i1/xpm_fifo_async_inst/gnuram_async_fifo.xpm_fifo_base_inst/gen_cdc_pntr.rd_pntr_cdc_inst/dest_graysync_ff_reg[0][9]}]]
                                                                              Slow              4.000       0.578      3.422
2   38        [get_cells [list {i_system_wrapper/system_i/fifo_dac_ch_0/inst/fifo_dac_i0/xpm_fifo_async_inst/gnuram_async_fifo.xpm_fifo_base_inst/gen_cdc_pntr.wr_pntr_cdc_inst/src_gray_ff_reg[0]} {i_system_wrapper/system_i/fifo_dac_ch_0/inst/fifo_dac_i0/xpm_fifo_async_inst/gnuram_async_fifo.xpm_fifo_base_inst/gen_cdc_pntr.wr_pntr_cdc_inst/src_gray_ff_reg[1]} {i_system_wrapper/system_i/fifo_dac_ch_0/inst/fifo_dac_i0/xpm_fifo_async_inst/gnuram_async_fifo.xpm_fifo_base_inst/gen_cdc_pntr.wr_pntr_cdc_inst/src_gray_ff_reg[2]} {i_system_wrapper/system_i/fifo_dac_ch_0/inst/fifo_dac_i0/xpm_fifo_async_inst/gnuram_async_fifo.xpm_fifo_base_inst/gen_cdc_pntr.wr_pntr_cdc_inst/src_gray_ff_reg[3]} {i_system_wrapper/system_i/fifo_dac_ch_0/inst/fifo_dac_i0/xpm_fifo_async_inst/gnuram_async_fifo.xpm_fifo_base_inst/gen_cdc_pntr.wr_pntr_cdc_inst/src_gray_ff_reg[4]} {i_system_wrapper/system_i/fifo_dac_ch_0/inst/fifo_dac_i0/xpm_fifo_async_inst/gnuram_async_fifo.xpm_fifo_base_inst/gen_cdc_pntr.wr_pntr_cdc_inst/src_gray_ff_reg[5]} {i_system_wrapper/system_i/fifo_dac_ch_0/inst/fifo_dac_i0/xpm_fifo_async_inst/gnuram_async_fifo.xpm_fifo_base_inst/gen_cdc_pntr.wr_pntr_cdc_inst/src_gray_ff_reg[6]} {i_system_wrapper/system_i/fifo_dac_ch_0/inst/fifo_dac_i0/xpm_fifo_async_inst/gnuram_async_fifo.xpm_fifo_base_inst/gen_cdc_pntr.wr_pntr_cdc_inst/src_gray_ff_reg[7]} {i_system_wrapper/system_i/fifo_dac_ch_0/inst/fifo_dac_i0/xpm_fifo_async_inst/gnuram_async_fifo.xpm_fifo_base_inst/gen_cdc_pntr.wr_pntr_cdc_inst/src_gray_ff_reg[8]} {i_system_wrapper/system_i/fifo_dac_ch_0/inst/fifo_dac_i0/xpm_fifo_async_inst/gnuram_async_fifo.xpm_fifo_base_inst/gen_cdc_pntr.wr_pntr_cdc_inst/src_gray_ff_reg[9]}]]
                                              [get_cells [list {i_system_wrapper/system_i/fifo_dac_ch_0/inst/fifo_dac_i0/xpm_fifo_async_inst/gnuram_async_fifo.xpm_fifo_base_inst/gen_cdc_pntr.wr_pntr_cdc_inst/dest_graysync_ff_reg[0][0]} {i_system_wrapper/system_i/fifo_dac_ch_0/inst/fifo_dac_i0/xpm_fifo_async_inst/gnuram_async_fifo.xpm_fifo_base_inst/gen_cdc_pntr.wr_pntr_cdc_inst/dest_graysync_ff_reg[0][1]} {i_system_wrapper/system_i/fifo_dac_ch_0/inst/fifo_dac_i0/xpm_fifo_async_inst/gnuram_async_fifo.xpm_fifo_base_inst/gen_cdc_pntr.wr_pntr_cdc_inst/dest_graysync_ff_reg[0][2]} {i_system_wrapper/system_i/fifo_dac_ch_0/inst/fifo_dac_i0/xpm_fifo_async_inst/gnuram_async_fifo.xpm_fifo_base_inst/gen_cdc_pntr.wr_pntr_cdc_inst/dest_graysync_ff_reg[0][3]} {i_system_wrapper/system_i/fifo_dac_ch_0/inst/fifo_dac_i0/xpm_fifo_async_inst/gnuram_async_fifo.xpm_fifo_base_inst/gen_cdc_pntr.wr_pntr_cdc_inst/dest_graysync_ff_reg[0][4]} {i_system_wrapper/system_i/fifo_dac_ch_0/inst/fifo_dac_i0/xpm_fifo_async_inst/gnuram_async_fifo.xpm_fifo_base_inst/gen_cdc_pntr.wr_pntr_cdc_inst/dest_graysync_ff_reg[0][5]} {i_system_wrapper/system_i/fifo_dac_ch_0/inst/fifo_dac_i0/xpm_fifo_async_inst/gnuram_async_fifo.xpm_fifo_base_inst/gen_cdc_pntr.wr_pntr_cdc_inst/dest_graysync_ff_reg[0][6]} {i_system_wrapper/system_i/fifo_dac_ch_0/inst/fifo_dac_i0/xpm_fifo_async_inst/gnuram_async_fifo.xpm_fifo_base_inst/gen_cdc_pntr.wr_pntr_cdc_inst/dest_graysync_ff_reg[0][7]} {i_system_wrapper/system_i/fifo_dac_ch_0/inst/fifo_dac_i0/xpm_fifo_async_inst/gnuram_async_fifo.xpm_fifo_base_inst/gen_cdc_pntr.wr_pntr_cdc_inst/dest_graysync_ff_reg[0][8]} {i_system_wrapper/system_i/fifo_dac_ch_0/inst/fifo_dac_i0/xpm_fifo_async_inst/gnuram_async_fifo.xpm_fifo_base_inst/gen_cdc_pntr.wr_pntr_cdc_inst/dest_graysync_ff_reg[0][9]}]]
                                                                              Slow              4.000       0.548      3.452
3   40        [get_cells [list {i_system_wrapper/system_i/fifo_dac_ch_0/inst/fifo_dac_i0/xpm_fifo_async_inst/gnuram_async_fifo.xpm_fifo_base_inst/gen_cdc_pntr.rd_pntr_cdc_inst/src_gray_ff_reg[0]} {i_system_wrapper/system_i/fifo_dac_ch_0/inst/fifo_dac_i0/xpm_fifo_async_inst/gnuram_async_fifo.xpm_fifo_base_inst/gen_cdc_pntr.rd_pntr_cdc_inst/src_gray_ff_reg[1]} {i_system_wrapper/system_i/fifo_dac_ch_0/inst/fifo_dac_i0/xpm_fifo_async_inst/gnuram_async_fifo.xpm_fifo_base_inst/gen_cdc_pntr.rd_pntr_cdc_inst/src_gray_ff_reg[2]} {i_system_wrapper/system_i/fifo_dac_ch_0/inst/fifo_dac_i0/xpm_fifo_async_inst/gnuram_async_fifo.xpm_fifo_base_inst/gen_cdc_pntr.rd_pntr_cdc_inst/src_gray_ff_reg[3]} {i_system_wrapper/system_i/fifo_dac_ch_0/inst/fifo_dac_i0/xpm_fifo_async_inst/gnuram_async_fifo.xpm_fifo_base_inst/gen_cdc_pntr.rd_pntr_cdc_inst/src_gray_ff_reg[4]} {i_system_wrapper/system_i/fifo_dac_ch_0/inst/fifo_dac_i0/xpm_fifo_async_inst/gnuram_async_fifo.xpm_fifo_base_inst/gen_cdc_pntr.rd_pntr_cdc_inst/src_gray_ff_reg[5]} {i_system_wrapper/system_i/fifo_dac_ch_0/inst/fifo_dac_i0/xpm_fifo_async_inst/gnuram_async_fifo.xpm_fifo_base_inst/gen_cdc_pntr.rd_pntr_cdc_inst/src_gray_ff_reg[6]} {i_system_wrapper/system_i/fifo_dac_ch_0/inst/fifo_dac_i0/xpm_fifo_async_inst/gnuram_async_fifo.xpm_fifo_base_inst/gen_cdc_pntr.rd_pntr_cdc_inst/src_gray_ff_reg[7]} {i_system_wrapper/system_i/fifo_dac_ch_0/inst/fifo_dac_i0/xpm_fifo_async_inst/gnuram_async_fifo.xpm_fifo_base_inst/gen_cdc_pntr.rd_pntr_cdc_inst/src_gray_ff_reg[8]} {i_system_wrapper/system_i/fifo_dac_ch_0/inst/fifo_dac_i0/xpm_fifo_async_inst/gnuram_async_fifo.xpm_fifo_base_inst/gen_cdc_pntr.rd_pntr_cdc_inst/src_gray_ff_reg[9]}]]
                                              [get_cells [list {i_system_wrapper/system_i/fifo_dac_ch_0/inst/fifo_dac_i0/xpm_fifo_async_inst/gnuram_async_fifo.xpm_fifo_base_inst/gen_cdc_pntr.rd_pntr_cdc_inst/dest_graysync_ff_reg[0][0]} {i_system_wrapper/system_i/fifo_dac_ch_0/inst/fifo_dac_i0/xpm_fifo_async_inst/gnuram_async_fifo.xpm_fifo_base_inst/gen_cdc_pntr.rd_pntr_cdc_inst/dest_graysync_ff_reg[0][1]} {i_system_wrapper/system_i/fifo_dac_ch_0/inst/fifo_dac_i0/xpm_fifo_async_inst/gnuram_async_fifo.xpm_fifo_base_inst/gen_cdc_pntr.rd_pntr_cdc_inst/dest_graysync_ff_reg[0][2]} {i_system_wrapper/system_i/fifo_dac_ch_0/inst/fifo_dac_i0/xpm_fifo_async_inst/gnuram_async_fifo.xpm_fifo_base_inst/gen_cdc_pntr.rd_pntr_cdc_inst/dest_graysync_ff_reg[0][3]} {i_system_wrapper/system_i/fifo_dac_ch_0/inst/fifo_dac_i0/xpm_fifo_async_inst/gnuram_async_fifo.xpm_fifo_base_inst/gen_cdc_pntr.rd_pntr_cdc_inst/dest_graysync_ff_reg[0][4]} {i_system_wrapper/system_i/fifo_dac_ch_0/inst/fifo_dac_i0/xpm_fifo_async_inst/gnuram_async_fifo.xpm_fifo_base_inst/gen_cdc_pntr.rd_pntr_cdc_inst/dest_graysync_ff_reg[0][5]} {i_system_wrapper/system_i/fifo_dac_ch_0/inst/fifo_dac_i0/xpm_fifo_async_inst/gnuram_async_fifo.xpm_fifo_base_inst/gen_cdc_pntr.rd_pntr_cdc_inst/dest_graysync_ff_reg[0][6]} {i_system_wrapper/system_i/fifo_dac_ch_0/inst/fifo_dac_i0/xpm_fifo_async_inst/gnuram_async_fifo.xpm_fifo_base_inst/gen_cdc_pntr.rd_pntr_cdc_inst/dest_graysync_ff_reg[0][7]} {i_system_wrapper/system_i/fifo_dac_ch_0/inst/fifo_dac_i0/xpm_fifo_async_inst/gnuram_async_fifo.xpm_fifo_base_inst/gen_cdc_pntr.rd_pntr_cdc_inst/dest_graysync_ff_reg[0][8]} {i_system_wrapper/system_i/fifo_dac_ch_0/inst/fifo_dac_i0/xpm_fifo_async_inst/gnuram_async_fifo.xpm_fifo_base_inst/gen_cdc_pntr.rd_pntr_cdc_inst/dest_graysync_ff_reg[0][9]}]]
                                                                              Slow              4.000       0.650      3.350
4   42        [get_cells [list {i_system_wrapper/system_i/fifo_dac_ch_0/inst/fifo_dac_i1/xpm_fifo_async_inst/gnuram_async_fifo.xpm_fifo_base_inst/gen_cdc_pntr.wr_pntr_cdc_inst/src_gray_ff_reg[0]} {i_system_wrapper/system_i/fifo_dac_ch_0/inst/fifo_dac_i1/xpm_fifo_async_inst/gnuram_async_fifo.xpm_fifo_base_inst/gen_cdc_pntr.wr_pntr_cdc_inst/src_gray_ff_reg[1]} {i_system_wrapper/system_i/fifo_dac_ch_0/inst/fifo_dac_i1/xpm_fifo_async_inst/gnuram_async_fifo.xpm_fifo_base_inst/gen_cdc_pntr.wr_pntr_cdc_inst/src_gray_ff_reg[2]} {i_system_wrapper/system_i/fifo_dac_ch_0/inst/fifo_dac_i1/xpm_fifo_async_inst/gnuram_async_fifo.xpm_fifo_base_inst/gen_cdc_pntr.wr_pntr_cdc_inst/src_gray_ff_reg[3]} {i_system_wrapper/system_i/fifo_dac_ch_0/inst/fifo_dac_i1/xpm_fifo_async_inst/gnuram_async_fifo.xpm_fifo_base_inst/gen_cdc_pntr.wr_pntr_cdc_inst/src_gray_ff_reg[4]} {i_system_wrapper/system_i/fifo_dac_ch_0/inst/fifo_dac_i1/xpm_fifo_async_inst/gnuram_async_fifo.xpm_fifo_base_inst/gen_cdc_pntr.wr_pntr_cdc_inst/src_gray_ff_reg[5]} {i_system_wrapper/system_i/fifo_dac_ch_0/inst/fifo_dac_i1/xpm_fifo_async_inst/gnuram_async_fifo.xpm_fifo_base_inst/gen_cdc_pntr.wr_pntr_cdc_inst/src_gray_ff_reg[6]} {i_system_wrapper/system_i/fifo_dac_ch_0/inst/fifo_dac_i1/xpm_fifo_async_inst/gnuram_async_fifo.xpm_fifo_base_inst/gen_cdc_pntr.wr_pntr_cdc_inst/src_gray_ff_reg[7]} {i_system_wrapper/system_i/fifo_dac_ch_0/inst/fifo_dac_i1/xpm_fifo_async_inst/gnuram_async_fifo.xpm_fifo_base_inst/gen_cdc_pntr.wr_pntr_cdc_inst/src_gray_ff_reg[8]} {i_system_wrapper/system_i/fifo_dac_ch_0/inst/fifo_dac_i1/xpm_fifo_async_inst/gnuram_async_fifo.xpm_fifo_base_inst/gen_cdc_pntr.wr_pntr_cdc_inst/src_gray_ff_reg[9]}]]
                                              [get_cells [list {i_system_wrapper/system_i/fifo_dac_ch_0/inst/fifo_dac_i1/xpm_fifo_async_inst/gnuram_async_fifo.xpm_fifo_base_inst/gen_cdc_pntr.wr_pntr_cdc_inst/dest_graysync_ff_reg[0][0]} {i_system_wrapper/system_i/fifo_dac_ch_0/inst/fifo_dac_i1/xpm_fifo_async_inst/gnuram_async_fifo.xpm_fifo_base_inst/gen_cdc_pntr.wr_pntr_cdc_inst/dest_graysync_ff_reg[0][1]} {i_system_wrapper/system_i/fifo_dac_ch_0/inst/fifo_dac_i1/xpm_fifo_async_inst/gnuram_async_fifo.xpm_fifo_base_inst/gen_cdc_pntr.wr_pntr_cdc_inst/dest_graysync_ff_reg[0][2]} {i_system_wrapper/system_i/fifo_dac_ch_0/inst/fifo_dac_i1/xpm_fifo_async_inst/gnuram_async_fifo.xpm_fifo_base_inst/gen_cdc_pntr.wr_pntr_cdc_inst/dest_graysync_ff_reg[0][3]} {i_system_wrapper/system_i/fifo_dac_ch_0/inst/fifo_dac_i1/xpm_fifo_async_inst/gnuram_async_fifo.xpm_fifo_base_inst/gen_cdc_pntr.wr_pntr_cdc_inst/dest_graysync_ff_reg[0][4]} {i_system_wrapper/system_i/fifo_dac_ch_0/inst/fifo_dac_i1/xpm_fifo_async_inst/gnuram_async_fifo.xpm_fifo_base_inst/gen_cdc_pntr.wr_pntr_cdc_inst/dest_graysync_ff_reg[0][5]} {i_system_wrapper/system_i/fifo_dac_ch_0/inst/fifo_dac_i1/xpm_fifo_async_inst/gnuram_async_fifo.xpm_fifo_base_inst/gen_cdc_pntr.wr_pntr_cdc_inst/dest_graysync_ff_reg[0][6]} {i_system_wrapper/system_i/fifo_dac_ch_0/inst/fifo_dac_i1/xpm_fifo_async_inst/gnuram_async_fifo.xpm_fifo_base_inst/gen_cdc_pntr.wr_pntr_cdc_inst/dest_graysync_ff_reg[0][7]} {i_system_wrapper/system_i/fifo_dac_ch_0/inst/fifo_dac_i1/xpm_fifo_async_inst/gnuram_async_fifo.xpm_fifo_base_inst/gen_cdc_pntr.wr_pntr_cdc_inst/dest_graysync_ff_reg[0][8]} {i_system_wrapper/system_i/fifo_dac_ch_0/inst/fifo_dac_i1/xpm_fifo_async_inst/gnuram_async_fifo.xpm_fifo_base_inst/gen_cdc_pntr.wr_pntr_cdc_inst/dest_graysync_ff_reg[0][9]}]]
                                                                              Slow              4.000       0.593      3.407


2. Bus Skew Report Per Constraint
---------------------------------

Id: 1
set_bus_skew -from [get_cells [list {i_system_wrapper/system_i/fifo_dac_ch_0/inst/fifo_dac_i1/xpm_fifo_async_inst/gnuram_async_fifo.xpm_fifo_base_inst/gen_cdc_pntr.rd_pntr_cdc_inst/src_gray_ff_reg[0]} {i_system_wrapper/system_i/fifo_dac_ch_0/inst/fifo_dac_i1/xpm_fifo_async_inst/gnuram_async_fifo.xpm_fifo_base_inst/gen_cdc_pntr.rd_pntr_cdc_inst/src_gray_ff_reg[1]} {i_system_wrapper/system_i/fifo_dac_ch_0/inst/fifo_dac_i1/xpm_fifo_async_inst/gnuram_async_fifo.xpm_fifo_base_inst/gen_cdc_pntr.rd_pntr_cdc_inst/src_gray_ff_reg[2]} {i_system_wrapper/system_i/fifo_dac_ch_0/inst/fifo_dac_i1/xpm_fifo_async_inst/gnuram_async_fifo.xpm_fifo_base_inst/gen_cdc_pntr.rd_pntr_cdc_inst/src_gray_ff_reg[3]} {i_system_wrapper/system_i/fifo_dac_ch_0/inst/fifo_dac_i1/xpm_fifo_async_inst/gnuram_async_fifo.xpm_fifo_base_inst/gen_cdc_pntr.rd_pntr_cdc_inst/src_gray_ff_reg[4]} {i_system_wrapper/system_i/fifo_dac_ch_0/inst/fifo_dac_i1/xpm_fifo_async_inst/gnuram_async_fifo.xpm_fifo_base_inst/gen_cdc_pntr.rd_pntr_cdc_inst/src_gray_ff_reg[5]} {i_system_wrapper/system_i/fifo_dac_ch_0/inst/fifo_dac_i1/xpm_fifo_async_inst/gnuram_async_fifo.xpm_fifo_base_inst/gen_cdc_pntr.rd_pntr_cdc_inst/src_gray_ff_reg[6]} {i_system_wrapper/system_i/fifo_dac_ch_0/inst/fifo_dac_i1/xpm_fifo_async_inst/gnuram_async_fifo.xpm_fifo_base_inst/gen_cdc_pntr.rd_pntr_cdc_inst/src_gray_ff_reg[7]} {i_system_wrapper/system_i/fifo_dac_ch_0/inst/fifo_dac_i1/xpm_fifo_async_inst/gnuram_async_fifo.xpm_fifo_base_inst/gen_cdc_pntr.rd_pntr_cdc_inst/src_gray_ff_reg[8]} {i_system_wrapper/system_i/fifo_dac_ch_0/inst/fifo_dac_i1/xpm_fifo_async_inst/gnuram_async_fifo.xpm_fifo_base_inst/gen_cdc_pntr.rd_pntr_cdc_inst/src_gray_ff_reg[9]}]] -to [get_cells [list {i_system_wrapper/system_i/fifo_dac_ch_0/inst/fifo_dac_i1/xpm_fifo_async_inst/gnuram_async_fifo.xpm_fifo_base_inst/gen_cdc_pntr.rd_pntr_cdc_inst/dest_graysync_ff_reg[0][0]} {i_system_wrapper/system_i/fifo_dac_ch_0/inst/fifo_dac_i1/xpm_fifo_async_inst/gnuram_async_fifo.xpm_fifo_base_inst/gen_cdc_pntr.rd_pntr_cdc_inst/dest_graysync_ff_reg[0][1]} {i_system_wrapper/system_i/fifo_dac_ch_0/inst/fifo_dac_i1/xpm_fifo_async_inst/gnuram_async_fifo.xpm_fifo_base_inst/gen_cdc_pntr.rd_pntr_cdc_inst/dest_graysync_ff_reg[0][2]} {i_system_wrapper/system_i/fifo_dac_ch_0/inst/fifo_dac_i1/xpm_fifo_async_inst/gnuram_async_fifo.xpm_fifo_base_inst/gen_cdc_pntr.rd_pntr_cdc_inst/dest_graysync_ff_reg[0][3]} {i_system_wrapper/system_i/fifo_dac_ch_0/inst/fifo_dac_i1/xpm_fifo_async_inst/gnuram_async_fifo.xpm_fifo_base_inst/gen_cdc_pntr.rd_pntr_cdc_inst/dest_graysync_ff_reg[0][4]} {i_system_wrapper/system_i/fifo_dac_ch_0/inst/fifo_dac_i1/xpm_fifo_async_inst/gnuram_async_fifo.xpm_fifo_base_inst/gen_cdc_pntr.rd_pntr_cdc_inst/dest_graysync_ff_reg[0][5]} {i_system_wrapper/system_i/fifo_dac_ch_0/inst/fifo_dac_i1/xpm_fifo_async_inst/gnuram_async_fifo.xpm_fifo_base_inst/gen_cdc_pntr.rd_pntr_cdc_inst/dest_graysync_ff_reg[0][6]} {i_system_wrapper/system_i/fifo_dac_ch_0/inst/fifo_dac_i1/xpm_fifo_async_inst/gnuram_async_fifo.xpm_fifo_base_inst/gen_cdc_pntr.rd_pntr_cdc_inst/dest_graysync_ff_reg[0][7]} {i_system_wrapper/system_i/fifo_dac_ch_0/inst/fifo_dac_i1/xpm_fifo_async_inst/gnuram_async_fifo.xpm_fifo_base_inst/gen_cdc_pntr.rd_pntr_cdc_inst/dest_graysync_ff_reg[0][8]} {i_system_wrapper/system_i/fifo_dac_ch_0/inst/fifo_dac_i1/xpm_fifo_async_inst/gnuram_async_fifo.xpm_fifo_base_inst/gen_cdc_pntr.rd_pntr_cdc_inst/dest_graysync_ff_reg[0][9]}]] 4.000
Requirement: 4.000ns
Endpoints: 10

From Clock            To Clock              Endpoint Pin                    Reference Pin                   Corner  Actual(ns)  Slack(ns)
--------------------  --------------------  ------------------------------  ------------------------------  ------  ----------  ---------
mmcm_clk_1_s          adc_clk_in            i_system_wrapper/system_i/fifo_dac_ch_0/inst/fifo_dac_i1/xpm_fifo_async_inst/gnuram_async_fifo.xpm_fifo_base_inst/gen_cdc_pntr.rd_pntr_cdc_inst/dest_graysync_ff_reg[0][9]/D
                                                                            i_system_wrapper/system_i/fifo_dac_ch_0/inst/fifo_dac_i1/xpm_fifo_async_inst/gnuram_async_fifo.xpm_fifo_base_inst/gen_cdc_pntr.rd_pntr_cdc_inst/dest_graysync_ff_reg[0][6]/D
                                                                                                            Slow         0.578      3.422


Slack (MET) :             3.422ns  (requirement - actual skew)
  Endpoint Source:        i_system_wrapper/system_i/fifo_dac_ch_0/inst/fifo_dac_i1/xpm_fifo_async_inst/gnuram_async_fifo.xpm_fifo_base_inst/gen_cdc_pntr.rd_pntr_cdc_inst/src_gray_ff_reg[9]/C
                            (rising edge-triggered cell FDRE clocked by mmcm_clk_1_s)
  Endpoint Destination:   i_system_wrapper/system_i/fifo_dac_ch_0/inst/fifo_dac_i1/xpm_fifo_async_inst/gnuram_async_fifo.xpm_fifo_base_inst/gen_cdc_pntr.rd_pntr_cdc_inst/dest_graysync_ff_reg[0][9]/D
                            (rising edge-triggered cell FDRE clocked by adc_clk_in)
  Reference Source:       i_system_wrapper/system_i/fifo_dac_ch_0/inst/fifo_dac_i1/xpm_fifo_async_inst/gnuram_async_fifo.xpm_fifo_base_inst/gen_cdc_pntr.rd_pntr_cdc_inst/src_gray_ff_reg[6]/C
                            (rising edge-triggered cell FDRE clocked by mmcm_clk_1_s)
  Reference Destination:  i_system_wrapper/system_i/fifo_dac_ch_0/inst/fifo_dac_i1/xpm_fifo_async_inst/gnuram_async_fifo.xpm_fifo_base_inst/gen_cdc_pntr.rd_pntr_cdc_inst/dest_graysync_ff_reg[0][6]/D
                            (rising edge-triggered cell FDRE clocked by adc_clk_in)
  Path Type:              Bus Skew (Max at Slow Process Corner)
  Requirement:            4.000ns
  Endpoint Relative Delay:   -5.381ns
  Reference Relative Delay:  -5.491ns
  Relative CRPR:             -0.317ns
  Uncertainty:                0.151ns
  Actual Bus Skew:            0.578ns  (Endpoint Relative Delay - Reference Relative Delay - Relative CRPR + Uncertainty)

Endpoint path:
    Location             Delay type                Incr(ns)  Path(ns)    Netlist Resource(s)
  -------------------------------------------------------------------    -------------------
                         (clock mmcm_clk_1_s rise edge)
                                                      0.000     0.000 r  
    AG17                                              0.000     0.000 r  dac_clk_in_p (IN)
                         net (fo=0)                   0.000     0.000    i_system_wrapper/system_i/axi_ad9122_0/inst/i_if/i_serdes_clk/dac_clk_in_p
    AG17                 IBUFDS (Prop_ibufds_I_O)     0.810     0.810 r  i_system_wrapper/system_i/axi_ad9122_0/inst/i_if/i_serdes_clk/i_clk_in_ibuf/O
                         net (fo=1, routed)           1.081     1.891    i_system_wrapper/system_i/axi_ad9122_0/inst/i_if/i_serdes_clk/i_mmcm_drp/clk_in_s
    MMCME2_ADV_X0Y1      MMCME2_ADV (Prop_mmcme2_adv_CLKIN1_CLKOUT1)
                                                     -7.561    -5.670 r  i_system_wrapper/system_i/axi_ad9122_0/inst/i_if/i_serdes_clk/i_mmcm_drp/i_mmcm/CLKOUT1
                         net (fo=1, routed)           1.823    -3.847    i_system_wrapper/system_i/axi_ad9122_0/inst/i_if/i_serdes_clk/i_mmcm_drp/mmcm_clk_1_s
    BUFGCTRL_X0Y0        BUFG (Prop_bufg_I_O)         0.093    -3.754 r  i_system_wrapper/system_i/axi_ad9122_0/inst/i_if/i_serdes_clk/i_mmcm_drp/i_clk_1_bufg/O
                         net (fo=6597, routed)        1.321    -2.433    i_system_wrapper/system_i/fifo_dac_ch_0/inst/fifo_dac_i1/xpm_fifo_async_inst/gnuram_async_fifo.xpm_fifo_base_inst/gen_cdc_pntr.rd_pntr_cdc_inst/src_clk
    SLICE_X17Y145        FDRE                                         r  i_system_wrapper/system_i/fifo_dac_ch_0/inst/fifo_dac_i1/xpm_fifo_async_inst/gnuram_async_fifo.xpm_fifo_base_inst/gen_cdc_pntr.rd_pntr_cdc_inst/src_gray_ff_reg[9]/C
  -------------------------------------------------------------------    -------------------
    SLICE_X17Y145        FDRE (Prop_fdre_C_Q)         0.223    -2.210 r  i_system_wrapper/system_i/fifo_dac_ch_0/inst/fifo_dac_i1/xpm_fifo_async_inst/gnuram_async_fifo.xpm_fifo_base_inst/gen_cdc_pntr.rd_pntr_cdc_inst/src_gray_ff_reg[9]/Q
                         net (fo=1, routed)           0.378    -1.832    i_system_wrapper/system_i/fifo_dac_ch_0/inst/fifo_dac_i1/xpm_fifo_async_inst/gnuram_async_fifo.xpm_fifo_base_inst/gen_cdc_pntr.rd_pntr_cdc_inst/async_path[9]
    SLICE_X17Y146        FDRE                                         r  i_system_wrapper/system_i/fifo_dac_ch_0/inst/fifo_dac_i1/xpm_fifo_async_inst/gnuram_async_fifo.xpm_fifo_base_inst/gen_cdc_pntr.rd_pntr_cdc_inst/dest_graysync_ff_reg[0][9]/D
  -------------------------------------------------------------------    -------------------

                         (clock adc_clk_in rise edge)
                                                      0.000     0.000 r  
    AC28                                              0.000     0.000 r  adc_clk_in_p (IN)
                         net (fo=0)                   0.000     0.000    i_system_wrapper/system_i/axi_ad9643_0/inst/i_if/i_adc_clk/adc_clk_in_p
    AC28                 IBUFDS (Prop_ibufds_I_O)     0.753     0.753 r  i_system_wrapper/system_i/axi_ad9643_0/inst/i_if/i_adc_clk/i_rx_clk_ibuf/O
                         net (fo=1, routed)           1.535     2.288    i_system_wrapper/system_i/axi_ad9643_0/inst/i_if/i_adc_clk/clk_ibuf_s
    BUFGCTRL_X0Y17       BUFG (Prop_bufg_I_O)         0.083     2.371 r  i_system_wrapper/system_i/axi_ad9643_0/inst/i_if/i_adc_clk/i_clk_gbuf/O
                         net (fo=1493, routed)        1.187     3.558    i_system_wrapper/system_i/fifo_dac_ch_0/inst/fifo_dac_i1/xpm_fifo_async_inst/gnuram_async_fifo.xpm_fifo_base_inst/gen_cdc_pntr.rd_pntr_cdc_inst/dest_clk
    SLICE_X17Y146        FDRE                                         r  i_system_wrapper/system_i/fifo_dac_ch_0/inst/fifo_dac_i1/xpm_fifo_async_inst/gnuram_async_fifo.xpm_fifo_base_inst/gen_cdc_pntr.rd_pntr_cdc_inst/dest_graysync_ff_reg[0][9]/C
                         clock pessimism              0.000     3.558    
    SLICE_X17Y146        FDRE (Setup_fdre_C_D)       -0.009     3.549    i_system_wrapper/system_i/fifo_dac_ch_0/inst/fifo_dac_i1/xpm_fifo_async_inst/gnuram_async_fifo.xpm_fifo_base_inst/gen_cdc_pntr.rd_pntr_cdc_inst/dest_graysync_ff_reg[0][9]
  -------------------------------------------------------------------
                         data arrival                          -1.832    
                         clock arrival                          3.549    
  -------------------------------------------------------------------
                         relative delay                        -5.381    

Reference path:
    Location             Delay type                Incr(ns)  Path(ns)    Netlist Resource(s)
  -------------------------------------------------------------------    -------------------
                         (clock mmcm_clk_1_s rise edge)
                                                      0.000     0.000 r  
    AG17                                              0.000     0.000 r  dac_clk_in_p (IN)
                         net (fo=0)                   0.000     0.000    i_system_wrapper/system_i/axi_ad9122_0/inst/i_if/i_serdes_clk/dac_clk_in_p
    AG17                 IBUFDS (Prop_ibufds_I_O)     0.733     0.733 r  i_system_wrapper/system_i/axi_ad9122_0/inst/i_if/i_serdes_clk/i_clk_in_ibuf/O
                         net (fo=1, routed)           0.986     1.719    i_system_wrapper/system_i/axi_ad9122_0/inst/i_if/i_serdes_clk/i_mmcm_drp/clk_in_s
    MMCME2_ADV_X0Y1      MMCME2_ADV (Prop_mmcme2_adv_CLKIN1_CLKOUT1)
                                                     -6.534    -4.815 r  i_system_wrapper/system_i/axi_ad9122_0/inst/i_if/i_serdes_clk/i_mmcm_drp/i_mmcm/CLKOUT1
                         net (fo=1, routed)           1.698    -3.117    i_system_wrapper/system_i/axi_ad9122_0/inst/i_if/i_serdes_clk/i_mmcm_drp/mmcm_clk_1_s
    BUFGCTRL_X0Y0        BUFG (Prop_bufg_I_O)         0.083    -3.034 r  i_system_wrapper/system_i/axi_ad9122_0/inst/i_if/i_serdes_clk/i_mmcm_drp/i_clk_1_bufg/O
                         net (fo=6597, routed)        1.187    -1.847    i_system_wrapper/system_i/fifo_dac_ch_0/inst/fifo_dac_i1/xpm_fifo_async_inst/gnuram_async_fifo.xpm_fifo_base_inst/gen_cdc_pntr.rd_pntr_cdc_inst/src_clk
    SLICE_X15Y145        FDRE                                         r  i_system_wrapper/system_i/fifo_dac_ch_0/inst/fifo_dac_i1/xpm_fifo_async_inst/gnuram_async_fifo.xpm_fifo_base_inst/gen_cdc_pntr.rd_pntr_cdc_inst/src_gray_ff_reg[6]/C
  -------------------------------------------------------------------    -------------------
    SLICE_X15Y145        FDRE (Prop_fdre_C_Q)         0.178    -1.669 r  i_system_wrapper/system_i/fifo_dac_ch_0/inst/fifo_dac_i1/xpm_fifo_async_inst/gnuram_async_fifo.xpm_fifo_base_inst/gen_cdc_pntr.rd_pntr_cdc_inst/src_gray_ff_reg[6]/Q
                         net (fo=1, routed)           0.231    -1.438    i_system_wrapper/system_i/fifo_dac_ch_0/inst/fifo_dac_i1/xpm_fifo_async_inst/gnuram_async_fifo.xpm_fifo_base_inst/gen_cdc_pntr.rd_pntr_cdc_inst/async_path[6]
    SLICE_X16Y145        FDRE                                         r  i_system_wrapper/system_i/fifo_dac_ch_0/inst/fifo_dac_i1/xpm_fifo_async_inst/gnuram_async_fifo.xpm_fifo_base_inst/gen_cdc_pntr.rd_pntr_cdc_inst/dest_graysync_ff_reg[0][6]/D
  -------------------------------------------------------------------    -------------------

                         (clock adc_clk_in rise edge)
                                                      0.000     0.000 r  
    AC28                                              0.000     0.000 r  adc_clk_in_p (IN)
                         net (fo=0)                   0.000     0.000    i_system_wrapper/system_i/axi_ad9643_0/inst/i_if/i_adc_clk/adc_clk_in_p
    AC28                 IBUFDS (Prop_ibufds_I_O)     0.831     0.831 r  i_system_wrapper/system_i/axi_ad9643_0/inst/i_if/i_adc_clk/i_rx_clk_ibuf/O
                         net (fo=1, routed)           1.653     2.484    i_system_wrapper/system_i/axi_ad9643_0/inst/i_if/i_adc_clk/clk_ibuf_s
    BUFGCTRL_X0Y17       BUFG (Prop_bufg_I_O)         0.093     2.577 r  i_system_wrapper/system_i/axi_ad9643_0/inst/i_if/i_adc_clk/i_clk_gbuf/O
                         net (fo=1493, routed)        1.323     3.900    i_system_wrapper/system_i/fifo_dac_ch_0/inst/fifo_dac_i1/xpm_fifo_async_inst/gnuram_async_fifo.xpm_fifo_base_inst/gen_cdc_pntr.rd_pntr_cdc_inst/dest_clk
    SLICE_X16Y145        FDRE                                         r  i_system_wrapper/system_i/fifo_dac_ch_0/inst/fifo_dac_i1/xpm_fifo_async_inst/gnuram_async_fifo.xpm_fifo_base_inst/gen_cdc_pntr.rd_pntr_cdc_inst/dest_graysync_ff_reg[0][6]/C
                         clock pessimism              0.000     3.900    
    SLICE_X16Y145        FDRE (Hold_fdre_C_D)         0.153     4.053    i_system_wrapper/system_i/fifo_dac_ch_0/inst/fifo_dac_i1/xpm_fifo_async_inst/gnuram_async_fifo.xpm_fifo_base_inst/gen_cdc_pntr.rd_pntr_cdc_inst/dest_graysync_ff_reg[0][6]
  -------------------------------------------------------------------
                         data arrival                          -1.438    
                         clock arrival                          4.053    
  -------------------------------------------------------------------
                         relative delay                        -5.491    



Id: 2
set_bus_skew -from [get_cells [list {i_system_wrapper/system_i/fifo_dac_ch_0/inst/fifo_dac_i0/xpm_fifo_async_inst/gnuram_async_fifo.xpm_fifo_base_inst/gen_cdc_pntr.wr_pntr_cdc_inst/src_gray_ff_reg[0]} {i_system_wrapper/system_i/fifo_dac_ch_0/inst/fifo_dac_i0/xpm_fifo_async_inst/gnuram_async_fifo.xpm_fifo_base_inst/gen_cdc_pntr.wr_pntr_cdc_inst/src_gray_ff_reg[1]} {i_system_wrapper/system_i/fifo_dac_ch_0/inst/fifo_dac_i0/xpm_fifo_async_inst/gnuram_async_fifo.xpm_fifo_base_inst/gen_cdc_pntr.wr_pntr_cdc_inst/src_gray_ff_reg[2]} {i_system_wrapper/system_i/fifo_dac_ch_0/inst/fifo_dac_i0/xpm_fifo_async_inst/gnuram_async_fifo.xpm_fifo_base_inst/gen_cdc_pntr.wr_pntr_cdc_inst/src_gray_ff_reg[3]} {i_system_wrapper/system_i/fifo_dac_ch_0/inst/fifo_dac_i0/xpm_fifo_async_inst/gnuram_async_fifo.xpm_fifo_base_inst/gen_cdc_pntr.wr_pntr_cdc_inst/src_gray_ff_reg[4]} {i_system_wrapper/system_i/fifo_dac_ch_0/inst/fifo_dac_i0/xpm_fifo_async_inst/gnuram_async_fifo.xpm_fifo_base_inst/gen_cdc_pntr.wr_pntr_cdc_inst/src_gray_ff_reg[5]} {i_system_wrapper/system_i/fifo_dac_ch_0/inst/fifo_dac_i0/xpm_fifo_async_inst/gnuram_async_fifo.xpm_fifo_base_inst/gen_cdc_pntr.wr_pntr_cdc_inst/src_gray_ff_reg[6]} {i_system_wrapper/system_i/fifo_dac_ch_0/inst/fifo_dac_i0/xpm_fifo_async_inst/gnuram_async_fifo.xpm_fifo_base_inst/gen_cdc_pntr.wr_pntr_cdc_inst/src_gray_ff_reg[7]} {i_system_wrapper/system_i/fifo_dac_ch_0/inst/fifo_dac_i0/xpm_fifo_async_inst/gnuram_async_fifo.xpm_fifo_base_inst/gen_cdc_pntr.wr_pntr_cdc_inst/src_gray_ff_reg[8]} {i_system_wrapper/system_i/fifo_dac_ch_0/inst/fifo_dac_i0/xpm_fifo_async_inst/gnuram_async_fifo.xpm_fifo_base_inst/gen_cdc_pntr.wr_pntr_cdc_inst/src_gray_ff_reg[9]}]] -to [get_cells [list {i_system_wrapper/system_i/fifo_dac_ch_0/inst/fifo_dac_i0/xpm_fifo_async_inst/gnuram_async_fifo.xpm_fifo_base_inst/gen_cdc_pntr.wr_pntr_cdc_inst/dest_graysync_ff_reg[0][0]} {i_system_wrapper/system_i/fifo_dac_ch_0/inst/fifo_dac_i0/xpm_fifo_async_inst/gnuram_async_fifo.xpm_fifo_base_inst/gen_cdc_pntr.wr_pntr_cdc_inst/dest_graysync_ff_reg[0][1]} {i_system_wrapper/system_i/fifo_dac_ch_0/inst/fifo_dac_i0/xpm_fifo_async_inst/gnuram_async_fifo.xpm_fifo_base_inst/gen_cdc_pntr.wr_pntr_cdc_inst/dest_graysync_ff_reg[0][2]} {i_system_wrapper/system_i/fifo_dac_ch_0/inst/fifo_dac_i0/xpm_fifo_async_inst/gnuram_async_fifo.xpm_fifo_base_inst/gen_cdc_pntr.wr_pntr_cdc_inst/dest_graysync_ff_reg[0][3]} {i_system_wrapper/system_i/fifo_dac_ch_0/inst/fifo_dac_i0/xpm_fifo_async_inst/gnuram_async_fifo.xpm_fifo_base_inst/gen_cdc_pntr.wr_pntr_cdc_inst/dest_graysync_ff_reg[0][4]} {i_system_wrapper/system_i/fifo_dac_ch_0/inst/fifo_dac_i0/xpm_fifo_async_inst/gnuram_async_fifo.xpm_fifo_base_inst/gen_cdc_pntr.wr_pntr_cdc_inst/dest_graysync_ff_reg[0][5]} {i_system_wrapper/system_i/fifo_dac_ch_0/inst/fifo_dac_i0/xpm_fifo_async_inst/gnuram_async_fifo.xpm_fifo_base_inst/gen_cdc_pntr.wr_pntr_cdc_inst/dest_graysync_ff_reg[0][6]} {i_system_wrapper/system_i/fifo_dac_ch_0/inst/fifo_dac_i0/xpm_fifo_async_inst/gnuram_async_fifo.xpm_fifo_base_inst/gen_cdc_pntr.wr_pntr_cdc_inst/dest_graysync_ff_reg[0][7]} {i_system_wrapper/system_i/fifo_dac_ch_0/inst/fifo_dac_i0/xpm_fifo_async_inst/gnuram_async_fifo.xpm_fifo_base_inst/gen_cdc_pntr.wr_pntr_cdc_inst/dest_graysync_ff_reg[0][8]} {i_system_wrapper/system_i/fifo_dac_ch_0/inst/fifo_dac_i0/xpm_fifo_async_inst/gnuram_async_fifo.xpm_fifo_base_inst/gen_cdc_pntr.wr_pntr_cdc_inst/dest_graysync_ff_reg[0][9]}]] 4.000
Requirement: 4.000ns
Endpoints: 10

From Clock            To Clock              Endpoint Pin                    Reference Pin                   Corner  Actual(ns)  Slack(ns)
--------------------  --------------------  ------------------------------  ------------------------------  ------  ----------  ---------
adc_clk_in            mmcm_clk_1_s          i_system_wrapper/system_i/fifo_dac_ch_0/inst/fifo_dac_i0/xpm_fifo_async_inst/gnuram_async_fifo.xpm_fifo_base_inst/gen_cdc_pntr.wr_pntr_cdc_inst/dest_graysync_ff_reg[0][7]/D
                                                                            i_system_wrapper/system_i/fifo_dac_ch_0/inst/fifo_dac_i0/xpm_fifo_async_inst/gnuram_async_fifo.xpm_fifo_base_inst/gen_cdc_pntr.wr_pntr_cdc_inst/dest_graysync_ff_reg[0][0]/D
                                                                                                            Slow         0.548      3.452


Slack (MET) :             3.452ns  (requirement - actual skew)
  Endpoint Source:        i_system_wrapper/system_i/fifo_dac_ch_0/inst/fifo_dac_i0/xpm_fifo_async_inst/gnuram_async_fifo.xpm_fifo_base_inst/gen_cdc_pntr.wr_pntr_cdc_inst/src_gray_ff_reg[7]/C
                            (rising edge-triggered cell FDRE clocked by adc_clk_in)
  Endpoint Destination:   i_system_wrapper/system_i/fifo_dac_ch_0/inst/fifo_dac_i0/xpm_fifo_async_inst/gnuram_async_fifo.xpm_fifo_base_inst/gen_cdc_pntr.wr_pntr_cdc_inst/dest_graysync_ff_reg[0][7]/D
                            (rising edge-triggered cell FDRE clocked by mmcm_clk_1_s)
  Reference Source:       i_system_wrapper/system_i/fifo_dac_ch_0/inst/fifo_dac_i0/xpm_fifo_async_inst/gnuram_async_fifo.xpm_fifo_base_inst/gen_cdc_pntr.wr_pntr_cdc_inst/src_gray_ff_reg[0]/C
                            (rising edge-triggered cell FDRE clocked by adc_clk_in)
  Reference Destination:  i_system_wrapper/system_i/fifo_dac_ch_0/inst/fifo_dac_i0/xpm_fifo_async_inst/gnuram_async_fifo.xpm_fifo_base_inst/gen_cdc_pntr.wr_pntr_cdc_inst/dest_graysync_ff_reg[0][0]/D
                            (rising edge-triggered cell FDRE clocked by mmcm_clk_1_s)
  Path Type:              Bus Skew (Max at Slow Process Corner)
  Requirement:            4.000ns
  Endpoint Relative Delay:    6.399ns
  Reference Relative Delay:   6.255ns
  Relative CRPR:             -0.253ns
  Uncertainty:                0.151ns
  Actual Bus Skew:            0.548ns  (Endpoint Relative Delay - Reference Relative Delay - Relative CRPR + Uncertainty)

Endpoint path:
    Location             Delay type                Incr(ns)  Path(ns)    Netlist Resource(s)
  -------------------------------------------------------------------    -------------------
                         (clock adc_clk_in rise edge)
                                                      0.000     0.000 r  
    AC28                                              0.000     0.000 r  adc_clk_in_p (IN)
                         net (fo=0)                   0.000     0.000    i_system_wrapper/system_i/axi_ad9643_0/inst/i_if/i_adc_clk/adc_clk_in_p
    AC28                 IBUFDS (Prop_ibufds_I_O)     0.831     0.831 r  i_system_wrapper/system_i/axi_ad9643_0/inst/i_if/i_adc_clk/i_rx_clk_ibuf/O
                         net (fo=1, routed)           1.653     2.484    i_system_wrapper/system_i/axi_ad9643_0/inst/i_if/i_adc_clk/clk_ibuf_s
    BUFGCTRL_X0Y17       BUFG (Prop_bufg_I_O)         0.093     2.577 r  i_system_wrapper/system_i/axi_ad9643_0/inst/i_if/i_adc_clk/i_clk_gbuf/O
                         net (fo=1493, routed)        1.365     3.942    i_system_wrapper/system_i/fifo_dac_ch_0/inst/fifo_dac_i0/xpm_fifo_async_inst/gnuram_async_fifo.xpm_fifo_base_inst/gen_cdc_pntr.wr_pntr_cdc_inst/src_clk
    SLICE_X7Y152         FDRE                                         r  i_system_wrapper/system_i/fifo_dac_ch_0/inst/fifo_dac_i0/xpm_fifo_async_inst/gnuram_async_fifo.xpm_fifo_base_inst/gen_cdc_pntr.wr_pntr_cdc_inst/src_gray_ff_reg[7]/C
  -------------------------------------------------------------------    -------------------
    SLICE_X7Y152         FDRE (Prop_fdre_C_Q)         0.204     4.146 r  i_system_wrapper/system_i/fifo_dac_ch_0/inst/fifo_dac_i0/xpm_fifo_async_inst/gnuram_async_fifo.xpm_fifo_base_inst/gen_cdc_pntr.wr_pntr_cdc_inst/src_gray_ff_reg[7]/Q
                         net (fo=1, routed)           0.383     4.528    i_system_wrapper/system_i/fifo_dac_ch_0/inst/fifo_dac_i0/xpm_fifo_async_inst/gnuram_async_fifo.xpm_fifo_base_inst/gen_cdc_pntr.wr_pntr_cdc_inst/async_path[7]
    SLICE_X6Y153         FDRE                                         r  i_system_wrapper/system_i/fifo_dac_ch_0/inst/fifo_dac_i0/xpm_fifo_async_inst/gnuram_async_fifo.xpm_fifo_base_inst/gen_cdc_pntr.wr_pntr_cdc_inst/dest_graysync_ff_reg[0][7]/D
  -------------------------------------------------------------------    -------------------

                         (clock mmcm_clk_1_s rise edge)
                                                      0.000     0.000 r  
    AG17                                              0.000     0.000 r  dac_clk_in_p (IN)
                         net (fo=0)                   0.000     0.000    i_system_wrapper/system_i/axi_ad9122_0/inst/i_if/i_serdes_clk/dac_clk_in_p
    AG17                 IBUFDS (Prop_ibufds_I_O)     0.733     0.733 r  i_system_wrapper/system_i/axi_ad9122_0/inst/i_if/i_serdes_clk/i_clk_in_ibuf/O
                         net (fo=1, routed)           0.986     1.719    i_system_wrapper/system_i/axi_ad9122_0/inst/i_if/i_serdes_clk/i_mmcm_drp/clk_in_s
    MMCME2_ADV_X0Y1      MMCME2_ADV (Prop_mmcme2_adv_CLKIN1_CLKOUT1)
                                                     -6.534    -4.815 r  i_system_wrapper/system_i/axi_ad9122_0/inst/i_if/i_serdes_clk/i_mmcm_drp/i_mmcm/CLKOUT1
                         net (fo=1, routed)           1.698    -3.117    i_system_wrapper/system_i/axi_ad9122_0/inst/i_if/i_serdes_clk/i_mmcm_drp/mmcm_clk_1_s
    BUFGCTRL_X0Y0        BUFG (Prop_bufg_I_O)         0.083    -3.034 r  i_system_wrapper/system_i/axi_ad9122_0/inst/i_if/i_serdes_clk/i_mmcm_drp/i_clk_1_bufg/O
                         net (fo=6597, routed)        1.224    -1.810    i_system_wrapper/system_i/fifo_dac_ch_0/inst/fifo_dac_i0/xpm_fifo_async_inst/gnuram_async_fifo.xpm_fifo_base_inst/gen_cdc_pntr.wr_pntr_cdc_inst/dest_clk
    SLICE_X6Y153         FDRE                                         r  i_system_wrapper/system_i/fifo_dac_ch_0/inst/fifo_dac_i0/xpm_fifo_async_inst/gnuram_async_fifo.xpm_fifo_base_inst/gen_cdc_pntr.wr_pntr_cdc_inst/dest_graysync_ff_reg[0][7]/C
                         clock pessimism              0.000    -1.810    
    SLICE_X6Y153         FDRE (Setup_fdre_C_D)       -0.060    -1.870    i_system_wrapper/system_i/fifo_dac_ch_0/inst/fifo_dac_i0/xpm_fifo_async_inst/gnuram_async_fifo.xpm_fifo_base_inst/gen_cdc_pntr.wr_pntr_cdc_inst/dest_graysync_ff_reg[0][7]
  -------------------------------------------------------------------
                         data arrival                           4.528    
                         clock arrival                         -1.870    
  -------------------------------------------------------------------
                         relative delay                         6.399    

Reference path:
    Location             Delay type                Incr(ns)  Path(ns)    Netlist Resource(s)
  -------------------------------------------------------------------    -------------------
                         (clock adc_clk_in rise edge)
                                                      0.000     0.000 r  
    AC28                                              0.000     0.000 r  adc_clk_in_p (IN)
                         net (fo=0)                   0.000     0.000    i_system_wrapper/system_i/axi_ad9643_0/inst/i_if/i_adc_clk/adc_clk_in_p
    AC28                 IBUFDS (Prop_ibufds_I_O)     0.753     0.753 r  i_system_wrapper/system_i/axi_ad9643_0/inst/i_if/i_adc_clk/i_rx_clk_ibuf/O
                         net (fo=1, routed)           1.535     2.288    i_system_wrapper/system_i/axi_ad9643_0/inst/i_if/i_adc_clk/clk_ibuf_s
    BUFGCTRL_X0Y17       BUFG (Prop_bufg_I_O)         0.083     2.371 r  i_system_wrapper/system_i/axi_ad9643_0/inst/i_if/i_adc_clk/i_clk_gbuf/O
                         net (fo=1493, routed)        1.222     3.593    i_system_wrapper/system_i/fifo_dac_ch_0/inst/fifo_dac_i0/xpm_fifo_async_inst/gnuram_async_fifo.xpm_fifo_base_inst/gen_cdc_pntr.wr_pntr_cdc_inst/src_clk
    SLICE_X7Y152         FDRE                                         r  i_system_wrapper/system_i/fifo_dac_ch_0/inst/fifo_dac_i0/xpm_fifo_async_inst/gnuram_async_fifo.xpm_fifo_base_inst/gen_cdc_pntr.wr_pntr_cdc_inst/src_gray_ff_reg[0]/C
  -------------------------------------------------------------------    -------------------
    SLICE_X7Y152         FDRE (Prop_fdre_C_Q)         0.178     3.771 r  i_system_wrapper/system_i/fifo_dac_ch_0/inst/fifo_dac_i0/xpm_fifo_async_inst/gnuram_async_fifo.xpm_fifo_base_inst/gen_cdc_pntr.wr_pntr_cdc_inst/src_gray_ff_reg[0]/Q
                         net (fo=1, routed)           0.249     4.020    i_system_wrapper/system_i/fifo_dac_ch_0/inst/fifo_dac_i0/xpm_fifo_async_inst/gnuram_async_fifo.xpm_fifo_base_inst/gen_cdc_pntr.wr_pntr_cdc_inst/async_path[0]
    SLICE_X6Y152         FDRE                                         r  i_system_wrapper/system_i/fifo_dac_ch_0/inst/fifo_dac_i0/xpm_fifo_async_inst/gnuram_async_fifo.xpm_fifo_base_inst/gen_cdc_pntr.wr_pntr_cdc_inst/dest_graysync_ff_reg[0][0]/D
  -------------------------------------------------------------------    -------------------

                         (clock mmcm_clk_1_s rise edge)
                                                      0.000     0.000 r  
    AG17                                              0.000     0.000 r  dac_clk_in_p (IN)
                         net (fo=0)                   0.000     0.000    i_system_wrapper/system_i/axi_ad9122_0/inst/i_if/i_serdes_clk/dac_clk_in_p
    AG17                 IBUFDS (Prop_ibufds_I_O)     0.810     0.810 r  i_system_wrapper/system_i/axi_ad9122_0/inst/i_if/i_serdes_clk/i_clk_in_ibuf/O
                         net (fo=1, routed)           1.081     1.891    i_system_wrapper/system_i/axi_ad9122_0/inst/i_if/i_serdes_clk/i_mmcm_drp/clk_in_s
    MMCME2_ADV_X0Y1      MMCME2_ADV (Prop_mmcme2_adv_CLKIN1_CLKOUT1)
                                                     -7.561    -5.670 r  i_system_wrapper/system_i/axi_ad9122_0/inst/i_if/i_serdes_clk/i_mmcm_drp/i_mmcm/CLKOUT1
                         net (fo=1, routed)           1.823    -3.847    i_system_wrapper/system_i/axi_ad9122_0/inst/i_if/i_serdes_clk/i_mmcm_drp/mmcm_clk_1_s
    BUFGCTRL_X0Y0        BUFG (Prop_bufg_I_O)         0.093    -3.754 r  i_system_wrapper/system_i/axi_ad9122_0/inst/i_if/i_serdes_clk/i_mmcm_drp/i_clk_1_bufg/O
                         net (fo=6597, routed)        1.367    -2.387    i_system_wrapper/system_i/fifo_dac_ch_0/inst/fifo_dac_i0/xpm_fifo_async_inst/gnuram_async_fifo.xpm_fifo_base_inst/gen_cdc_pntr.wr_pntr_cdc_inst/dest_clk
    SLICE_X6Y152         FDRE                                         r  i_system_wrapper/system_i/fifo_dac_ch_0/inst/fifo_dac_i0/xpm_fifo_async_inst/gnuram_async_fifo.xpm_fifo_base_inst/gen_cdc_pntr.wr_pntr_cdc_inst/dest_graysync_ff_reg[0][0]/C
                         clock pessimism              0.000    -2.387    
    SLICE_X6Y152         FDRE (Hold_fdre_C_D)         0.152    -2.235    i_system_wrapper/system_i/fifo_dac_ch_0/inst/fifo_dac_i0/xpm_fifo_async_inst/gnuram_async_fifo.xpm_fifo_base_inst/gen_cdc_pntr.wr_pntr_cdc_inst/dest_graysync_ff_reg[0][0]
  -------------------------------------------------------------------
                         data arrival                           4.020    
                         clock arrival                         -2.235    
  -------------------------------------------------------------------
                         relative delay                         6.255    



Id: 3
set_bus_skew -from [get_cells [list {i_system_wrapper/system_i/fifo_dac_ch_0/inst/fifo_dac_i0/xpm_fifo_async_inst/gnuram_async_fifo.xpm_fifo_base_inst/gen_cdc_pntr.rd_pntr_cdc_inst/src_gray_ff_reg[0]} {i_system_wrapper/system_i/fifo_dac_ch_0/inst/fifo_dac_i0/xpm_fifo_async_inst/gnuram_async_fifo.xpm_fifo_base_inst/gen_cdc_pntr.rd_pntr_cdc_inst/src_gray_ff_reg[1]} {i_system_wrapper/system_i/fifo_dac_ch_0/inst/fifo_dac_i0/xpm_fifo_async_inst/gnuram_async_fifo.xpm_fifo_base_inst/gen_cdc_pntr.rd_pntr_cdc_inst/src_gray_ff_reg[2]} {i_system_wrapper/system_i/fifo_dac_ch_0/inst/fifo_dac_i0/xpm_fifo_async_inst/gnuram_async_fifo.xpm_fifo_base_inst/gen_cdc_pntr.rd_pntr_cdc_inst/src_gray_ff_reg[3]} {i_system_wrapper/system_i/fifo_dac_ch_0/inst/fifo_dac_i0/xpm_fifo_async_inst/gnuram_async_fifo.xpm_fifo_base_inst/gen_cdc_pntr.rd_pntr_cdc_inst/src_gray_ff_reg[4]} {i_system_wrapper/system_i/fifo_dac_ch_0/inst/fifo_dac_i0/xpm_fifo_async_inst/gnuram_async_fifo.xpm_fifo_base_inst/gen_cdc_pntr.rd_pntr_cdc_inst/src_gray_ff_reg[5]} {i_system_wrapper/system_i/fifo_dac_ch_0/inst/fifo_dac_i0/xpm_fifo_async_inst/gnuram_async_fifo.xpm_fifo_base_inst/gen_cdc_pntr.rd_pntr_cdc_inst/src_gray_ff_reg[6]} {i_system_wrapper/system_i/fifo_dac_ch_0/inst/fifo_dac_i0/xpm_fifo_async_inst/gnuram_async_fifo.xpm_fifo_base_inst/gen_cdc_pntr.rd_pntr_cdc_inst/src_gray_ff_reg[7]} {i_system_wrapper/system_i/fifo_dac_ch_0/inst/fifo_dac_i0/xpm_fifo_async_inst/gnuram_async_fifo.xpm_fifo_base_inst/gen_cdc_pntr.rd_pntr_cdc_inst/src_gray_ff_reg[8]} {i_system_wrapper/system_i/fifo_dac_ch_0/inst/fifo_dac_i0/xpm_fifo_async_inst/gnuram_async_fifo.xpm_fifo_base_inst/gen_cdc_pntr.rd_pntr_cdc_inst/src_gray_ff_reg[9]}]] -to [get_cells [list {i_system_wrapper/system_i/fifo_dac_ch_0/inst/fifo_dac_i0/xpm_fifo_async_inst/gnuram_async_fifo.xpm_fifo_base_inst/gen_cdc_pntr.rd_pntr_cdc_inst/dest_graysync_ff_reg[0][0]} {i_system_wrapper/system_i/fifo_dac_ch_0/inst/fifo_dac_i0/xpm_fifo_async_inst/gnuram_async_fifo.xpm_fifo_base_inst/gen_cdc_pntr.rd_pntr_cdc_inst/dest_graysync_ff_reg[0][1]} {i_system_wrapper/system_i/fifo_dac_ch_0/inst/fifo_dac_i0/xpm_fifo_async_inst/gnuram_async_fifo.xpm_fifo_base_inst/gen_cdc_pntr.rd_pntr_cdc_inst/dest_graysync_ff_reg[0][2]} {i_system_wrapper/system_i/fifo_dac_ch_0/inst/fifo_dac_i0/xpm_fifo_async_inst/gnuram_async_fifo.xpm_fifo_base_inst/gen_cdc_pntr.rd_pntr_cdc_inst/dest_graysync_ff_reg[0][3]} {i_system_wrapper/system_i/fifo_dac_ch_0/inst/fifo_dac_i0/xpm_fifo_async_inst/gnuram_async_fifo.xpm_fifo_base_inst/gen_cdc_pntr.rd_pntr_cdc_inst/dest_graysync_ff_reg[0][4]} {i_system_wrapper/system_i/fifo_dac_ch_0/inst/fifo_dac_i0/xpm_fifo_async_inst/gnuram_async_fifo.xpm_fifo_base_inst/gen_cdc_pntr.rd_pntr_cdc_inst/dest_graysync_ff_reg[0][5]} {i_system_wrapper/system_i/fifo_dac_ch_0/inst/fifo_dac_i0/xpm_fifo_async_inst/gnuram_async_fifo.xpm_fifo_base_inst/gen_cdc_pntr.rd_pntr_cdc_inst/dest_graysync_ff_reg[0][6]} {i_system_wrapper/system_i/fifo_dac_ch_0/inst/fifo_dac_i0/xpm_fifo_async_inst/gnuram_async_fifo.xpm_fifo_base_inst/gen_cdc_pntr.rd_pntr_cdc_inst/dest_graysync_ff_reg[0][7]} {i_system_wrapper/system_i/fifo_dac_ch_0/inst/fifo_dac_i0/xpm_fifo_async_inst/gnuram_async_fifo.xpm_fifo_base_inst/gen_cdc_pntr.rd_pntr_cdc_inst/dest_graysync_ff_reg[0][8]} {i_system_wrapper/system_i/fifo_dac_ch_0/inst/fifo_dac_i0/xpm_fifo_async_inst/gnuram_async_fifo.xpm_fifo_base_inst/gen_cdc_pntr.rd_pntr_cdc_inst/dest_graysync_ff_reg[0][9]}]] 4.000
Requirement: 4.000ns
Endpoints: 10

From Clock            To Clock              Endpoint Pin                    Reference Pin                   Corner  Actual(ns)  Slack(ns)
--------------------  --------------------  ------------------------------  ------------------------------  ------  ----------  ---------
mmcm_clk_1_s          adc_clk_in            i_system_wrapper/system_i/fifo_dac_ch_0/inst/fifo_dac_i0/xpm_fifo_async_inst/gnuram_async_fifo.xpm_fifo_base_inst/gen_cdc_pntr.rd_pntr_cdc_inst/dest_graysync_ff_reg[0][5]/D
                                                                            i_system_wrapper/system_i/fifo_dac_ch_0/inst/fifo_dac_i0/xpm_fifo_async_inst/gnuram_async_fifo.xpm_fifo_base_inst/gen_cdc_pntr.rd_pntr_cdc_inst/dest_graysync_ff_reg[0][6]/D
                                                                                                            Slow         0.650      3.350


Slack (MET) :             3.350ns  (requirement - actual skew)
  Endpoint Source:        i_system_wrapper/system_i/fifo_dac_ch_0/inst/fifo_dac_i0/xpm_fifo_async_inst/gnuram_async_fifo.xpm_fifo_base_inst/gen_cdc_pntr.rd_pntr_cdc_inst/src_gray_ff_reg[5]/C
                            (rising edge-triggered cell FDRE clocked by mmcm_clk_1_s)
  Endpoint Destination:   i_system_wrapper/system_i/fifo_dac_ch_0/inst/fifo_dac_i0/xpm_fifo_async_inst/gnuram_async_fifo.xpm_fifo_base_inst/gen_cdc_pntr.rd_pntr_cdc_inst/dest_graysync_ff_reg[0][5]/D
                            (rising edge-triggered cell FDRE clocked by adc_clk_in)
  Reference Source:       i_system_wrapper/system_i/fifo_dac_ch_0/inst/fifo_dac_i0/xpm_fifo_async_inst/gnuram_async_fifo.xpm_fifo_base_inst/gen_cdc_pntr.rd_pntr_cdc_inst/src_gray_ff_reg[6]/C
                            (rising edge-triggered cell FDRE clocked by mmcm_clk_1_s)
  Reference Destination:  i_system_wrapper/system_i/fifo_dac_ch_0/inst/fifo_dac_i0/xpm_fifo_async_inst/gnuram_async_fifo.xpm_fifo_base_inst/gen_cdc_pntr.rd_pntr_cdc_inst/dest_graysync_ff_reg[0][6]/D
                            (rising edge-triggered cell FDRE clocked by adc_clk_in)
  Path Type:              Bus Skew (Max at Slow Process Corner)
  Requirement:            4.000ns
  Endpoint Relative Delay:   -5.264ns
  Reference Relative Delay:  -5.509ns
  Relative CRPR:             -0.254ns
  Uncertainty:                0.151ns
  Actual Bus Skew:            0.650ns  (Endpoint Relative Delay - Reference Relative Delay - Relative CRPR + Uncertainty)

Endpoint path:
    Location             Delay type                Incr(ns)  Path(ns)    Netlist Resource(s)
  -------------------------------------------------------------------    -------------------
                         (clock mmcm_clk_1_s rise edge)
                                                      0.000     0.000 r  
    AG17                                              0.000     0.000 r  dac_clk_in_p (IN)
                         net (fo=0)                   0.000     0.000    i_system_wrapper/system_i/axi_ad9122_0/inst/i_if/i_serdes_clk/dac_clk_in_p
    AG17                 IBUFDS (Prop_ibufds_I_O)     0.810     0.810 r  i_system_wrapper/system_i/axi_ad9122_0/inst/i_if/i_serdes_clk/i_clk_in_ibuf/O
                         net (fo=1, routed)           1.081     1.891    i_system_wrapper/system_i/axi_ad9122_0/inst/i_if/i_serdes_clk/i_mmcm_drp/clk_in_s
    MMCME2_ADV_X0Y1      MMCME2_ADV (Prop_mmcme2_adv_CLKIN1_CLKOUT1)
                                                     -7.561    -5.670 r  i_system_wrapper/system_i/axi_ad9122_0/inst/i_if/i_serdes_clk/i_mmcm_drp/i_mmcm/CLKOUT1
                         net (fo=1, routed)           1.823    -3.847    i_system_wrapper/system_i/axi_ad9122_0/inst/i_if/i_serdes_clk/i_mmcm_drp/mmcm_clk_1_s
    BUFGCTRL_X0Y0        BUFG (Prop_bufg_I_O)         0.093    -3.754 r  i_system_wrapper/system_i/axi_ad9122_0/inst/i_if/i_serdes_clk/i_mmcm_drp/i_clk_1_bufg/O
                         net (fo=6597, routed)        1.313    -2.441    i_system_wrapper/system_i/fifo_dac_ch_0/inst/fifo_dac_i0/xpm_fifo_async_inst/gnuram_async_fifo.xpm_fifo_base_inst/gen_cdc_pntr.rd_pntr_cdc_inst/src_clk
    SLICE_X8Y155         FDRE                                         r  i_system_wrapper/system_i/fifo_dac_ch_0/inst/fifo_dac_i0/xpm_fifo_async_inst/gnuram_async_fifo.xpm_fifo_base_inst/gen_cdc_pntr.rd_pntr_cdc_inst/src_gray_ff_reg[5]/C
  -------------------------------------------------------------------    -------------------
    SLICE_X8Y155         FDRE (Prop_fdre_C_Q)         0.236    -2.205 r  i_system_wrapper/system_i/fifo_dac_ch_0/inst/fifo_dac_i0/xpm_fifo_async_inst/gnuram_async_fifo.xpm_fifo_base_inst/gen_cdc_pntr.rd_pntr_cdc_inst/src_gray_ff_reg[5]/Q
                         net (fo=1, routed)           0.472    -1.733    i_system_wrapper/system_i/fifo_dac_ch_0/inst/fifo_dac_i0/xpm_fifo_async_inst/gnuram_async_fifo.xpm_fifo_base_inst/gen_cdc_pntr.rd_pntr_cdc_inst/async_path[5]
    SLICE_X4Y153         FDRE                                         r  i_system_wrapper/system_i/fifo_dac_ch_0/inst/fifo_dac_i0/xpm_fifo_async_inst/gnuram_async_fifo.xpm_fifo_base_inst/gen_cdc_pntr.rd_pntr_cdc_inst/dest_graysync_ff_reg[0][5]/D
  -------------------------------------------------------------------    -------------------

                         (clock adc_clk_in rise edge)
                                                      0.000     0.000 r  
    AC28                                              0.000     0.000 r  adc_clk_in_p (IN)
                         net (fo=0)                   0.000     0.000    i_system_wrapper/system_i/axi_ad9643_0/inst/i_if/i_adc_clk/adc_clk_in_p
    AC28                 IBUFDS (Prop_ibufds_I_O)     0.753     0.753 r  i_system_wrapper/system_i/axi_ad9643_0/inst/i_if/i_adc_clk/i_rx_clk_ibuf/O
                         net (fo=1, routed)           1.535     2.288    i_system_wrapper/system_i/axi_ad9643_0/inst/i_if/i_adc_clk/clk_ibuf_s
    BUFGCTRL_X0Y17       BUFG (Prop_bufg_I_O)         0.083     2.371 r  i_system_wrapper/system_i/axi_ad9643_0/inst/i_if/i_adc_clk/i_clk_gbuf/O
                         net (fo=1493, routed)        1.222     3.593    i_system_wrapper/system_i/fifo_dac_ch_0/inst/fifo_dac_i0/xpm_fifo_async_inst/gnuram_async_fifo.xpm_fifo_base_inst/gen_cdc_pntr.rd_pntr_cdc_inst/dest_clk
    SLICE_X4Y153         FDRE                                         r  i_system_wrapper/system_i/fifo_dac_ch_0/inst/fifo_dac_i0/xpm_fifo_async_inst/gnuram_async_fifo.xpm_fifo_base_inst/gen_cdc_pntr.rd_pntr_cdc_inst/dest_graysync_ff_reg[0][5]/C
                         clock pessimism              0.000     3.593    
    SLICE_X4Y153         FDRE (Setup_fdre_C_D)       -0.062     3.531    i_system_wrapper/system_i/fifo_dac_ch_0/inst/fifo_dac_i0/xpm_fifo_async_inst/gnuram_async_fifo.xpm_fifo_base_inst/gen_cdc_pntr.rd_pntr_cdc_inst/dest_graysync_ff_reg[0][5]
  -------------------------------------------------------------------
                         data arrival                          -1.733    
                         clock arrival                          3.531    
  -------------------------------------------------------------------
                         relative delay                        -5.264    

Reference path:
    Location             Delay type                Incr(ns)  Path(ns)    Netlist Resource(s)
  -------------------------------------------------------------------    -------------------
                         (clock mmcm_clk_1_s rise edge)
                                                      0.000     0.000 r  
    AG17                                              0.000     0.000 r  dac_clk_in_p (IN)
                         net (fo=0)                   0.000     0.000    i_system_wrapper/system_i/axi_ad9122_0/inst/i_if/i_serdes_clk/dac_clk_in_p
    AG17                 IBUFDS (Prop_ibufds_I_O)     0.733     0.733 r  i_system_wrapper/system_i/axi_ad9122_0/inst/i_if/i_serdes_clk/i_clk_in_ibuf/O
                         net (fo=1, routed)           0.986     1.719    i_system_wrapper/system_i/axi_ad9122_0/inst/i_if/i_serdes_clk/i_mmcm_drp/clk_in_s
    MMCME2_ADV_X0Y1      MMCME2_ADV (Prop_mmcme2_adv_CLKIN1_CLKOUT1)
                                                     -6.534    -4.815 r  i_system_wrapper/system_i/axi_ad9122_0/inst/i_if/i_serdes_clk/i_mmcm_drp/i_mmcm/CLKOUT1
                         net (fo=1, routed)           1.698    -3.117    i_system_wrapper/system_i/axi_ad9122_0/inst/i_if/i_serdes_clk/i_mmcm_drp/mmcm_clk_1_s
    BUFGCTRL_X0Y0        BUFG (Prop_bufg_I_O)         0.083    -3.034 r  i_system_wrapper/system_i/axi_ad9122_0/inst/i_if/i_serdes_clk/i_mmcm_drp/i_clk_1_bufg/O
                         net (fo=6597, routed)        1.171    -1.863    i_system_wrapper/system_i/fifo_dac_ch_0/inst/fifo_dac_i0/xpm_fifo_async_inst/gnuram_async_fifo.xpm_fifo_base_inst/gen_cdc_pntr.rd_pntr_cdc_inst/src_clk
    SLICE_X8Y155         FDRE                                         r  i_system_wrapper/system_i/fifo_dac_ch_0/inst/fifo_dac_i0/xpm_fifo_async_inst/gnuram_async_fifo.xpm_fifo_base_inst/gen_cdc_pntr.rd_pntr_cdc_inst/src_gray_ff_reg[6]/C
  -------------------------------------------------------------------    -------------------
    SLICE_X8Y155         FDRE (Prop_fdre_C_Q)         0.206    -1.657 r  i_system_wrapper/system_i/fifo_dac_ch_0/inst/fifo_dac_i0/xpm_fifo_async_inst/gnuram_async_fifo.xpm_fifo_base_inst/gen_cdc_pntr.rd_pntr_cdc_inst/src_gray_ff_reg[6]/Q
                         net (fo=1, routed)           0.207    -1.451    i_system_wrapper/system_i/fifo_dac_ch_0/inst/fifo_dac_i0/xpm_fifo_async_inst/gnuram_async_fifo.xpm_fifo_base_inst/gen_cdc_pntr.rd_pntr_cdc_inst/async_path[6]
    SLICE_X7Y155         FDRE                                         r  i_system_wrapper/system_i/fifo_dac_ch_0/inst/fifo_dac_i0/xpm_fifo_async_inst/gnuram_async_fifo.xpm_fifo_base_inst/gen_cdc_pntr.rd_pntr_cdc_inst/dest_graysync_ff_reg[0][6]/D
  -------------------------------------------------------------------    -------------------

                         (clock adc_clk_in rise edge)
                                                      0.000     0.000 r  
    AC28                                              0.000     0.000 r  adc_clk_in_p (IN)
                         net (fo=0)                   0.000     0.000    i_system_wrapper/system_i/axi_ad9643_0/inst/i_if/i_adc_clk/adc_clk_in_p
    AC28                 IBUFDS (Prop_ibufds_I_O)     0.831     0.831 r  i_system_wrapper/system_i/axi_ad9643_0/inst/i_if/i_adc_clk/i_rx_clk_ibuf/O
                         net (fo=1, routed)           1.653     2.484    i_system_wrapper/system_i/axi_ad9643_0/inst/i_if/i_adc_clk/clk_ibuf_s
    BUFGCTRL_X0Y17       BUFG (Prop_bufg_I_O)         0.093     2.577 r  i_system_wrapper/system_i/axi_ad9643_0/inst/i_if/i_adc_clk/i_clk_gbuf/O
                         net (fo=1493, routed)        1.365     3.942    i_system_wrapper/system_i/fifo_dac_ch_0/inst/fifo_dac_i0/xpm_fifo_async_inst/gnuram_async_fifo.xpm_fifo_base_inst/gen_cdc_pntr.rd_pntr_cdc_inst/dest_clk
    SLICE_X7Y155         FDRE                                         r  i_system_wrapper/system_i/fifo_dac_ch_0/inst/fifo_dac_i0/xpm_fifo_async_inst/gnuram_async_fifo.xpm_fifo_base_inst/gen_cdc_pntr.rd_pntr_cdc_inst/dest_graysync_ff_reg[0][6]/C
                         clock pessimism              0.000     3.942    
    SLICE_X7Y155         FDRE (Hold_fdre_C_D)         0.117     4.059    i_system_wrapper/system_i/fifo_dac_ch_0/inst/fifo_dac_i0/xpm_fifo_async_inst/gnuram_async_fifo.xpm_fifo_base_inst/gen_cdc_pntr.rd_pntr_cdc_inst/dest_graysync_ff_reg[0][6]
  -------------------------------------------------------------------
                         data arrival                          -1.451    
                         clock arrival                          4.059    
  -------------------------------------------------------------------
                         relative delay                        -5.509    



Id: 4
set_bus_skew -from [get_cells [list {i_system_wrapper/system_i/fifo_dac_ch_0/inst/fifo_dac_i1/xpm_fifo_async_inst/gnuram_async_fifo.xpm_fifo_base_inst/gen_cdc_pntr.wr_pntr_cdc_inst/src_gray_ff_reg[0]} {i_system_wrapper/system_i/fifo_dac_ch_0/inst/fifo_dac_i1/xpm_fifo_async_inst/gnuram_async_fifo.xpm_fifo_base_inst/gen_cdc_pntr.wr_pntr_cdc_inst/src_gray_ff_reg[1]} {i_system_wrapper/system_i/fifo_dac_ch_0/inst/fifo_dac_i1/xpm_fifo_async_inst/gnuram_async_fifo.xpm_fifo_base_inst/gen_cdc_pntr.wr_pntr_cdc_inst/src_gray_ff_reg[2]} {i_system_wrapper/system_i/fifo_dac_ch_0/inst/fifo_dac_i1/xpm_fifo_async_inst/gnuram_async_fifo.xpm_fifo_base_inst/gen_cdc_pntr.wr_pntr_cdc_inst/src_gray_ff_reg[3]} {i_system_wrapper/system_i/fifo_dac_ch_0/inst/fifo_dac_i1/xpm_fifo_async_inst/gnuram_async_fifo.xpm_fifo_base_inst/gen_cdc_pntr.wr_pntr_cdc_inst/src_gray_ff_reg[4]} {i_system_wrapper/system_i/fifo_dac_ch_0/inst/fifo_dac_i1/xpm_fifo_async_inst/gnuram_async_fifo.xpm_fifo_base_inst/gen_cdc_pntr.wr_pntr_cdc_inst/src_gray_ff_reg[5]} {i_system_wrapper/system_i/fifo_dac_ch_0/inst/fifo_dac_i1/xpm_fifo_async_inst/gnuram_async_fifo.xpm_fifo_base_inst/gen_cdc_pntr.wr_pntr_cdc_inst/src_gray_ff_reg[6]} {i_system_wrapper/system_i/fifo_dac_ch_0/inst/fifo_dac_i1/xpm_fifo_async_inst/gnuram_async_fifo.xpm_fifo_base_inst/gen_cdc_pntr.wr_pntr_cdc_inst/src_gray_ff_reg[7]} {i_system_wrapper/system_i/fifo_dac_ch_0/inst/fifo_dac_i1/xpm_fifo_async_inst/gnuram_async_fifo.xpm_fifo_base_inst/gen_cdc_pntr.wr_pntr_cdc_inst/src_gray_ff_reg[8]} {i_system_wrapper/system_i/fifo_dac_ch_0/inst/fifo_dac_i1/xpm_fifo_async_inst/gnuram_async_fifo.xpm_fifo_base_inst/gen_cdc_pntr.wr_pntr_cdc_inst/src_gray_ff_reg[9]}]] -to [get_cells [list {i_system_wrapper/system_i/fifo_dac_ch_0/inst/fifo_dac_i1/xpm_fifo_async_inst/gnuram_async_fifo.xpm_fifo_base_inst/gen_cdc_pntr.wr_pntr_cdc_inst/dest_graysync_ff_reg[0][0]} {i_system_wrapper/system_i/fifo_dac_ch_0/inst/fifo_dac_i1/xpm_fifo_async_inst/gnuram_async_fifo.xpm_fifo_base_inst/gen_cdc_pntr.wr_pntr_cdc_inst/dest_graysync_ff_reg[0][1]} {i_system_wrapper/system_i/fifo_dac_ch_0/inst/fifo_dac_i1/xpm_fifo_async_inst/gnuram_async_fifo.xpm_fifo_base_inst/gen_cdc_pntr.wr_pntr_cdc_inst/dest_graysync_ff_reg[0][2]} {i_system_wrapper/system_i/fifo_dac_ch_0/inst/fifo_dac_i1/xpm_fifo_async_inst/gnuram_async_fifo.xpm_fifo_base_inst/gen_cdc_pntr.wr_pntr_cdc_inst/dest_graysync_ff_reg[0][3]} {i_system_wrapper/system_i/fifo_dac_ch_0/inst/fifo_dac_i1/xpm_fifo_async_inst/gnuram_async_fifo.xpm_fifo_base_inst/gen_cdc_pntr.wr_pntr_cdc_inst/dest_graysync_ff_reg[0][4]} {i_system_wrapper/system_i/fifo_dac_ch_0/inst/fifo_dac_i1/xpm_fifo_async_inst/gnuram_async_fifo.xpm_fifo_base_inst/gen_cdc_pntr.wr_pntr_cdc_inst/dest_graysync_ff_reg[0][5]} {i_system_wrapper/system_i/fifo_dac_ch_0/inst/fifo_dac_i1/xpm_fifo_async_inst/gnuram_async_fifo.xpm_fifo_base_inst/gen_cdc_pntr.wr_pntr_cdc_inst/dest_graysync_ff_reg[0][6]} {i_system_wrapper/system_i/fifo_dac_ch_0/inst/fifo_dac_i1/xpm_fifo_async_inst/gnuram_async_fifo.xpm_fifo_base_inst/gen_cdc_pntr.wr_pntr_cdc_inst/dest_graysync_ff_reg[0][7]} {i_system_wrapper/system_i/fifo_dac_ch_0/inst/fifo_dac_i1/xpm_fifo_async_inst/gnuram_async_fifo.xpm_fifo_base_inst/gen_cdc_pntr.wr_pntr_cdc_inst/dest_graysync_ff_reg[0][8]} {i_system_wrapper/system_i/fifo_dac_ch_0/inst/fifo_dac_i1/xpm_fifo_async_inst/gnuram_async_fifo.xpm_fifo_base_inst/gen_cdc_pntr.wr_pntr_cdc_inst/dest_graysync_ff_reg[0][9]}]] 4.000
Requirement: 4.000ns
Endpoints: 10

From Clock            To Clock              Endpoint Pin                    Reference Pin                   Corner  Actual(ns)  Slack(ns)
--------------------  --------------------  ------------------------------  ------------------------------  ------  ----------  ---------
adc_clk_in            mmcm_clk_1_s          i_system_wrapper/system_i/fifo_dac_ch_0/inst/fifo_dac_i1/xpm_fifo_async_inst/gnuram_async_fifo.xpm_fifo_base_inst/gen_cdc_pntr.wr_pntr_cdc_inst/dest_graysync_ff_reg[0][5]/D
                                                                            i_system_wrapper/system_i/fifo_dac_ch_0/inst/fifo_dac_i1/xpm_fifo_async_inst/gnuram_async_fifo.xpm_fifo_base_inst/gen_cdc_pntr.wr_pntr_cdc_inst/dest_graysync_ff_reg[0][6]/D
                                                                                                            Slow         0.593      3.407


Slack (MET) :             3.407ns  (requirement - actual skew)
  Endpoint Source:        i_system_wrapper/system_i/fifo_dac_ch_0/inst/fifo_dac_i1/xpm_fifo_async_inst/gnuram_async_fifo.xpm_fifo_base_inst/gen_cdc_pntr.wr_pntr_cdc_inst/src_gray_ff_reg[5]/C
                            (rising edge-triggered cell FDRE clocked by adc_clk_in)
  Endpoint Destination:   i_system_wrapper/system_i/fifo_dac_ch_0/inst/fifo_dac_i1/xpm_fifo_async_inst/gnuram_async_fifo.xpm_fifo_base_inst/gen_cdc_pntr.wr_pntr_cdc_inst/dest_graysync_ff_reg[0][5]/D
                            (rising edge-triggered cell FDRE clocked by mmcm_clk_1_s)
  Reference Source:       i_system_wrapper/system_i/fifo_dac_ch_0/inst/fifo_dac_i1/xpm_fifo_async_inst/gnuram_async_fifo.xpm_fifo_base_inst/gen_cdc_pntr.wr_pntr_cdc_inst/src_gray_ff_reg[6]/C
                            (rising edge-triggered cell FDRE clocked by adc_clk_in)
  Reference Destination:  i_system_wrapper/system_i/fifo_dac_ch_0/inst/fifo_dac_i1/xpm_fifo_async_inst/gnuram_async_fifo.xpm_fifo_base_inst/gen_cdc_pntr.wr_pntr_cdc_inst/dest_graysync_ff_reg[0][6]/D
                            (rising edge-triggered cell FDRE clocked by mmcm_clk_1_s)
  Path Type:              Bus Skew (Max at Slow Process Corner)
  Requirement:            4.000ns
  Endpoint Relative Delay:    6.500ns
  Reference Relative Delay:   6.301ns
  Relative CRPR:             -0.243ns
  Uncertainty:                0.151ns
  Actual Bus Skew:            0.593ns  (Endpoint Relative Delay - Reference Relative Delay - Relative CRPR + Uncertainty)

Endpoint path:
    Location             Delay type                Incr(ns)  Path(ns)    Netlist Resource(s)
  -------------------------------------------------------------------    -------------------
                         (clock adc_clk_in rise edge)
                                                      0.000     0.000 r  
    AC28                                              0.000     0.000 r  adc_clk_in_p (IN)
                         net (fo=0)                   0.000     0.000    i_system_wrapper/system_i/axi_ad9643_0/inst/i_if/i_adc_clk/adc_clk_in_p
    AC28                 IBUFDS (Prop_ibufds_I_O)     0.831     0.831 r  i_system_wrapper/system_i/axi_ad9643_0/inst/i_if/i_adc_clk/i_rx_clk_ibuf/O
                         net (fo=1, routed)           1.653     2.484    i_system_wrapper/system_i/axi_ad9643_0/inst/i_if/i_adc_clk/clk_ibuf_s
    BUFGCTRL_X0Y17       BUFG (Prop_bufg_I_O)         0.093     2.577 r  i_system_wrapper/system_i/axi_ad9643_0/inst/i_if/i_adc_clk/i_clk_gbuf/O
                         net (fo=1493, routed)        1.321     3.898    i_system_wrapper/system_i/fifo_dac_ch_0/inst/fifo_dac_i1/xpm_fifo_async_inst/gnuram_async_fifo.xpm_fifo_base_inst/gen_cdc_pntr.wr_pntr_cdc_inst/src_clk
    SLICE_X13Y139        FDRE                                         r  i_system_wrapper/system_i/fifo_dac_ch_0/inst/fifo_dac_i1/xpm_fifo_async_inst/gnuram_async_fifo.xpm_fifo_base_inst/gen_cdc_pntr.wr_pntr_cdc_inst/src_gray_ff_reg[5]/C
  -------------------------------------------------------------------    -------------------
    SLICE_X13Y139        FDRE (Prop_fdre_C_Q)         0.204     4.102 r  i_system_wrapper/system_i/fifo_dac_ch_0/inst/fifo_dac_i1/xpm_fifo_async_inst/gnuram_async_fifo.xpm_fifo_base_inst/gen_cdc_pntr.wr_pntr_cdc_inst/src_gray_ff_reg[5]/Q
                         net (fo=1, routed)           0.447     4.548    i_system_wrapper/system_i/fifo_dac_ch_0/inst/fifo_dac_i1/xpm_fifo_async_inst/gnuram_async_fifo.xpm_fifo_base_inst/gen_cdc_pntr.wr_pntr_cdc_inst/async_path[5]
    SLICE_X17Y140        FDRE                                         r  i_system_wrapper/system_i/fifo_dac_ch_0/inst/fifo_dac_i1/xpm_fifo_async_inst/gnuram_async_fifo.xpm_fifo_base_inst/gen_cdc_pntr.wr_pntr_cdc_inst/dest_graysync_ff_reg[0][5]/D
  -------------------------------------------------------------------    -------------------

                         (clock mmcm_clk_1_s rise edge)
                                                      0.000     0.000 r  
    AG17                                              0.000     0.000 r  dac_clk_in_p (IN)
                         net (fo=0)                   0.000     0.000    i_system_wrapper/system_i/axi_ad9122_0/inst/i_if/i_serdes_clk/dac_clk_in_p
    AG17                 IBUFDS (Prop_ibufds_I_O)     0.733     0.733 r  i_system_wrapper/system_i/axi_ad9122_0/inst/i_if/i_serdes_clk/i_clk_in_ibuf/O
                         net (fo=1, routed)           0.986     1.719    i_system_wrapper/system_i/axi_ad9122_0/inst/i_if/i_serdes_clk/i_mmcm_drp/clk_in_s
    MMCME2_ADV_X0Y1      MMCME2_ADV (Prop_mmcme2_adv_CLKIN1_CLKOUT1)
                                                     -6.534    -4.815 r  i_system_wrapper/system_i/axi_ad9122_0/inst/i_if/i_serdes_clk/i_mmcm_drp/i_mmcm/CLKOUT1
                         net (fo=1, routed)           1.698    -3.117    i_system_wrapper/system_i/axi_ad9122_0/inst/i_if/i_serdes_clk/i_mmcm_drp/mmcm_clk_1_s
    BUFGCTRL_X0Y0        BUFG (Prop_bufg_I_O)         0.083    -3.034 r  i_system_wrapper/system_i/axi_ad9122_0/inst/i_if/i_serdes_clk/i_mmcm_drp/i_clk_1_bufg/O
                         net (fo=6597, routed)        1.183    -1.851    i_system_wrapper/system_i/fifo_dac_ch_0/inst/fifo_dac_i1/xpm_fifo_async_inst/gnuram_async_fifo.xpm_fifo_base_inst/gen_cdc_pntr.wr_pntr_cdc_inst/dest_clk
    SLICE_X17Y140        FDRE                                         r  i_system_wrapper/system_i/fifo_dac_ch_0/inst/fifo_dac_i1/xpm_fifo_async_inst/gnuram_async_fifo.xpm_fifo_base_inst/gen_cdc_pntr.wr_pntr_cdc_inst/dest_graysync_ff_reg[0][5]/C
                         clock pessimism              0.000    -1.851    
    SLICE_X17Y140        FDRE (Setup_fdre_C_D)       -0.100    -1.951    i_system_wrapper/system_i/fifo_dac_ch_0/inst/fifo_dac_i1/xpm_fifo_async_inst/gnuram_async_fifo.xpm_fifo_base_inst/gen_cdc_pntr.wr_pntr_cdc_inst/dest_graysync_ff_reg[0][5]
  -------------------------------------------------------------------
                         data arrival                           4.548    
                         clock arrival                         -1.951    
  -------------------------------------------------------------------
                         relative delay                         6.500    

Reference path:
    Location             Delay type                Incr(ns)  Path(ns)    Netlist Resource(s)
  -------------------------------------------------------------------    -------------------
                         (clock adc_clk_in rise edge)
                                                      0.000     0.000 r  
    AC28                                              0.000     0.000 r  adc_clk_in_p (IN)
                         net (fo=0)                   0.000     0.000    i_system_wrapper/system_i/axi_ad9643_0/inst/i_if/i_adc_clk/adc_clk_in_p
    AC28                 IBUFDS (Prop_ibufds_I_O)     0.753     0.753 r  i_system_wrapper/system_i/axi_ad9643_0/inst/i_if/i_adc_clk/i_rx_clk_ibuf/O
                         net (fo=1, routed)           1.535     2.288    i_system_wrapper/system_i/axi_ad9643_0/inst/i_if/i_adc_clk/clk_ibuf_s
    BUFGCTRL_X0Y17       BUFG (Prop_bufg_I_O)         0.083     2.371 r  i_system_wrapper/system_i/axi_ad9643_0/inst/i_if/i_adc_clk/i_clk_gbuf/O
                         net (fo=1493, routed)        1.186     3.557    i_system_wrapper/system_i/fifo_dac_ch_0/inst/fifo_dac_i1/xpm_fifo_async_inst/gnuram_async_fifo.xpm_fifo_base_inst/gen_cdc_pntr.wr_pntr_cdc_inst/src_clk
    SLICE_X13Y139        FDRE                                         r  i_system_wrapper/system_i/fifo_dac_ch_0/inst/fifo_dac_i1/xpm_fifo_async_inst/gnuram_async_fifo.xpm_fifo_base_inst/gen_cdc_pntr.wr_pntr_cdc_inst/src_gray_ff_reg[6]/C
  -------------------------------------------------------------------    -------------------
    SLICE_X13Y139        FDRE (Prop_fdre_C_Q)         0.178     3.735 r  i_system_wrapper/system_i/fifo_dac_ch_0/inst/fifo_dac_i1/xpm_fifo_async_inst/gnuram_async_fifo.xpm_fifo_base_inst/gen_cdc_pntr.wr_pntr_cdc_inst/src_gray_ff_reg[6]/Q
                         net (fo=1, routed)           0.241     3.976    i_system_wrapper/system_i/fifo_dac_ch_0/inst/fifo_dac_i1/xpm_fifo_async_inst/gnuram_async_fifo.xpm_fifo_base_inst/gen_cdc_pntr.wr_pntr_cdc_inst/async_path[6]
    SLICE_X17Y140        FDRE                                         r  i_system_wrapper/system_i/fifo_dac_ch_0/inst/fifo_dac_i1/xpm_fifo_async_inst/gnuram_async_fifo.xpm_fifo_base_inst/gen_cdc_pntr.wr_pntr_cdc_inst/dest_graysync_ff_reg[0][6]/D
  -------------------------------------------------------------------    -------------------

                         (clock mmcm_clk_1_s rise edge)
                                                      0.000     0.000 r  
    AG17                                              0.000     0.000 r  dac_clk_in_p (IN)
                         net (fo=0)                   0.000     0.000    i_system_wrapper/system_i/axi_ad9122_0/inst/i_if/i_serdes_clk/dac_clk_in_p
    AG17                 IBUFDS (Prop_ibufds_I_O)     0.810     0.810 r  i_system_wrapper/system_i/axi_ad9122_0/inst/i_if/i_serdes_clk/i_clk_in_ibuf/O
                         net (fo=1, routed)           1.081     1.891    i_system_wrapper/system_i/axi_ad9122_0/inst/i_if/i_serdes_clk/i_mmcm_drp/clk_in_s
    MMCME2_ADV_X0Y1      MMCME2_ADV (Prop_mmcme2_adv_CLKIN1_CLKOUT1)
                                                     -7.561    -5.670 r  i_system_wrapper/system_i/axi_ad9122_0/inst/i_if/i_serdes_clk/i_mmcm_drp/i_mmcm/CLKOUT1
                         net (fo=1, routed)           1.823    -3.847    i_system_wrapper/system_i/axi_ad9122_0/inst/i_if/i_serdes_clk/i_mmcm_drp/mmcm_clk_1_s
    BUFGCTRL_X0Y0        BUFG (Prop_bufg_I_O)         0.093    -3.754 r  i_system_wrapper/system_i/axi_ad9122_0/inst/i_if/i_serdes_clk/i_mmcm_drp/i_clk_1_bufg/O
                         net (fo=6597, routed)        1.319    -2.435    i_system_wrapper/system_i/fifo_dac_ch_0/inst/fifo_dac_i1/xpm_fifo_async_inst/gnuram_async_fifo.xpm_fifo_base_inst/gen_cdc_pntr.wr_pntr_cdc_inst/dest_clk
    SLICE_X17Y140        FDRE                                         r  i_system_wrapper/system_i/fifo_dac_ch_0/inst/fifo_dac_i1/xpm_fifo_async_inst/gnuram_async_fifo.xpm_fifo_base_inst/gen_cdc_pntr.wr_pntr_cdc_inst/dest_graysync_ff_reg[0][6]/C
                         clock pessimism              0.000    -2.435    
    SLICE_X17Y140        FDRE (Hold_fdre_C_D)         0.110    -2.325    i_system_wrapper/system_i/fifo_dac_ch_0/inst/fifo_dac_i1/xpm_fifo_async_inst/gnuram_async_fifo.xpm_fifo_base_inst/gen_cdc_pntr.wr_pntr_cdc_inst/dest_graysync_ff_reg[0][6]
  -------------------------------------------------------------------
                         data arrival                           3.976    
                         clock arrival                         -2.325    
  -------------------------------------------------------------------
                         relative delay                         6.301    



