

================================================================
== Vivado HLS Report for 'mod_sub_entry23'
================================================================
* Date:           Mon Dec 21 15:45:32 2020

* Version:        2019.1.3 (Build 2642998 on Wed Sep 04 10:25:22 MDT 2019)
* Project:        mod_sub
* Solution:       solution1
* Product family: zynq
* Target device:  xc7z045-ffg900-2


================================================================
== Performance Estimates
================================================================
+ Timing (ns): 
    * Summary: 
    +--------+--------+----------+------------+
    |  Clock | Target | Estimated| Uncertainty|
    +--------+--------+----------+------------+
    |ap_clk  |  100.00|     3.401|       12.50|
    +--------+--------+----------+------------+

+ Latency (clock cycles): 
    * Summary: 
    +-----+-----+-----+-----+---------+
    |  Latency  |  Interval | Pipeline|
    | min | max | min | max |   Type  |
    +-----+-----+-----+-----+---------+
    |    0|    0|    0|    0|   none  |
    +-----+-----+-----+-----+---------+

    + Detail: 
        * Instance: 
        N/A

        * Loop: 
        N/A

============================================================
+ Verbose Summary: Synthesis Manager
============================================================
InlineROM: 1
ExposeGlobal: 0
============================================================
+ Verbose Summary: CDFG Model
============================================================
IsTopModel: 0
ResetActiveHigh: 1
IsCombinational: 2
IsDatapathOnly: 0
HasWiredReturn: 1
HasMFsm: 0
HasVarLatency: 0
IsPipeline: 0
IsRtlPipelined: 0
IsInstanceOverlapped: 0
IsDontTouch: 0
HasImplIP: 0
IsGatedGlobalClock: 0


============================================================
+ Verbose Summary: Schedule
============================================================
* Number of FSM states : 1
* Pipeline : 0
* Dataflow Pipeline: 0

* FSM state transitions: 
1 --> 

* FSM state operations: 

State 1 <SV = 0> <Delay = 3.40>
ST_1 : Operation 2 [1/1] (0.00ns)   --->   "call void (...)* @_ssdm_op_SpecInterface(i32* %ix_V_out, [8 x i8]* @ap_fifo_str, i32 0, i32 0, [1 x i8]* @p_str25, i32 0, i32 0, [1 x i8]* @p_str26, [1 x i8]* @p_str27, [1 x i8]* @p_str28, i32 2, i32 2, i32 16, i32 16, [1 x i8]* @p_str29, [11 x i8]* @ScalarProp_str)"   --->   Operation 2 'specinterface' <Predicate = true> <Delay = 0.00>
ST_1 : Operation 3 [1/1] (0.00ns)   --->   "%mux_V_read = call i2 @_ssdm_op_Read.ap_auto.i2(i2 %mux_V)" [../sources/mod_sub.cpp:19]   --->   Operation 3 'read' 'mux_V_read' <Predicate = true> <Delay = 0.00>
ST_1 : Operation 4 [1/1] (0.00ns)   --->   "%period_V_read = call i8 @_ssdm_op_Read.ap_auto.i8(i8 %period_V)" [../sources/mod_sub.cpp:19]   --->   Operation 4 'read' 'period_V_read' <Predicate = true> <Delay = 0.00>
ST_1 : Operation 5 [1/1] (0.00ns)   --->   "%q_mod_V_read = call i8 @_ssdm_op_Read.ap_auto.i8(i8 %q_mod_V)" [../sources/mod_sub.cpp:19]   --->   Operation 5 'read' 'q_mod_V_read' <Predicate = true> <Delay = 0.00>
ST_1 : Operation 6 [1/1] (0.00ns)   --->   "%i_mod_V_read = call i8 @_ssdm_op_Read.ap_auto.i8(i8 %i_mod_V)" [../sources/mod_sub.cpp:19]   --->   Operation 6 'read' 'i_mod_V_read' <Predicate = true> <Delay = 0.00>
ST_1 : Operation 7 [1/1] (0.00ns)   --->   "%qx_V_read = call i32 @_ssdm_op_Read.ap_auto.i32(i32 %qx_V)" [../sources/mod_sub.cpp:19]   --->   Operation 7 'read' 'qx_V_read' <Predicate = true> <Delay = 0.00>
ST_1 : Operation 8 [1/1] (0.00ns)   --->   "%ix_V_read = call i32 @_ssdm_op_Read.ap_auto.i32(i32 %ix_V)" [../sources/mod_sub.cpp:19]   --->   Operation 8 'read' 'ix_V_read' <Predicate = true> <Delay = 0.00>
ST_1 : Operation 9 [1/1] (3.40ns)   --->   "call void @_ssdm_op_Write.ap_fifo.i32P(i32* %ix_V_out, i32 %ix_V_read)" [../sources/mod_sub.cpp:19]   --->   Operation 9 'write' <Predicate = true> <Delay = 3.40> <Core = "FIFO">   --->   Core 32 'FIFO' <Latency = 0> <II = 1> <Delay = 3.40> <Storage> <Opcode : 'read' 'write' 'nbread' 'nbwrite'> <Ports = 0> <Width = 2> <Depth = 2> <FIFO>
ST_1 : Operation 10 [1/1] (0.00ns)   --->   "call void (...)* @_ssdm_op_SpecInterface(i32* %qx_V_out, [8 x i8]* @ap_fifo_str, i32 0, i32 0, [1 x i8]* @p_str30, i32 0, i32 0, [1 x i8]* @p_str31, [1 x i8]* @p_str32, [1 x i8]* @p_str33, i32 2, i32 2, i32 16, i32 16, [1 x i8]* @p_str34, [11 x i8]* @ScalarProp_str)"   --->   Operation 10 'specinterface' <Predicate = true> <Delay = 0.00>
ST_1 : Operation 11 [1/1] (3.40ns)   --->   "call void @_ssdm_op_Write.ap_fifo.i32P(i32* %qx_V_out, i32 %qx_V_read)" [../sources/mod_sub.cpp:19]   --->   Operation 11 'write' <Predicate = true> <Delay = 3.40> <Core = "FIFO">   --->   Core 32 'FIFO' <Latency = 0> <II = 1> <Delay = 3.40> <Storage> <Opcode : 'read' 'write' 'nbread' 'nbwrite'> <Ports = 0> <Width = 2> <Depth = 2> <FIFO>
ST_1 : Operation 12 [1/1] (0.00ns)   --->   "call void (...)* @_ssdm_op_SpecInterface(i8* %i_mod_V_out, [8 x i8]* @ap_fifo_str, i32 0, i32 0, [1 x i8]* @p_str35, i32 0, i32 0, [1 x i8]* @p_str36, [1 x i8]* @p_str37, [1 x i8]* @p_str38, i32 2, i32 2, i32 16, i32 16, [1 x i8]* @p_str39, [11 x i8]* @ScalarProp_str)"   --->   Operation 12 'specinterface' <Predicate = true> <Delay = 0.00>
ST_1 : Operation 13 [1/1] (3.40ns)   --->   "call void @_ssdm_op_Write.ap_fifo.i8P(i8* %i_mod_V_out, i8 %i_mod_V_read)" [../sources/mod_sub.cpp:19]   --->   Operation 13 'write' <Predicate = true> <Delay = 3.40> <Core = "FIFO">   --->   Core 32 'FIFO' <Latency = 0> <II = 1> <Delay = 3.40> <Storage> <Opcode : 'read' 'write' 'nbread' 'nbwrite'> <Ports = 0> <Width = 2> <Depth = 2> <FIFO>
ST_1 : Operation 14 [1/1] (0.00ns)   --->   "call void (...)* @_ssdm_op_SpecInterface(i8* %q_mod_V_out, [8 x i8]* @ap_fifo_str, i32 0, i32 0, [1 x i8]* @p_str40, i32 0, i32 0, [1 x i8]* @p_str41, [1 x i8]* @p_str42, [1 x i8]* @p_str43, i32 2, i32 2, i32 16, i32 16, [1 x i8]* @p_str44, [11 x i8]* @ScalarProp_str)"   --->   Operation 14 'specinterface' <Predicate = true> <Delay = 0.00>
ST_1 : Operation 15 [1/1] (3.40ns)   --->   "call void @_ssdm_op_Write.ap_fifo.i8P(i8* %q_mod_V_out, i8 %q_mod_V_read)" [../sources/mod_sub.cpp:19]   --->   Operation 15 'write' <Predicate = true> <Delay = 3.40> <Core = "FIFO">   --->   Core 32 'FIFO' <Latency = 0> <II = 1> <Delay = 3.40> <Storage> <Opcode : 'read' 'write' 'nbread' 'nbwrite'> <Ports = 0> <Width = 2> <Depth = 2> <FIFO>
ST_1 : Operation 16 [1/1] (0.00ns)   --->   "call void (...)* @_ssdm_op_SpecInterface(i8* %period_V_out, [8 x i8]* @ap_fifo_str, i32 0, i32 0, [1 x i8]* @p_str45, i32 0, i32 0, [1 x i8]* @p_str46, [1 x i8]* @p_str47, [1 x i8]* @p_str48, i32 2, i32 2, i32 16, i32 16, [1 x i8]* @p_str49, [11 x i8]* @ScalarProp_str)"   --->   Operation 16 'specinterface' <Predicate = true> <Delay = 0.00>
ST_1 : Operation 17 [1/1] (3.40ns)   --->   "call void @_ssdm_op_Write.ap_fifo.i8P(i8* %period_V_out, i8 %period_V_read)" [../sources/mod_sub.cpp:19]   --->   Operation 17 'write' <Predicate = true> <Delay = 3.40> <Core = "FIFO">   --->   Core 32 'FIFO' <Latency = 0> <II = 1> <Delay = 3.40> <Storage> <Opcode : 'read' 'write' 'nbread' 'nbwrite'> <Ports = 0> <Width = 2> <Depth = 2> <FIFO>
ST_1 : Operation 18 [1/1] (0.00ns)   --->   "call void (...)* @_ssdm_op_SpecInterface(i2* %mux_V_out, [8 x i8]* @ap_fifo_str, i32 0, i32 0, [1 x i8]* @p_str50, i32 0, i32 0, [1 x i8]* @p_str51, [1 x i8]* @p_str52, [1 x i8]* @p_str53, i32 2, i32 2, i32 16, i32 16, [1 x i8]* @p_str54, [11 x i8]* @ScalarProp_str)"   --->   Operation 18 'specinterface' <Predicate = true> <Delay = 0.00>
ST_1 : Operation 19 [1/1] (3.40ns)   --->   "call void @_ssdm_op_Write.ap_fifo.i2P(i2* %mux_V_out, i2 %mux_V_read)" [../sources/mod_sub.cpp:19]   --->   Operation 19 'write' <Predicate = true> <Delay = 3.40> <Core = "FIFO">   --->   Core 32 'FIFO' <Latency = 0> <II = 1> <Delay = 3.40> <Storage> <Opcode : 'read' 'write' 'nbread' 'nbwrite'> <Ports = 0> <Width = 2> <Depth = 2> <FIFO>
ST_1 : Operation 20 [1/1] (0.00ns)   --->   "ret void" [../sources/mod_sub.cpp:19]   --->   Operation 20 'ret' <Predicate = true> <Delay = 0.00>


============================================================
+ Verbose Summary: Timing violations
============================================================
Target clock period: 100ns, clock uncertainty: 12.5ns.

 <State 1>: 3.4ns
The critical path consists of the following:
	wire read on port 'mux_V' (../sources/mod_sub.cpp:19) [14]  (0 ns)
	fifo write on port 'mux_V_out' (../sources/mod_sub.cpp:19) [30]  (3.4 ns)


============================================================
+ Verbose Summary: Binding
============================================================
N/A
* FSMD analyzer results:
  - Output states:
 - Input state : 
  - Chain level:
	State 1


============================================================
+ Verbose Summary: Datapath Resource usage 
============================================================
N/A
