

================================================================
== Vivado HLS Report for 'Block_proc14'
================================================================
* Date:           Tue Dec 22 13:01:21 2020

* Version:        2019.1.2 (Build 2614775 on Fri Aug 09 16:45:44 MDT 2019)
* Project:        up_conv
* Solution:       solution1
* Product family: zynq
* Target device:  xc7z045-ffg900-2


================================================================
== Performance Estimates
================================================================
+ Timing (ns): 
    * Summary: 
    +--------+-------+----------+------------+
    |  Clock | Target| Estimated| Uncertainty|
    +--------+-------+----------+------------+
    |ap_clk  |  10.00|     3.401|        1.25|
    +--------+-------+----------+------------+

+ Latency (clock cycles): 
    * Summary: 
    +-----+-----+-----+-----+---------+
    |  Latency  |  Interval | Pipeline|
    | min | max | min | max |   Type  |
    +-----+-----+-----+-----+---------+
    |    0|    0|    0|    0|   none  |
    +-----+-----+-----+-----+---------+

    + Detail: 
        * Instance: 
        N/A

        * Loop: 
        N/A

============================================================
+ Verbose Summary: Synthesis Manager
============================================================
InlineROM: 1
ExposeGlobal: 0
============================================================
+ Verbose Summary: CDFG Model
============================================================
IsTopModel: 0
ResetActiveHigh: 1
IsCombinational: 2
IsDatapathOnly: 0
HasWiredReturn: 1
HasMFsm: 0
HasVarLatency: 0
IsPipeline: 0
IsRtlPipelined: 0
IsInstanceOverlapped: 0
IsDontTouch: 0
HasImplIP: 0
IsGatedGlobalClock: 0


============================================================
+ Verbose Summary: Schedule
============================================================
* Number of FSM states : 1
* Pipeline : 0
* Dataflow Pipeline: 0

* FSM state transitions: 
1 --> 

* FSM state operations: 

State 1 <SV = 0> <Delay = 3.40>
ST_1 : Operation 2 [1/1] (0.00ns)   --->   "call void (...)* @_ssdm_op_SpecInterface(i1* %q_tmp_out, [8 x i8]* @ap_fifo_str, i32 0, i32 0, [1 x i8]* @p_str16, i32 0, i32 0, [1 x i8]* @p_str17, [1 x i8]* @p_str18, [1 x i8]* @p_str19, i32 2, i32 2, i32 16, i32 16, [1 x i8]* @p_str20, [1 x i8]* @p_str21)"   --->   Operation 2 'specinterface' <Predicate = true> <Delay = 0.00>
ST_1 : Operation 3 [1/1] (0.00ns)   --->   "call void (...)* @_ssdm_op_SpecInterface(i32* %x_i_out, [8 x i8]* @ap_fifo_str, i32 0, i32 0, [1 x i8]* @p_str22, i32 0, i32 0, [1 x i8]* @p_str23, [1 x i8]* @p_str24, [1 x i8]* @p_str25, i32 2, i32 2, i32 16, i32 16, [1 x i8]* @p_str26, [11 x i8]* @ScalarProp_str)"   --->   Operation 3 'specinterface' <Predicate = true> <Delay = 0.00>
ST_1 : Operation 4 [1/1] (0.00ns)   --->   "%ref_q_V_read = call i8 @_ssdm_op_Read.ap_auto.i8(i8 %ref_q_V)" [../sources/up_conv.cpp:20]   --->   Operation 4 'read' 'ref_q_V_read' <Predicate = true> <Delay = 0.00>
ST_1 : Operation 5 [1/1] (0.00ns)   --->   "%ref_i_V_read = call i8 @_ssdm_op_Read.ap_auto.i8(i8 %ref_i_V)" [../sources/up_conv.cpp:20]   --->   Operation 5 'read' 'ref_i_V_read' <Predicate = true> <Delay = 0.00>
ST_1 : Operation 6 [1/1] (0.00ns)   --->   "%x_q_read = call i32 @_ssdm_op_Read.ap_auto.i32(i32 %x_q)" [../sources/up_conv.cpp:20]   --->   Operation 6 'read' 'x_q_read' <Predicate = true> <Delay = 0.00>
ST_1 : Operation 7 [1/1] (0.00ns)   --->   "%x_i_read = call i32 @_ssdm_op_Read.ap_auto.i32(i32 %x_i)" [../sources/up_conv.cpp:20]   --->   Operation 7 'read' 'x_i_read' <Predicate = true> <Delay = 0.00>
ST_1 : Operation 8 [1/1] (3.40ns)   --->   "call void @_ssdm_op_Write.ap_fifo.i32P(i32* %x_i_out, i32 %x_i_read)" [../sources/up_conv.cpp:20]   --->   Operation 8 'write' <Predicate = true> <Delay = 3.40> <Core = "FIFO">   --->   Core 32 'FIFO' <Latency = 0> <II = 1> <Delay = 3.40> <Storage> <Opcode : 'read' 'write' 'nbread' 'nbwrite'> <Ports = 0> <Width = 1> <Depth = 2> <FIFO>
ST_1 : Operation 9 [1/1] (0.00ns)   --->   "call void (...)* @_ssdm_op_SpecInterface(i32* %x_q_out, [8 x i8]* @ap_fifo_str, i32 0, i32 0, [1 x i8]* @p_str27, i32 0, i32 0, [1 x i8]* @p_str28, [1 x i8]* @p_str29, [1 x i8]* @p_str30, i32 2, i32 2, i32 16, i32 16, [1 x i8]* @p_str31, [11 x i8]* @ScalarProp_str)"   --->   Operation 9 'specinterface' <Predicate = true> <Delay = 0.00>
ST_1 : Operation 10 [1/1] (3.40ns)   --->   "call void @_ssdm_op_Write.ap_fifo.i32P(i32* %x_q_out, i32 %x_q_read)" [../sources/up_conv.cpp:20]   --->   Operation 10 'write' <Predicate = true> <Delay = 3.40> <Core = "FIFO">   --->   Core 32 'FIFO' <Latency = 0> <II = 1> <Delay = 3.40> <Storage> <Opcode : 'read' 'write' 'nbread' 'nbwrite'> <Ports = 0> <Width = 1> <Depth = 2> <FIFO>
ST_1 : Operation 11 [1/1] (0.00ns)   --->   "call void (...)* @_ssdm_op_SpecInterface(i8* %ref_i_V_out, [8 x i8]* @ap_fifo_str, i32 0, i32 0, [1 x i8]* @p_str32, i32 0, i32 0, [1 x i8]* @p_str33, [1 x i8]* @p_str34, [1 x i8]* @p_str35, i32 2, i32 2, i32 16, i32 16, [1 x i8]* @p_str36, [11 x i8]* @ScalarProp_str)"   --->   Operation 11 'specinterface' <Predicate = true> <Delay = 0.00>
ST_1 : Operation 12 [1/1] (3.40ns)   --->   "call void @_ssdm_op_Write.ap_fifo.i8P(i8* %ref_i_V_out, i8 %ref_i_V_read)" [../sources/up_conv.cpp:20]   --->   Operation 12 'write' <Predicate = true> <Delay = 3.40> <Core = "FIFO">   --->   Core 32 'FIFO' <Latency = 0> <II = 1> <Delay = 3.40> <Storage> <Opcode : 'read' 'write' 'nbread' 'nbwrite'> <Ports = 0> <Width = 1> <Depth = 2> <FIFO>
ST_1 : Operation 13 [1/1] (0.00ns)   --->   "call void (...)* @_ssdm_op_SpecInterface(i8* %ref_q_V_out, [8 x i8]* @ap_fifo_str, i32 0, i32 0, [1 x i8]* @p_str37, i32 0, i32 0, [1 x i8]* @p_str38, [1 x i8]* @p_str39, [1 x i8]* @p_str40, i32 2, i32 2, i32 16, i32 16, [1 x i8]* @p_str41, [11 x i8]* @ScalarProp_str)"   --->   Operation 13 'specinterface' <Predicate = true> <Delay = 0.00>
ST_1 : Operation 14 [1/1] (3.40ns)   --->   "call void @_ssdm_op_Write.ap_fifo.i8P(i8* %ref_q_V_out, i8 %ref_q_V_read)" [../sources/up_conv.cpp:20]   --->   Operation 14 'write' <Predicate = true> <Delay = 3.40> <Core = "FIFO">   --->   Core 32 'FIFO' <Latency = 0> <II = 1> <Delay = 3.40> <Storage> <Opcode : 'read' 'write' 'nbread' 'nbwrite'> <Ports = 0> <Width = 1> <Depth = 2> <FIFO>
ST_1 : Operation 15 [1/1] (3.40ns)   --->   "call void @_ssdm_op_Write.ap_fifo.i1P(i1* %q_tmp_out, i1 false)" [../sources/up_conv.cpp:21->../sources/up_conv.cpp:20]   --->   Operation 15 'write' <Predicate = true> <Delay = 3.40> <Core = "FIFO">   --->   Core 32 'FIFO' <Latency = 0> <II = 1> <Delay = 3.40> <Storage> <Opcode : 'read' 'write' 'nbread' 'nbwrite'> <Ports = 0> <Width = 1> <Depth = 2> <FIFO>
ST_1 : Operation 16 [1/1] (0.00ns)   --->   "ret void"   --->   Operation 16 'ret' <Predicate = true> <Delay = 0.00>


============================================================
+ Verbose Summary: Timing violations
============================================================
Target clock period: 10ns, clock uncertainty: 1.25ns.

 <State 1>: 3.4ns
The critical path consists of the following:
	wire read on port 'ref_q_V' (../sources/up_conv.cpp:20) [12]  (0 ns)
	fifo write on port 'ref_q_V_out' (../sources/up_conv.cpp:20) [22]  (3.4 ns)


============================================================
+ Verbose Summary: Binding
============================================================
N/A
* FSMD analyzer results:
  - Output states:
 - Input state : 
  - Chain level:
	State 1


============================================================
+ Verbose Summary: Datapath Resource usage 
============================================================
N/A
