Copyright 1986-2019 Xilinx, Inc. All Rights Reserved.
----------------------------------------------------------------------------------------------
| Tool Version : Vivado v.2019.1.2 (win64) Build 2615518 Fri Aug  9 15:55:25 MDT 2019
| Date         : Thu Dec 10 10:28:34 2020
| Host         : LAPTOP-KSVOJTV9 running 64-bit major release  (build 9200)
| Command      : report_clock_utilization -file design_1_wrapper_clock_utilization_routed.rpt
| Design       : design_1_wrapper
| Device       : 7z045-ffg900
| Speed File   : -2  PRODUCTION 1.11 2014-09-11
| Design State : Routed
----------------------------------------------------------------------------------------------

Clock Utilization Report

Table of Contents
-----------------
1. Clock Primitive Utilization
2. Global Clock Resources
3. Global Clock Source Details
4. Clock Regions: Key Resource Utilization
5. Clock Regions : Global Clock Summary
6. Device Cell Placement Summary for Global Clock g0
7. Device Cell Placement Summary for Global Clock g1
8. Device Cell Placement Summary for Global Clock g2
9. Device Cell Placement Summary for Global Clock g3
10. Clock Region Cell Placement per Global Clock: Region X1Y2
11. Clock Region Cell Placement per Global Clock: Region X0Y3
12. Clock Region Cell Placement per Global Clock: Region X1Y3
13. Clock Region Cell Placement per Global Clock: Region X0Y4
14. Clock Region Cell Placement per Global Clock: Region X1Y4
15. Clock Region Cell Placement per Global Clock: Region X1Y5

1. Clock Primitive Utilization
------------------------------

+----------+------+-----------+-----+--------------+--------+
| Type     | Used | Available | LOC | Clock Region | Pblock |
+----------+------+-----------+-----+--------------+--------+
| BUFGCTRL |    4 |        32 |   0 |            0 |      0 |
| BUFH     |    0 |       168 |   0 |            0 |      0 |
| BUFIO    |    0 |        32 |   0 |            0 |      0 |
| BUFMR    |    0 |        16 |   0 |            0 |      0 |
| BUFR     |    0 |        32 |   0 |            0 |      0 |
| MMCM     |    1 |         8 |   0 |            0 |      0 |
| PLL      |    0 |         8 |   0 |            0 |      0 |
+----------+------+-----------+-----+--------------+--------+


2. Global Clock Resources
-------------------------

+-----------+-----------+-----------------+------------+----------------+--------------+-------------------+-------------+-----------------+--------------+--------------------------------------------------------------------------------------------+----------------------------------------------------------------------+-------------------------------------------------------------+
| Global Id | Source Id | Driver Type/Pin | Constraint | Site           | Clock Region | Load Clock Region | Clock Loads | Non-Clock Loads | Clock Period | Clock                                                                                      | Driver Pin                                                           | Net                                                         |
+-----------+-----------+-----------------+------------+----------------+--------------+-------------------+-------------+-----------------+--------------+--------------------------------------------------------------------------------------------+----------------------------------------------------------------------+-------------------------------------------------------------+
| g0        | src0      | BUFG/O          | None       | BUFGCTRL_X0Y16 | n/a          |                 5 |        2859 |               0 |        4.000 | clk_out2_design_1_clk_wiz_0_0                                                              | design_1_i/clk_wiz_0/inst/clkout2_buf/O                              | design_1_i/clk_wiz_0/inst/clk_out2                          |
| g1        | src0      | BUFG/O          | None       | BUFGCTRL_X0Y17 | n/a          |                 2 |        2386 |               0 |       40.000 | clk_out1_design_1_clk_wiz_0_0                                                              | design_1_i/clk_wiz_0/inst/clkout1_buf/O                              | design_1_i/clk_wiz_0/inst/clk_out1                          |
| g2        | src1      | BUFG/O          | None       | BUFGCTRL_X0Y0  | n/a          |                 1 |         465 |               0 |       33.000 | dbg_hub/inst/BSCANID.u_xsdbm_id/SWITCH_N_EXT_BSCAN.bscan_inst/SERIES7_BSCAN.bscan_inst/TCK | dbg_hub/inst/BSCANID.u_xsdbm_id/SWITCH_N_EXT_BSCAN.u_bufg_icon_tck/O | dbg_hub/inst/BSCANID.u_xsdbm_id/itck_i                      |
| g3        | src0      | BUFG/O          | None       | BUFGCTRL_X0Y18 | n/a          |                 1 |           1 |               0 |        5.000 | clkfbout_design_1_clk_wiz_0_0                                                              | design_1_i/clk_wiz_0/inst/clkf_buf/O                                 | design_1_i/clk_wiz_0/inst/clkfbout_buf_design_1_clk_wiz_0_0 |
+-----------+-----------+-----------------+------------+----------------+--------------+-------------------+-------------+-----------------+--------------+--------------------------------------------------------------------------------------------+----------------------------------------------------------------------+-------------------------------------------------------------+
* Clock Loads column represents the clock pin loads (pin count)
** Non-Clock Loads column represents the non-clock pin loads (pin count)


3. Global Clock Source Details
------------------------------

+-----------+-----------+---------------------+------------+-----------------+--------------+-------------+-----------------+---------------------+--------------------------------------------------------------------------------------------+--------------------------------------------------------------------------------------------+----------------------------------------------------------------------+
| Source Id | Global Id | Driver Type/Pin     | Constraint | Site            | Clock Region | Clock Loads | Non-Clock Loads | Source Clock Period | Source Clock                                                                               | Driver Pin                                                                                 | Net                                                                  |
+-----------+-----------+---------------------+------------+-----------------+--------------+-------------+-----------------+---------------------+--------------------------------------------------------------------------------------------+--------------------------------------------------------------------------------------------+----------------------------------------------------------------------+
| src0      | g1        | MMCME2_ADV/CLKOUT0  | None       | MMCME2_ADV_X1Y5 | X1Y5         |           1 |               0 |              40.000 | clk_out1_design_1_clk_wiz_0_0                                                              | design_1_i/clk_wiz_0/inst/mmcm_adv_inst/CLKOUT0                                            | design_1_i/clk_wiz_0/inst/clk_out1_design_1_clk_wiz_0_0              |
| src0      | g0        | MMCME2_ADV/CLKOUT1  | None       | MMCME2_ADV_X1Y5 | X1Y5         |           1 |               0 |               4.000 | clk_out2_design_1_clk_wiz_0_0                                                              | design_1_i/clk_wiz_0/inst/mmcm_adv_inst/CLKOUT1                                            | design_1_i/clk_wiz_0/inst/clk_out2_design_1_clk_wiz_0_0              |
| src0      | g3        | MMCME2_ADV/CLKFBOUT | None       | MMCME2_ADV_X1Y5 | X1Y5         |           1 |               0 |               5.000 | clkfbout_design_1_clk_wiz_0_0                                                              | design_1_i/clk_wiz_0/inst/mmcm_adv_inst/CLKFBOUT                                           | design_1_i/clk_wiz_0/inst/clkfbout_design_1_clk_wiz_0_0              |
| src1      | g2        | BSCANE2/TCK         | None       | BSCAN_X0Y0      | X1Y5         |           1 |               0 |              33.000 | dbg_hub/inst/BSCANID.u_xsdbm_id/SWITCH_N_EXT_BSCAN.bscan_inst/SERIES7_BSCAN.bscan_inst/TCK | dbg_hub/inst/BSCANID.u_xsdbm_id/SWITCH_N_EXT_BSCAN.bscan_inst/SERIES7_BSCAN.bscan_inst/TCK | dbg_hub/inst/BSCANID.u_xsdbm_id/SWITCH_N_EXT_BSCAN.bscan_inst/tck_bs |
+-----------+-----------+---------------------+------------+-----------------+--------------+-------------+-----------------+---------------------+--------------------------------------------------------------------------------------------+--------------------------------------------------------------------------------------------+----------------------------------------------------------------------+
* Clock Loads column represents the clock pin loads (pin count)
** Non-Clock Loads column represents the non-clock pin loads (pin count)


4. Clock Regions: Key Resource Utilization
------------------------------------------

+-------------------+--------------+--------------+--------------+--------------+--------------+--------------+--------------+--------------+--------------+--------------+--------------+--------------+--------------+--------------+--------------+
|                   | Global Clock |     BUFRs    |    BUFMRs    |    BUFIOs    |     MMCM     |      PLL     |      GT      |      PCI     |    ILOGIC    |    OLOGIC    |      FF      |     LUTM     |    RAMB18    |    RAMB36    |    DSP48E2   |
+-------------------+------+-------+------+-------+------+-------+------+-------+------+-------+------+-------+------+-------+------+-------+------+-------+------+-------+------+-------+------+-------+------+-------+------+-------+------+-------+
| Clock Region Name | Used | Avail | Used | Avail | Used | Avail | Used | Avail | Used | Avail | Used | Avail | Used | Avail | Used | Avail | Used | Avail | Used | Avail | Used | Avail | Used | Avail | Used | Avail | Used | Avail | Used | Avail |
+-------------------+------+-------+------+-------+------+-------+------+-------+------+-------+------+-------+------+-------+------+-------+------+-------+------+-------+------+-------+------+-------+------+-------+------+-------+------+-------+
| X0Y0              |    0 |    12 |    0 |     4 |    0 |     2 |    0 |     4 |    0 |     1 |    0 |     1 |    0 |     0 |    0 |     0 |    0 |    50 |    0 |    50 |    0 |  4500 |    0 |  1600 |    0 |    80 |    0 |    40 |    0 |    80 |
| X1Y0              |    0 |    12 |    0 |     0 |    0 |     0 |    0 |     0 |    0 |     0 |    0 |     0 |    0 |     4 |    0 |     0 |    0 |     0 |    0 |     0 |    0 |  3700 |    0 |  1050 |    0 |    80 |    0 |    40 |    0 |    60 |
| X0Y1              |    0 |    12 |    0 |     4 |    0 |     2 |    0 |     4 |    0 |     1 |    0 |     1 |    0 |     0 |    0 |     0 |    0 |    50 |    0 |    50 |    0 |  4500 |    0 |  1600 |    0 |    80 |    0 |    40 |    0 |    80 |
| X1Y1              |    0 |    12 |    0 |     0 |    0 |     0 |    0 |     0 |    0 |     0 |    0 |     0 |    0 |     4 |    0 |     0 |    0 |     0 |    0 |     0 |    0 |  3700 |    0 |  1050 |    0 |    80 |    0 |    40 |    0 |    60 |
| X0Y2              |    0 |    12 |    0 |     4 |    0 |     2 |    0 |     4 |    0 |     1 |    0 |     1 |    0 |     0 |    0 |     0 |    0 |    50 |    0 |    50 |    0 |  4500 |    0 |  1600 |    0 |    80 |    0 |    40 |    0 |    80 |
| X1Y2              |    1 |    12 |    0 |     0 |    0 |     0 |    0 |     0 |    0 |     0 |    0 |     0 |    0 |     4 |    0 |     0 |    0 |     0 |    0 |     0 |    0 |  3700 |    0 |  1050 |    0 |    80 |    0 |    40 |    5 |    60 |
| X0Y3              |    1 |    12 |    0 |     4 |    0 |     2 |    0 |     4 |    0 |     1 |    0 |     1 |    0 |     0 |    0 |     0 |    0 |    50 |    0 |    50 |  203 |  4500 |  169 |  1600 |    0 |    80 |    0 |    40 |   31 |    80 |
| X1Y3              |    1 |    12 |    0 |     0 |    0 |     0 |    0 |     0 |    0 |     0 |    0 |     0 |    0 |     4 |    0 |     1 |    0 |     0 |    0 |     0 |  252 |  3550 |  222 |  1000 |    0 |    70 |    0 |    35 |   24 |    60 |
| X0Y4              |    2 |    12 |    0 |     4 |    0 |     2 |    0 |     4 |    0 |     1 |    0 |     1 |    0 |     0 |    0 |     0 |    0 |    50 |    0 |    50 | 2249 |  4500 |  727 |  1600 |    0 |    80 |    4 |    40 |   43 |    80 |
| X1Y4              |    3 |    12 |    0 |     4 |    0 |     2 |    0 |     4 |    0 |     1 |    0 |     1 |    0 |     0 |    0 |     0 |    0 |    50 |    0 |    50 | 2448 |  4100 |  945 |  1150 |    1 |   100 |    3 |    50 |   31 |    60 |
| X0Y5              |    0 |    12 |    0 |     0 |    0 |     0 |    0 |     0 |    0 |     0 |    0 |     0 |    0 |     0 |    0 |     0 |    0 |     0 |    0 |     0 |    0 |  3200 |    0 |  1000 |    0 |    40 |    0 |    20 |    0 |    40 |
| X1Y5              |    1 |    12 |    0 |     4 |    0 |     2 |    0 |     4 |    1 |     1 |    0 |     1 |    0 |     0 |    0 |     0 |    0 |    50 |    0 |    50 |    0 |  3500 |    0 |  1150 |    0 |   100 |    0 |    50 |    0 |    60 |
| X0Y6              |    0 |    12 |    0 |     0 |    0 |     0 |    0 |     0 |    0 |     0 |    0 |     0 |    0 |     0 |    0 |     0 |    0 |     0 |    0 |     0 |    0 |  3200 |    0 |  1000 |    0 |    40 |    0 |    20 |    0 |    40 |
| X1Y6              |    0 |    12 |    0 |     4 |    0 |     2 |    0 |     4 |    0 |     1 |    0 |     1 |    0 |     0 |    0 |     0 |    0 |    50 |    0 |    50 |    0 |  3500 |    0 |  1150 |    0 |   100 |    0 |    50 |    0 |    60 |
+-------------------+------+-------+------+-------+------+-------+------+-------+------+-------+------+-------+------+-------+------+-------+------+-------+------+-------+------+-------+------+-------+------+-------+------+-------+------+-------+
* Global Clock column represents track count; while other columns represents cell counts


5. Clock Regions : Global Clock Summary
---------------------------------------

All Modules
+----+----+----+
|    | X0 | X1 |
+----+----+----+
| Y6 |  0 |  0 |
| Y5 |  0 |  1 |
| Y4 |  2 |  3 |
| Y3 |  1 |  1 |
| Y2 |  0 |  1 |
| Y1 |  0 |  0 |
| Y0 |  0 |  0 |
+----+----+----+


6. Device Cell Placement Summary for Global Clock g0
----------------------------------------------------

+-----------+-----------------+-------------------+-------------------------------+-------------+---------------+-------------+----------+----------------+----------+------------------------------------+
| Global Id | Driver Type/Pin | Driver Region (D) | Clock                         | Period (ns) | Waveform (ns) | Slice Loads | IO Loads | Clocking Loads | GT Loads | Net                                |
+-----------+-----------------+-------------------+-------------------------------+-------------+---------------+-------------+----------+----------------+----------+------------------------------------+
| g0        | BUFG/O          | n/a               | clk_out2_design_1_clk_wiz_0_0 |       4.000 | {0.000 2.000} |        2858 |        0 |              0 |        0 | design_1_i/clk_wiz_0/inst/clk_out2 |
+-----------+-----------------+-------------------+-------------------------------+-------------+---------------+-------------+----------+----------------+----------+------------------------------------+
* Slice Loads column represents load cell count of all cell types other than IO, GT and clock resources
** IO Loads column represents load cell count of IO types
*** Clocking Loads column represents load cell count that are clock resources (global clock buffer, MMCM, PLL, etc)
**** GT Loads column represents load cell count of GT types


+----+-------+------+
|    | X0    | X1   |
+----+-------+------+
| Y6 |     0 |    0 |
| Y5 |     0 |    0 |
| Y4 |  1318 |  905 |
| Y3 |   290 |  340 |
| Y2 |     0 |    5 |
| Y1 |     0 |    0 |
| Y0 |     0 |    0 |
+----+-------+------+


7. Device Cell Placement Summary for Global Clock g1
----------------------------------------------------

+-----------+-----------------+-------------------+-------------------------------+-------------+----------------+-------------+----------+----------------+----------+------------------------------------+
| Global Id | Driver Type/Pin | Driver Region (D) | Clock                         | Period (ns) | Waveform (ns)  | Slice Loads | IO Loads | Clocking Loads | GT Loads | Net                                |
+-----------+-----------------+-------------------+-------------------------------+-------------+----------------+-------------+----------+----------------+----------+------------------------------------+
| g1        | BUFG/O          | n/a               | clk_out1_design_1_clk_wiz_0_0 |      40.000 | {0.000 20.000} |        2306 |        0 |              0 |        0 | design_1_i/clk_wiz_0/inst/clk_out1 |
+-----------+-----------------+-------------------+-------------------------------+-------------+----------------+-------------+----------+----------------+----------+------------------------------------+
* Slice Loads column represents load cell count of all cell types other than IO, GT and clock resources
** IO Loads column represents load cell count of IO types
*** Clocking Loads column represents load cell count that are clock resources (global clock buffer, MMCM, PLL, etc)
**** GT Loads column represents load cell count of GT types


+----+-------+-------+
|    | X0    | X1    |
+----+-------+-------+
| Y6 |     0 |     0 |
| Y5 |     0 |     0 |
| Y4 |  1117 |  1189 |
| Y3 |     0 |     0 |
| Y2 |     0 |     0 |
| Y1 |     0 |     0 |
| Y0 |     0 |     0 |
+----+-------+-------+


8. Device Cell Placement Summary for Global Clock g2
----------------------------------------------------

+-----------+-----------------+-------------------+--------------------------------------------------------------------------------------------+-------------+----------------+-------------+----------+----------------+----------+----------------------------------------+
| Global Id | Driver Type/Pin | Driver Region (D) | Clock                                                                                      | Period (ns) | Waveform (ns)  | Slice Loads | IO Loads | Clocking Loads | GT Loads | Net                                    |
+-----------+-----------------+-------------------+--------------------------------------------------------------------------------------------+-------------+----------------+-------------+----------+----------------+----------+----------------------------------------+
| g2        | BUFG/O          | n/a               | dbg_hub/inst/BSCANID.u_xsdbm_id/SWITCH_N_EXT_BSCAN.bscan_inst/SERIES7_BSCAN.bscan_inst/TCK |      33.000 | {0.000 16.500} |         462 |        0 |              0 |        0 | dbg_hub/inst/BSCANID.u_xsdbm_id/itck_i |
+-----------+-----------------+-------------------+--------------------------------------------------------------------------------------------+-------------+----------------+-------------+----------+----------------+----------+----------------------------------------+
* Slice Loads column represents load cell count of all cell types other than IO, GT and clock resources
** IO Loads column represents load cell count of IO types
*** Clocking Loads column represents load cell count that are clock resources (global clock buffer, MMCM, PLL, etc)
**** GT Loads column represents load cell count of GT types


+----+----+------+
|    | X0 | X1   |
+----+----+------+
| Y6 |  0 |    0 |
| Y5 |  0 |    0 |
| Y4 |  0 |  462 |
| Y3 |  0 |    0 |
| Y2 |  0 |    0 |
| Y1 |  0 |    0 |
| Y0 |  0 |    0 |
+----+----+------+


9. Device Cell Placement Summary for Global Clock g3
----------------------------------------------------

+-----------+-----------------+-------------------+-------------------------------+-------------+---------------+-------------+----------+----------------+----------+-------------------------------------------------------------+
| Global Id | Driver Type/Pin | Driver Region (D) | Clock                         | Period (ns) | Waveform (ns) | Slice Loads | IO Loads | Clocking Loads | GT Loads | Net                                                         |
+-----------+-----------------+-------------------+-------------------------------+-------------+---------------+-------------+----------+----------------+----------+-------------------------------------------------------------+
| g3        | BUFG/O          | n/a               | clkfbout_design_1_clk_wiz_0_0 |       5.000 | {0.000 2.500} |           0 |        0 |              1 |        0 | design_1_i/clk_wiz_0/inst/clkfbout_buf_design_1_clk_wiz_0_0 |
+-----------+-----------------+-------------------+-------------------------------+-------------+---------------+-------------+----------+----------------+----------+-------------------------------------------------------------+
* Slice Loads column represents load cell count of all cell types other than IO, GT and clock resources
** IO Loads column represents load cell count of IO types
*** Clocking Loads column represents load cell count that are clock resources (global clock buffer, MMCM, PLL, etc)
**** GT Loads column represents load cell count of GT types


+----+----+----+
|    | X0 | X1 |
+----+----+----+
| Y6 |  0 |  0 |
| Y5 |  0 |  1 |
| Y4 |  0 |  0 |
| Y3 |  0 |  0 |
| Y2 |  0 |  0 |
| Y1 |  0 |  0 |
| Y0 |  0 |  0 |
+----+----+----+


10. Clock Region Cell Placement per Global Clock: Region X1Y2
-------------------------------------------------------------

+-----------+-------+-----------------+------------+-------------+-----------------+----+--------+------+-----+----+------+-----+---------+------------------------------------+
| Global Id | Track | Driver Type/Pin | Constraint | Clock Loads | Non-Clock Loads | FF | LUTRAM | RAMB | DSP | GT | MMCM | PLL | Hard IP | Net                                |
+-----------+-------+-----------------+------------+-------------+-----------------+----+--------+------+-----+----+------+-----+---------+------------------------------------+
| g0        | n/a   | BUFG/O          | None       |           5 |               0 |  0 |      0 |    0 |   5 |  0 |    0 |   0 |       0 | design_1_i/clk_wiz_0/inst/clk_out2 |
+-----------+-------+-----------------+------------+-------------+-----------------+----+--------+------+-----+----+------+-----+---------+------------------------------------+
* Clock Loads column represents the clock pin loads (pin count)
** Non-Clock Loads column represents the non-clock pin loads (pin count)
*** Columns FF, LUTRAM, RAMB through 'Hard IP' represents load cell counts


11. Clock Region Cell Placement per Global Clock: Region X0Y3
-------------------------------------------------------------

+-----------+-------+-----------------+------------+-------------+-----------------+-----+--------+------+-----+----+------+-----+---------+------------------------------------+
| Global Id | Track | Driver Type/Pin | Constraint | Clock Loads | Non-Clock Loads | FF  | LUTRAM | RAMB | DSP | GT | MMCM | PLL | Hard IP | Net                                |
+-----------+-------+-----------------+------------+-------------+-----------------+-----+--------+------+-----+----+------+-----+---------+------------------------------------+
| g0        | n/a   | BUFG/O          | None       |         290 |               0 | 203 |     56 |    0 |  31 |  0 |    0 |   0 |       0 | design_1_i/clk_wiz_0/inst/clk_out2 |
+-----------+-------+-----------------+------------+-------------+-----------------+-----+--------+------+-----+----+------+-----+---------+------------------------------------+
* Clock Loads column represents the clock pin loads (pin count)
** Non-Clock Loads column represents the non-clock pin loads (pin count)
*** Columns FF, LUTRAM, RAMB through 'Hard IP' represents load cell counts


12. Clock Region Cell Placement per Global Clock: Region X1Y3
-------------------------------------------------------------

+-----------+-------+-----------------+------------+-------------+-----------------+-----+--------+------+-----+----+------+-----+---------+------------------------------------+
| Global Id | Track | Driver Type/Pin | Constraint | Clock Loads | Non-Clock Loads | FF  | LUTRAM | RAMB | DSP | GT | MMCM | PLL | Hard IP | Net                                |
+-----------+-------+-----------------+------------+-------------+-----------------+-----+--------+------+-----+----+------+-----+---------+------------------------------------+
| g0        | n/a   | BUFG/O          | None       |         340 |               0 | 252 |     64 |    0 |  24 |  0 |    0 |   0 |       0 | design_1_i/clk_wiz_0/inst/clk_out2 |
+-----------+-------+-----------------+------------+-------------+-----------------+-----+--------+------+-----+----+------+-----+---------+------------------------------------+
* Clock Loads column represents the clock pin loads (pin count)
** Non-Clock Loads column represents the non-clock pin loads (pin count)
*** Columns FF, LUTRAM, RAMB through 'Hard IP' represents load cell counts


13. Clock Region Cell Placement per Global Clock: Region X0Y4
-------------------------------------------------------------

+-----------+-------+-----------------+------------+-------------+-----------------+------+--------+------+-----+----+------+-----+---------+------------------------------------+
| Global Id | Track | Driver Type/Pin | Constraint | Clock Loads | Non-Clock Loads | FF   | LUTRAM | RAMB | DSP | GT | MMCM | PLL | Hard IP | Net                                |
+-----------+-------+-----------------+------------+-------------+-----------------+------+--------+------+-----+----+------+-----+---------+------------------------------------+
| g0        | n/a   | BUFG/O          | None       |        1318 |               0 | 1169 |    102 |    4 |  43 |  0 |    0 |   0 |       0 | design_1_i/clk_wiz_0/inst/clk_out2 |
| g1        | n/a   | BUFG/O          | None       |        1117 |               0 | 1080 |     33 |    4 |   0 |  0 |    0 |   0 |       0 | design_1_i/clk_wiz_0/inst/clk_out1 |
+-----------+-------+-----------------+------------+-------------+-----------------+------+--------+------+-----+----+------+-----+---------+------------------------------------+
* Clock Loads column represents the clock pin loads (pin count)
** Non-Clock Loads column represents the non-clock pin loads (pin count)
*** Columns FF, LUTRAM, RAMB through 'Hard IP' represents load cell counts


14. Clock Region Cell Placement per Global Clock: Region X1Y4
-------------------------------------------------------------

+-----------+-------+-----------------+------------+-------------+-----------------+------+--------+------+-----+----+------+-----+---------+----------------------------------------+
| Global Id | Track | Driver Type/Pin | Constraint | Clock Loads | Non-Clock Loads | FF   | LUTRAM | RAMB | DSP | GT | MMCM | PLL | Hard IP | Net                                    |
+-----------+-------+-----------------+------------+-------------+-----------------+------+--------+------+-----+----+------+-----+---------+----------------------------------------+
| g0        | n/a   | BUFG/O          | None       |         905 |               0 |  804 |     65 |    3 |  31 |  0 |    0 |   0 |       0 | design_1_i/clk_wiz_0/inst/clk_out2     |
| g1        | n/a   | BUFG/O          | None       |        1189 |               0 | 1182 |      2 |    4 |   0 |  0 |    0 |   0 |       0 | design_1_i/clk_wiz_0/inst/clk_out1     |
| g2        | n/a   | BUFG/O          | None       |         462 |               0 |  462 |      0 |    0 |   0 |  0 |    0 |   0 |       0 | dbg_hub/inst/BSCANID.u_xsdbm_id/itck_i |
+-----------+-------+-----------------+------------+-------------+-----------------+------+--------+------+-----+----+------+-----+---------+----------------------------------------+
* Clock Loads column represents the clock pin loads (pin count)
** Non-Clock Loads column represents the non-clock pin loads (pin count)
*** Columns FF, LUTRAM, RAMB through 'Hard IP' represents load cell counts


15. Clock Region Cell Placement per Global Clock: Region X1Y5
-------------------------------------------------------------

+-----------+-------+-----------------+------------+-------------+-----------------+----+--------+------+-----+----+------+-----+---------+-------------------------------------------------------------+
| Global Id | Track | Driver Type/Pin | Constraint | Clock Loads | Non-Clock Loads | FF | LUTRAM | RAMB | DSP | GT | MMCM | PLL | Hard IP | Net                                                         |
+-----------+-------+-----------------+------------+-------------+-----------------+----+--------+------+-----+----+------+-----+---------+-------------------------------------------------------------+
| g3        | n/a   | BUFG/O          | None       |           1 |               0 |  0 |      0 |    0 |   0 |  0 |    1 |   0 |       0 | design_1_i/clk_wiz_0/inst/clkfbout_buf_design_1_clk_wiz_0_0 |
+-----------+-------+-----------------+------------+-------------+-----------------+----+--------+------+-----+----+------+-----+---------+-------------------------------------------------------------+
* Clock Loads column represents the clock pin loads (pin count)
** Non-Clock Loads column represents the non-clock pin loads (pin count)
*** Columns FF, LUTRAM, RAMB through 'Hard IP' represents load cell counts



# Location of BUFG Primitives 
set_property LOC BUFGCTRL_X0Y18 [get_cells design_1_i/clk_wiz_0/inst/clkf_buf]
set_property LOC BUFGCTRL_X0Y16 [get_cells design_1_i/clk_wiz_0/inst/clkout2_buf]
set_property LOC BUFGCTRL_X0Y17 [get_cells design_1_i/clk_wiz_0/inst/clkout1_buf]
set_property LOC BUFGCTRL_X0Y0 [get_cells dbg_hub/inst/BSCANID.u_xsdbm_id/SWITCH_N_EXT_BSCAN.u_bufg_icon_tck]

# Location of IO Primitives which is load of clock spine

# Location of clock ports
set_property LOC IOB_X1Y273 [get_ports sys_diff_clock_clk_n]
set_property LOC IOB_X1Y274 [get_ports sys_diff_clock_clk_p]

# Clock net "design_1_i/clk_wiz_0/inst/clk_out2" driven by instance "design_1_i/clk_wiz_0/inst/clkout2_buf" located at site "BUFGCTRL_X0Y16"
#startgroup
create_pblock {CLKAG_design_1_i/clk_wiz_0/inst/clk_out2}
add_cells_to_pblock [get_pblocks  {CLKAG_design_1_i/clk_wiz_0/inst/clk_out2}] [get_cells -filter { PRIMITIVE_GROUP != I/O && IS_PRIMITIVE==1 && PRIMITIVE_LEVEL !=INTERNAL } -of_object [get_pins -filter {DIRECTION==IN} -of_objects [get_nets -hierarchical -filter {PARENT=="design_1_i/clk_wiz_0/inst/clk_out2"}]]]
resize_pblock [get_pblocks {CLKAG_design_1_i/clk_wiz_0/inst/clk_out2}] -add {CLOCKREGION_X0Y3:CLOCKREGION_X0Y3 CLOCKREGION_X0Y4:CLOCKREGION_X0Y4 CLOCKREGION_X1Y2:CLOCKREGION_X1Y2 CLOCKREGION_X1Y3:CLOCKREGION_X1Y3 CLOCKREGION_X1Y4:CLOCKREGION_X1Y4}
#endgroup

# Clock net "design_1_i/clk_wiz_0/inst/clk_out1" driven by instance "design_1_i/clk_wiz_0/inst/clkout1_buf" located at site "BUFGCTRL_X0Y17"
#startgroup
create_pblock {CLKAG_design_1_i/clk_wiz_0/inst/clk_out1}
add_cells_to_pblock [get_pblocks  {CLKAG_design_1_i/clk_wiz_0/inst/clk_out1}] [get_cells -filter { PRIMITIVE_GROUP != I/O && IS_PRIMITIVE==1 && PRIMITIVE_LEVEL !=INTERNAL } -of_object [get_pins -filter {DIRECTION==IN} -of_objects [get_nets -hierarchical -filter {PARENT=="design_1_i/clk_wiz_0/inst/clk_out1"}]]]
resize_pblock [get_pblocks {CLKAG_design_1_i/clk_wiz_0/inst/clk_out1}] -add {CLOCKREGION_X0Y4:CLOCKREGION_X0Y4 CLOCKREGION_X1Y4:CLOCKREGION_X1Y4}
#endgroup

# Clock net "dbg_hub/inst/BSCANID.u_xsdbm_id/itck_i" driven by instance "dbg_hub/inst/BSCANID.u_xsdbm_id/SWITCH_N_EXT_BSCAN.u_bufg_icon_tck" located at site "BUFGCTRL_X0Y0"
#startgroup
create_pblock {CLKAG_dbg_hub/inst/BSCANID.u_xsdbm_id/itck_i}
add_cells_to_pblock [get_pblocks  {CLKAG_dbg_hub/inst/BSCANID.u_xsdbm_id/itck_i}] [get_cells -filter { PRIMITIVE_GROUP != I/O && IS_PRIMITIVE==1 && PRIMITIVE_LEVEL !=INTERNAL } -of_object [get_pins -filter {DIRECTION==IN} -of_objects [get_nets -hierarchical -filter {PARENT=="dbg_hub/inst/BSCANID.u_xsdbm_id/itck_i"}]]]
resize_pblock [get_pblocks {CLKAG_dbg_hub/inst/BSCANID.u_xsdbm_id/itck_i}] -add {CLOCKREGION_X1Y4:CLOCKREGION_X1Y4}
#endgroup
