                             latency        interval
transaction       0:               2               3
transaction       1:               2               3
transaction       2:               2               3
transaction       3:               2               3
transaction       4:               2               3
transaction       5:               2               3
transaction       6:               2               3
transaction       7:               2               3
transaction       8:               2               3
transaction       9:               2               3
transaction      10:               2               3
transaction      11:               2               3
transaction      12:               2               3
transaction      13:               2               3
transaction      14:               2               3
transaction      15:               2               3
transaction      16:               2               3
transaction      17:               2               3
transaction      18:               2               3
transaction      19:               2               3
transaction      20:               2               3
transaction      21:               2               3
transaction      22:               2               3
transaction      23:               2               3
transaction      24:               2               3
transaction      25:               2               3
transaction      26:               2               3
transaction      27:               2               3
transaction      28:               2               3
transaction      29:               2               3
transaction      30:               2               3
transaction      31:               2               3
transaction      32:               2               3
transaction      33:               2               3
transaction      34:               2               3
transaction      35:               2               3
transaction      36:               2               3
transaction      37:               2               3
transaction      38:               2               3
transaction      39:               2               3
transaction      40:               2               3
transaction      41:               2               3
transaction      42:               2               3
transaction      43:               2               3
transaction      44:               2               3
transaction      45:               2               3
transaction      46:               2               3
transaction      47:               2               3
transaction      48:               2               3
transaction      49:               2               3
transaction      50:               2               3
transaction      51:               2               3
transaction      52:               2               3
transaction      53:               2               3
transaction      54:               2               3
transaction      55:               2               3
transaction      56:               2               3
transaction      57:               2               3
transaction      58:               2               3
transaction      59:               2               3
transaction      60:               2               3
transaction      61:               2               3
transaction      62:               2               3
transaction      63:               2               3
transaction      64:               2               3
transaction      65:               2               3
transaction      66:               2               3
transaction      67:               2               3
transaction      68:               2               3
transaction      69:               2               3
transaction      70:               2               3
transaction      71:               2               3
transaction      72:               2               3
transaction      73:               2               3
transaction      74:               2               3
transaction      75:               2               3
transaction      76:               2               3
transaction      77:               2               3
transaction      78:               2               3
transaction      79:               2               3
transaction      80:               2               3
transaction      81:               2               3
transaction      82:               2               3
transaction      83:               2               3
transaction      84:               2               3
transaction      85:               2               3
transaction      86:               2               3
transaction      87:               2               3
transaction      88:               2               3
transaction      89:               2               3
transaction      90:               2               3
transaction      91:               2               3
transaction      92:               2               3
transaction      93:               2               3
transaction      94:               2               3
transaction      95:               2               3
transaction      96:               2               3
transaction      97:               2               3
transaction      98:               2               3
transaction      99:               2               3
transaction     100:               2               3
transaction     101:               2               3
transaction     102:               2               3
transaction     103:               2               3
transaction     104:               2               3
transaction     105:               2               3
transaction     106:               2               3
transaction     107:               2               3
transaction     108:               2               3
transaction     109:               2               3
transaction     110:               2               3
transaction     111:               2               3
transaction     112:               2               3
transaction     113:               2               3
transaction     114:               2               3
transaction     115:               2               3
transaction     116:               2               3
transaction     117:               2               3
transaction     118:               2               3
transaction     119:               2               3
transaction     120:               2               3
transaction     121:               2               3
transaction     122:               2               3
transaction     123:               2               3
transaction     124:               2               3
transaction     125:               2               3
transaction     126:               2               3
transaction     127:               2               3
transaction     128:               2               3
transaction     129:               2               3
transaction     130:               2               3
transaction     131:               2               3
transaction     132:               2               3
transaction     133:               2               3
transaction     134:               2               3
transaction     135:               2               3
transaction     136:               2               3
transaction     137:               2               3
transaction     138:               2               3
transaction     139:               2               3
transaction     140:               2               3
transaction     141:               2               3
transaction     142:               2               3
transaction     143:               2               3
transaction     144:               2               3
transaction     145:               2               3
transaction     146:               2               3
transaction     147:               2               3
transaction     148:               2               3
transaction     149:               2               3
transaction     150:               2               3
transaction     151:               2               3
transaction     152:               2               3
transaction     153:               2               3
transaction     154:               2               3
transaction     155:               2               3
transaction     156:               2               3
transaction     157:               2               3
transaction     158:               2               3
transaction     159:               2               3
transaction     160:               2               3
transaction     161:               2               3
transaction     162:               2               3
transaction     163:               2               3
transaction     164:               2               3
transaction     165:               2               3
transaction     166:               2               3
transaction     167:               2               3
transaction     168:               2               3
transaction     169:               2               3
transaction     170:               2               3
transaction     171:               2               3
transaction     172:               2               3
transaction     173:               2               3
transaction     174:               2               3
transaction     175:               2               3
transaction     176:               2               3
transaction     177:               2               3
transaction     178:               2               3
transaction     179:               2               3
transaction     180:               2               3
transaction     181:               2               3
transaction     182:               2               3
transaction     183:               2               3
transaction     184:               2               3
transaction     185:               2               3
transaction     186:               2               3
transaction     187:               2               3
transaction     188:               2               3
transaction     189:               2               3
transaction     190:               2               3
transaction     191:               2               3
transaction     192:               2               3
transaction     193:               2               3
transaction     194:               2               3
transaction     195:               2               3
transaction     196:               2               3
transaction     197:               2               3
transaction     198:               2               3
transaction     199:               2               3
transaction     200:               2               3
transaction     201:               2               3
transaction     202:               2               3
transaction     203:               2               3
transaction     204:               2               3
transaction     205:               2               3
transaction     206:               2               3
transaction     207:               2               3
transaction     208:               2               3
transaction     209:               2               3
transaction     210:               2               3
transaction     211:               2               3
transaction     212:               2               3
transaction     213:               2               3
transaction     214:               2               3
transaction     215:               2               3
transaction     216:               2               3
transaction     217:               2               3
transaction     218:               2               3
transaction     219:               2               3
transaction     220:               2               3
transaction     221:               2               3
transaction     222:               2               3
transaction     223:               2               3
transaction     224:               2               3
transaction     225:               2               3
transaction     226:               2               3
transaction     227:               2               3
transaction     228:               2               3
transaction     229:               2               3
transaction     230:               2               3
transaction     231:               2               3
transaction     232:               2               3
transaction     233:               2               3
transaction     234:               2               3
transaction     235:               2               3
transaction     236:               2               3
transaction     237:               2               3
transaction     238:               2               3
transaction     239:               2               3
transaction     240:               2               3
transaction     241:               2               3
transaction     242:               2               3
transaction     243:               2               3
transaction     244:               2               3
transaction     245:               2               3
transaction     246:               2               3
transaction     247:               2               3
transaction     248:               2               3
transaction     249:               2               3
transaction     250:               2               3
transaction     251:               2               3
transaction     252:               2               3
transaction     253:               2               3
transaction     254:               2               3
transaction     255:               2               3
transaction     256:               2               3
transaction     257:               2               3
transaction     258:               2               3
transaction     259:               2               3
transaction     260:               2               3
transaction     261:               2               3
transaction     262:               2               3
transaction     263:               2               3
transaction     264:               2               3
transaction     265:               2               3
transaction     266:               2               3
transaction     267:               2               3
transaction     268:               2               3
transaction     269:               2               3
transaction     270:               2               3
transaction     271:               2               3
transaction     272:               2               3
transaction     273:               2               3
transaction     274:               2               3
transaction     275:               2               3
transaction     276:               2               3
transaction     277:               2               3
transaction     278:               2               3
transaction     279:               2               3
transaction     280:               2               3
transaction     281:               2               3
transaction     282:               2               3
transaction     283:               2               3
transaction     284:               2               3
transaction     285:               2               3
transaction     286:               2               3
transaction     287:               2               3
transaction     288:               2               3
transaction     289:               2               3
transaction     290:               2               3
transaction     291:               2               3
transaction     292:               2               3
transaction     293:               2               3
transaction     294:               2               3
transaction     295:               2               3
transaction     296:               2               3
transaction     297:               2               3
transaction     298:               2               3
transaction     299:               2               3
transaction     300:               2               3
transaction     301:               2               3
transaction     302:               2               3
transaction     303:               2               3
transaction     304:               2               3
transaction     305:               2               3
transaction     306:               2               3
transaction     307:               2               3
transaction     308:               2               3
transaction     309:               2               3
transaction     310:               2               3
transaction     311:               2               3
transaction     312:               2               3
transaction     313:               2               3
transaction     314:               2               3
transaction     315:               2               3
transaction     316:               2               3
transaction     317:               2               3
transaction     318:               2               3
transaction     319:               2               3
transaction     320:               2               3
transaction     321:               2               3
transaction     322:               2               3
transaction     323:               2               3
transaction     324:               2               3
transaction     325:               2               3
transaction     326:               2               3
transaction     327:               2               3
transaction     328:               2               3
transaction     329:               2               3
transaction     330:               2               3
transaction     331:               2               3
transaction     332:               2               3
transaction     333:               2               3
transaction     334:               2               3
transaction     335:               2               3
transaction     336:               2               3
transaction     337:               2               3
transaction     338:               2               3
transaction     339:               2               3
transaction     340:               2               3
transaction     341:               2               3
transaction     342:               2               3
transaction     343:               2               3
transaction     344:               2               3
transaction     345:               2               3
transaction     346:               2               3
transaction     347:               2               3
transaction     348:               2               3
transaction     349:               2               3
transaction     350:               2               3
transaction     351:               2               3
transaction     352:               2               3
transaction     353:               2               3
transaction     354:               2               3
transaction     355:               2               3
transaction     356:               2               3
transaction     357:               2               3
transaction     358:               2               3
transaction     359:               2               3
transaction     360:               2               3
transaction     361:               2               3
transaction     362:               2               3
transaction     363:               2               3
transaction     364:               2               3
transaction     365:               2               3
transaction     366:               2               3
transaction     367:               2               3
transaction     368:               2               3
transaction     369:               2               3
transaction     370:               2               3
transaction     371:               2               3
transaction     372:               2               3
transaction     373:               2               3
transaction     374:               2               3
transaction     375:               2               3
transaction     376:               2               3
transaction     377:               2               3
transaction     378:               2               3
transaction     379:               2               3
transaction     380:               2               3
transaction     381:               2               3
transaction     382:               2               3
transaction     383:               2               3
transaction     384:               2               3
transaction     385:               2               3
transaction     386:               2               3
transaction     387:               2               3
transaction     388:               2               3
transaction     389:               2               3
transaction     390:               2               3
transaction     391:               2               3
transaction     392:               2               3
transaction     393:               2               3
transaction     394:               2               3
transaction     395:               2               3
transaction     396:               2               3
transaction     397:               2               3
transaction     398:               2               3
transaction     399:               2               3
transaction     400:               2               3
transaction     401:               2               3
transaction     402:               2               3
transaction     403:               2               3
transaction     404:               2               3
transaction     405:               2               3
transaction     406:               2               3
transaction     407:               2               3
transaction     408:               2               3
transaction     409:               2               3
transaction     410:               2               3
transaction     411:               2               3
transaction     412:               2               3
transaction     413:               2               3
transaction     414:               2               3
transaction     415:               2               3
transaction     416:               2               3
transaction     417:               2               3
transaction     418:               2               3
transaction     419:               2               3
transaction     420:               2               3
transaction     421:               2               3
transaction     422:               2               3
transaction     423:               2               3
transaction     424:               2               3
transaction     425:               2               3
transaction     426:               2               3
transaction     427:               2               3
transaction     428:               2               3
transaction     429:               2               3
transaction     430:               2               3
transaction     431:               2               3
transaction     432:               2               3
transaction     433:               2               3
transaction     434:               2               3
transaction     435:               2               3
transaction     436:               2               3
transaction     437:               2               3
transaction     438:               2               3
transaction     439:               2               3
transaction     440:               2               3
transaction     441:               2               3
transaction     442:               2               3
transaction     443:               2               3
transaction     444:               2               3
transaction     445:               2               3
transaction     446:               2               3
transaction     447:               2               3
transaction     448:               2               3
transaction     449:               2               3
transaction     450:               2               3
transaction     451:               2               3
transaction     452:               2               3
transaction     453:               2               3
transaction     454:               2               3
transaction     455:               2               3
transaction     456:               2               3
transaction     457:               2               3
transaction     458:               2               3
transaction     459:               2               3
transaction     460:               2               3
transaction     461:               2               3
transaction     462:               2               3
transaction     463:               2               3
transaction     464:               2               3
transaction     465:               2               3
transaction     466:               2               3
transaction     467:               2               3
transaction     468:               2               3
transaction     469:               2               3
transaction     470:               2               3
transaction     471:               2               3
transaction     472:               2               3
transaction     473:               2               3
transaction     474:               2               3
transaction     475:               2               3
transaction     476:               2               3
transaction     477:               2               3
transaction     478:               2               3
transaction     479:               2               3
transaction     480:               2               3
transaction     481:               2               3
transaction     482:               2               3
transaction     483:               2               3
transaction     484:               2               3
transaction     485:               2               3
transaction     486:               2               3
transaction     487:               2               3
transaction     488:               2               3
transaction     489:               2               3
transaction     490:               2               3
transaction     491:               2               3
transaction     492:               2               3
transaction     493:               2               3
transaction     494:               2               3
transaction     495:               2               3
transaction     496:               2               3
transaction     497:               2               3
transaction     498:               2               3
transaction     499:               2               3
transaction     500:               2               3
transaction     501:               2               3
transaction     502:               2               3
transaction     503:               2               3
transaction     504:               2               3
transaction     505:               2               3
transaction     506:               2               3
transaction     507:               2               3
transaction     508:               2               3
transaction     509:               2               3
transaction     510:               2               3
transaction     511:               2               3
transaction     512:               2               3
transaction     513:               2               3
transaction     514:               2               3
transaction     515:               2               3
transaction     516:               2               3
transaction     517:               2               3
transaction     518:               2               3
transaction     519:               2               3
transaction     520:               2               3
transaction     521:               2               3
transaction     522:               2               3
transaction     523:               2               3
transaction     524:               2               3
transaction     525:               2               3
transaction     526:               2               3
transaction     527:               2               3
transaction     528:               2               3
transaction     529:               2               3
transaction     530:               2               3
transaction     531:               2               3
transaction     532:               2               3
transaction     533:               2               3
transaction     534:               2               3
transaction     535:               2               3
transaction     536:               2               3
transaction     537:               2               3
transaction     538:               2               3
transaction     539:               2               3
transaction     540:               2               3
transaction     541:               2               3
transaction     542:               2               3
transaction     543:               2               3
transaction     544:               2               3
transaction     545:               2               3
transaction     546:               2               3
transaction     547:               2               3
transaction     548:               2               3
transaction     549:               2               3
transaction     550:               2               3
transaction     551:               2               3
transaction     552:               2               3
transaction     553:               2               3
transaction     554:               2               3
transaction     555:               2               3
transaction     556:               2               3
transaction     557:               2               3
transaction     558:               2               3
transaction     559:               2               3
transaction     560:               2               3
transaction     561:               2               3
transaction     562:               2               3
transaction     563:               2               3
transaction     564:               2               3
transaction     565:               2               3
transaction     566:               2               3
transaction     567:               2               3
transaction     568:               2               3
transaction     569:               2               3
transaction     570:               2               3
transaction     571:               2               3
transaction     572:               2               3
transaction     573:               2               3
transaction     574:               2               3
transaction     575:               2               3
transaction     576:               2               3
transaction     577:               2               3
transaction     578:               2               3
transaction     579:               2               3
transaction     580:               2               3
transaction     581:               2               3
transaction     582:               2               3
transaction     583:               2               3
transaction     584:               2               3
transaction     585:               2               3
transaction     586:               2               3
transaction     587:               2               3
transaction     588:               2               3
transaction     589:               2               3
transaction     590:               2               3
transaction     591:               2               3
transaction     592:               2               3
transaction     593:               2               3
transaction     594:               2               3
transaction     595:               2               3
transaction     596:               2               3
transaction     597:               2               3
transaction     598:               2               3
transaction     599:               2               3
transaction     600:               2               3
transaction     601:               2               3
transaction     602:               2               3
transaction     603:               2               3
transaction     604:               2               3
transaction     605:               2               3
transaction     606:               2               3
transaction     607:               2               3
transaction     608:               2               3
transaction     609:               2               3
transaction     610:               2               3
transaction     611:               2               3
transaction     612:               2               3
transaction     613:               2               3
transaction     614:               2               3
transaction     615:               2               3
transaction     616:               2               3
transaction     617:               2               3
transaction     618:               2               3
transaction     619:               2               3
transaction     620:               2               3
transaction     621:               2               3
transaction     622:               2               3
transaction     623:               2               3
transaction     624:               2               3
transaction     625:               2               3
transaction     626:               2               3
transaction     627:               2               3
transaction     628:               2               3
transaction     629:               2               3
transaction     630:               2               3
transaction     631:               2               3
transaction     632:               2               3
transaction     633:               2               3
transaction     634:               2               3
transaction     635:               2               3
transaction     636:               2               3
transaction     637:               2               3
transaction     638:               2               3
transaction     639:               2               3
transaction     640:               2               3
transaction     641:               2               3
transaction     642:               2               3
transaction     643:               2               3
transaction     644:               2               3
transaction     645:               2               3
transaction     646:               2               3
transaction     647:               2               3
transaction     648:               2               3
transaction     649:               2               3
transaction     650:               2               3
transaction     651:               2               3
transaction     652:               2               3
transaction     653:               2               3
transaction     654:               2               3
transaction     655:               2               3
transaction     656:               2               3
transaction     657:               2               3
transaction     658:               2               3
transaction     659:               2               3
transaction     660:               2               3
transaction     661:               2               3
transaction     662:               2               3
transaction     663:               2               3
transaction     664:               2               3
transaction     665:               2               3
transaction     666:               2               3
transaction     667:               2               3
transaction     668:               2               3
transaction     669:               2               3
transaction     670:               2               3
transaction     671:               2               3
transaction     672:               2               3
transaction     673:               2               3
transaction     674:               2               3
transaction     675:               2               3
transaction     676:               2               3
transaction     677:               2               3
transaction     678:               2               3
transaction     679:               2               3
transaction     680:               2               3
transaction     681:               2               3
transaction     682:               2               3
transaction     683:               2               3
transaction     684:               2               3
transaction     685:               2               3
transaction     686:               2               3
transaction     687:               2               3
transaction     688:               2               3
transaction     689:               2               3
transaction     690:               2               3
transaction     691:               2               3
transaction     692:               2               3
transaction     693:               2               3
transaction     694:               2               3
transaction     695:               2               3
transaction     696:               2               3
transaction     697:               2               3
transaction     698:               2               3
transaction     699:               2               3
transaction     700:               2               3
transaction     701:               2               3
transaction     702:               2               3
transaction     703:               2               3
transaction     704:               2               3
transaction     705:               2               3
transaction     706:               2               3
transaction     707:               2               3
transaction     708:               2               3
transaction     709:               2               3
transaction     710:               2               3
transaction     711:               2               3
transaction     712:               2               3
transaction     713:               2               3
transaction     714:               2               3
transaction     715:               2               3
transaction     716:               2               3
transaction     717:               2               3
transaction     718:               2               3
transaction     719:               2               3
transaction     720:               2               3
transaction     721:               2               3
transaction     722:               2               3
transaction     723:               2               3
transaction     724:               2               3
transaction     725:               2               3
transaction     726:               2               3
transaction     727:               2               3
transaction     728:               2               3
transaction     729:               2               3
transaction     730:               2               3
transaction     731:               2               3
transaction     732:               2               3
transaction     733:               2               3
transaction     734:               2               3
transaction     735:               2               3
transaction     736:               2               3
transaction     737:               2               3
transaction     738:               2               3
transaction     739:               2               3
transaction     740:               2               3
transaction     741:               2               3
transaction     742:               2               3
transaction     743:               2               3
transaction     744:               2               3
transaction     745:               2               3
transaction     746:               2               3
transaction     747:               2               3
transaction     748:               2               3
transaction     749:               2               3
transaction     750:               2               3
transaction     751:               2               3
transaction     752:               2               3
transaction     753:               2               3
transaction     754:               2               3
transaction     755:               2               3
transaction     756:               2               3
transaction     757:               2               3
transaction     758:               2               3
transaction     759:               2               3
transaction     760:               2               3
transaction     761:               2               3
transaction     762:               2               3
transaction     763:               2               3
transaction     764:               2               3
transaction     765:               2               3
transaction     766:               2               3
transaction     767:               2               3
transaction     768:               2               3
transaction     769:               2               3
transaction     770:               2               3
transaction     771:               2               3
transaction     772:               2               3
transaction     773:               2               3
transaction     774:               2               3
transaction     775:               2               3
transaction     776:               2               3
transaction     777:               2               3
transaction     778:               2               3
transaction     779:               2               3
transaction     780:               2               3
transaction     781:               2               3
transaction     782:               2               3
transaction     783:               2               3
transaction     784:               2               3
transaction     785:               2               3
transaction     786:               2               3
transaction     787:               2               3
transaction     788:               2               3
transaction     789:               2               3
transaction     790:               2               3
transaction     791:               2               3
transaction     792:               2               3
transaction     793:               2               3
transaction     794:               2               3
transaction     795:               2               3
transaction     796:               2               3
transaction     797:               2               3
transaction     798:               2               3
transaction     799:               2               3
transaction     800:               2               3
transaction     801:               2               3
transaction     802:               2               3
transaction     803:               2               3
transaction     804:               2               3
transaction     805:               2               3
transaction     806:               2               3
transaction     807:               2               3
transaction     808:               2               3
transaction     809:               2               3
transaction     810:               2               3
transaction     811:               2               3
transaction     812:               2               3
transaction     813:               2               3
transaction     814:               2               3
transaction     815:               2               3
transaction     816:               2               3
transaction     817:               2               3
transaction     818:               2               3
transaction     819:               2               3
transaction     820:               2               3
transaction     821:               2               3
transaction     822:               2               3
transaction     823:               2               3
transaction     824:               2               3
transaction     825:               2               3
transaction     826:               2               3
transaction     827:               2               3
transaction     828:               2               3
transaction     829:               2               3
transaction     830:               2               3
transaction     831:               2               3
transaction     832:               2               3
transaction     833:               2               3
transaction     834:               2               3
transaction     835:               2               3
transaction     836:               2               3
transaction     837:               2               3
transaction     838:               2               3
transaction     839:               2               3
transaction     840:               2               3
transaction     841:               2               3
transaction     842:               2               3
transaction     843:               2               3
transaction     844:               2               3
transaction     845:               2               3
transaction     846:               2               3
transaction     847:               2               3
transaction     848:               2               3
transaction     849:               2               3
transaction     850:               2               3
transaction     851:               2               3
transaction     852:               2               3
transaction     853:               2               3
transaction     854:               2               3
transaction     855:               2               3
transaction     856:               2               3
transaction     857:               2               3
transaction     858:               2               3
transaction     859:               2               3
transaction     860:               2               3
transaction     861:               2               3
transaction     862:               2               3
transaction     863:               2               3
transaction     864:               2               3
transaction     865:               2               3
transaction     866:               2               3
transaction     867:               2               3
transaction     868:               2               3
transaction     869:               2               3
transaction     870:               2               3
transaction     871:               2               3
transaction     872:               2               3
transaction     873:               2               3
transaction     874:               2               3
transaction     875:               2               3
transaction     876:               2               3
transaction     877:               2               3
transaction     878:               2               3
transaction     879:               2               3
transaction     880:               2               3
transaction     881:               2               3
transaction     882:               2               3
transaction     883:               2               3
transaction     884:               2               3
transaction     885:               2               3
transaction     886:               2               3
transaction     887:               2               3
transaction     888:               2               3
transaction     889:               2               3
transaction     890:               2               3
transaction     891:               2               3
transaction     892:               2               3
transaction     893:               2               3
transaction     894:               2               3
transaction     895:               2               3
transaction     896:               2               3
transaction     897:               2               3
transaction     898:               2               3
transaction     899:               2               3
transaction     900:               2               3
transaction     901:               2               3
transaction     902:               2               3
transaction     903:               2               3
transaction     904:               2               3
transaction     905:               2               3
transaction     906:               2               3
transaction     907:               2               3
transaction     908:               2               3
transaction     909:               2               3
transaction     910:               2               3
transaction     911:               2               3
transaction     912:               2               3
transaction     913:               2               3
transaction     914:               2               3
transaction     915:               2               3
transaction     916:               2               3
transaction     917:               2               3
transaction     918:               2               3
transaction     919:               2               3
transaction     920:               2               3
transaction     921:               2               3
transaction     922:               2               3
transaction     923:               2               3
transaction     924:               2               3
transaction     925:               2               3
transaction     926:               2               3
transaction     927:               2               3
transaction     928:               2               3
transaction     929:               2               3
transaction     930:               2               3
transaction     931:               2               3
transaction     932:               2               3
transaction     933:               2               3
transaction     934:               2               3
transaction     935:               2               3
transaction     936:               2               3
transaction     937:               2               3
transaction     938:               2               3
transaction     939:               2               3
transaction     940:               2               3
transaction     941:               2               3
transaction     942:               2               3
transaction     943:               2               3
transaction     944:               2               3
transaction     945:               2               3
transaction     946:               2               3
transaction     947:               2               3
transaction     948:               2               3
transaction     949:               2               3
transaction     950:               2               3
transaction     951:               2               3
transaction     952:               2               3
transaction     953:               2               3
transaction     954:               2               3
transaction     955:               2               3
transaction     956:               2               3
transaction     957:               2               3
transaction     958:               2               3
transaction     959:               2               3
transaction     960:               2               3
transaction     961:               2               3
transaction     962:               2               3
transaction     963:               2               3
transaction     964:               2               3
transaction     965:               2               3
transaction     966:               2               3
transaction     967:               2               3
transaction     968:               2               3
transaction     969:               2               3
transaction     970:               2               3
transaction     971:               2               3
transaction     972:               2               3
transaction     973:               2               3
transaction     974:               2               3
transaction     975:               2               3
transaction     976:               2               3
transaction     977:               2               3
transaction     978:               2               3
transaction     979:               2               3
transaction     980:               2               3
transaction     981:               2               3
transaction     982:               2               3
transaction     983:               2               3
transaction     984:               2               3
transaction     985:               2               3
transaction     986:               2               3
transaction     987:               2               3
transaction     988:               2               3
transaction     989:               2               3
transaction     990:               2               3
transaction     991:               2               3
transaction     992:               2               3
transaction     993:               2               3
transaction     994:               2               3
transaction     995:               2               3
transaction     996:               2               3
transaction     997:               2               3
transaction     998:               2               3
transaction     999:               2               x
