Copyright 1986-2019 Xilinx, Inc. All Rights Reserved.
---------------------------------------------------------------------------------------------------------------------------------------------------------------
| Tool Version : Vivado v.2019.1 (win64) Build 2552052 Fri May 24 14:49:42 MDT 2019
| Date         : Sun Jan 10 14:32:31 2021
| Host         : LAPTOP-KSVOJTV9 running 64-bit major release  (build 9200)
| Command      : report_bus_skew -warn_on_violation -file system_top_bus_skew_routed.rpt -pb system_top_bus_skew_routed.pb -rpx system_top_bus_skew_routed.rpx
| Design       : system_top
| Device       : 7z045-ffg900
| Speed File   : -2  PRODUCTION 1.11 2014-09-11
---------------------------------------------------------------------------------------------------------------------------------------------------------------

Bus Skew Report

Table of Contents
-----------------
1. Bus Skew Report Summary
2. Bus Skew Report Per Constraint

1. Bus Skew Report Summary
--------------------------

Id  Position  From                            To                              Corner  Requirement(ns)  Actual(ns)  Slack(ns)
--  --------  ------------------------------  ------------------------------  ------  ---------------  ----------  ---------
1   36        [get_cells [list {i_system_wrapper/system_i/fifo_dsp/inst/fifo_dac_i1/xpm_fifo_async_inst/gnuram_async_fifo.xpm_fifo_base_inst/gen_cdc_pntr.rd_pntr_cdc_inst/src_gray_ff_reg[0]} {i_system_wrapper/system_i/fifo_dsp/inst/fifo_dac_i1/xpm_fifo_async_inst/gnuram_async_fifo.xpm_fifo_base_inst/gen_cdc_pntr.rd_pntr_cdc_inst/src_gray_ff_reg[1]} {i_system_wrapper/system_i/fifo_dsp/inst/fifo_dac_i1/xpm_fifo_async_inst/gnuram_async_fifo.xpm_fifo_base_inst/gen_cdc_pntr.rd_pntr_cdc_inst/src_gray_ff_reg[2]} {i_system_wrapper/system_i/fifo_dsp/inst/fifo_dac_i1/xpm_fifo_async_inst/gnuram_async_fifo.xpm_fifo_base_inst/gen_cdc_pntr.rd_pntr_cdc_inst/src_gray_ff_reg[3]} {i_system_wrapper/system_i/fifo_dsp/inst/fifo_dac_i1/xpm_fifo_async_inst/gnuram_async_fifo.xpm_fifo_base_inst/gen_cdc_pntr.rd_pntr_cdc_inst/src_gray_ff_reg[4]} {i_system_wrapper/system_i/fifo_dsp/inst/fifo_dac_i1/xpm_fifo_async_inst/gnuram_async_fifo.xpm_fifo_base_inst/gen_cdc_pntr.rd_pntr_cdc_inst/src_gray_ff_reg[5]} {i_system_wrapper/system_i/fifo_dsp/inst/fifo_dac_i1/xpm_fifo_async_inst/gnuram_async_fifo.xpm_fifo_base_inst/gen_cdc_pntr.rd_pntr_cdc_inst/src_gray_ff_reg[6]} {i_system_wrapper/system_i/fifo_dsp/inst/fifo_dac_i1/xpm_fifo_async_inst/gnuram_async_fifo.xpm_fifo_base_inst/gen_cdc_pntr.rd_pntr_cdc_inst/src_gray_ff_reg[7]} {i_system_wrapper/system_i/fifo_dsp/inst/fifo_dac_i1/xpm_fifo_async_inst/gnuram_async_fifo.xpm_fifo_base_inst/gen_cdc_pntr.rd_pntr_cdc_inst/src_gray_ff_reg[8]} {i_system_wrapper/system_i/fifo_dsp/inst/fifo_dac_i1/xpm_fifo_async_inst/gnuram_async_fifo.xpm_fifo_base_inst/gen_cdc_pntr.rd_pntr_cdc_inst/src_gray_ff_reg[9]}]]
                                              [get_cells [list {i_system_wrapper/system_i/fifo_dsp/inst/fifo_dac_i1/xpm_fifo_async_inst/gnuram_async_fifo.xpm_fifo_base_inst/gen_cdc_pntr.rd_pntr_cdc_inst/dest_graysync_ff_reg[0][0]} {i_system_wrapper/system_i/fifo_dsp/inst/fifo_dac_i1/xpm_fifo_async_inst/gnuram_async_fifo.xpm_fifo_base_inst/gen_cdc_pntr.rd_pntr_cdc_inst/dest_graysync_ff_reg[0][1]} {i_system_wrapper/system_i/fifo_dsp/inst/fifo_dac_i1/xpm_fifo_async_inst/gnuram_async_fifo.xpm_fifo_base_inst/gen_cdc_pntr.rd_pntr_cdc_inst/dest_graysync_ff_reg[0][2]} {i_system_wrapper/system_i/fifo_dsp/inst/fifo_dac_i1/xpm_fifo_async_inst/gnuram_async_fifo.xpm_fifo_base_inst/gen_cdc_pntr.rd_pntr_cdc_inst/dest_graysync_ff_reg[0][3]} {i_system_wrapper/system_i/fifo_dsp/inst/fifo_dac_i1/xpm_fifo_async_inst/gnuram_async_fifo.xpm_fifo_base_inst/gen_cdc_pntr.rd_pntr_cdc_inst/dest_graysync_ff_reg[0][4]} {i_system_wrapper/system_i/fifo_dsp/inst/fifo_dac_i1/xpm_fifo_async_inst/gnuram_async_fifo.xpm_fifo_base_inst/gen_cdc_pntr.rd_pntr_cdc_inst/dest_graysync_ff_reg[0][5]} {i_system_wrapper/system_i/fifo_dsp/inst/fifo_dac_i1/xpm_fifo_async_inst/gnuram_async_fifo.xpm_fifo_base_inst/gen_cdc_pntr.rd_pntr_cdc_inst/dest_graysync_ff_reg[0][6]} {i_system_wrapper/system_i/fifo_dsp/inst/fifo_dac_i1/xpm_fifo_async_inst/gnuram_async_fifo.xpm_fifo_base_inst/gen_cdc_pntr.rd_pntr_cdc_inst/dest_graysync_ff_reg[0][7]} {i_system_wrapper/system_i/fifo_dsp/inst/fifo_dac_i1/xpm_fifo_async_inst/gnuram_async_fifo.xpm_fifo_base_inst/gen_cdc_pntr.rd_pntr_cdc_inst/dest_graysync_ff_reg[0][8]} {i_system_wrapper/system_i/fifo_dsp/inst/fifo_dac_i1/xpm_fifo_async_inst/gnuram_async_fifo.xpm_fifo_base_inst/gen_cdc_pntr.rd_pntr_cdc_inst/dest_graysync_ff_reg[0][9]}]]
                                                                              Slow              4.000       0.615      3.385
2   38        [get_cells [list {i_system_wrapper/system_i/fifo_dsp/inst/fifo_dac_i0/xpm_fifo_async_inst/gnuram_async_fifo.xpm_fifo_base_inst/gen_cdc_pntr.wr_pntr_cdc_inst/src_gray_ff_reg[0]} {i_system_wrapper/system_i/fifo_dsp/inst/fifo_dac_i0/xpm_fifo_async_inst/gnuram_async_fifo.xpm_fifo_base_inst/gen_cdc_pntr.wr_pntr_cdc_inst/src_gray_ff_reg[1]} {i_system_wrapper/system_i/fifo_dsp/inst/fifo_dac_i0/xpm_fifo_async_inst/gnuram_async_fifo.xpm_fifo_base_inst/gen_cdc_pntr.wr_pntr_cdc_inst/src_gray_ff_reg[2]} {i_system_wrapper/system_i/fifo_dsp/inst/fifo_dac_i0/xpm_fifo_async_inst/gnuram_async_fifo.xpm_fifo_base_inst/gen_cdc_pntr.wr_pntr_cdc_inst/src_gray_ff_reg[3]} {i_system_wrapper/system_i/fifo_dsp/inst/fifo_dac_i0/xpm_fifo_async_inst/gnuram_async_fifo.xpm_fifo_base_inst/gen_cdc_pntr.wr_pntr_cdc_inst/src_gray_ff_reg[4]} {i_system_wrapper/system_i/fifo_dsp/inst/fifo_dac_i0/xpm_fifo_async_inst/gnuram_async_fifo.xpm_fifo_base_inst/gen_cdc_pntr.wr_pntr_cdc_inst/src_gray_ff_reg[5]} {i_system_wrapper/system_i/fifo_dsp/inst/fifo_dac_i0/xpm_fifo_async_inst/gnuram_async_fifo.xpm_fifo_base_inst/gen_cdc_pntr.wr_pntr_cdc_inst/src_gray_ff_reg[6]} {i_system_wrapper/system_i/fifo_dsp/inst/fifo_dac_i0/xpm_fifo_async_inst/gnuram_async_fifo.xpm_fifo_base_inst/gen_cdc_pntr.wr_pntr_cdc_inst/src_gray_ff_reg[7]} {i_system_wrapper/system_i/fifo_dsp/inst/fifo_dac_i0/xpm_fifo_async_inst/gnuram_async_fifo.xpm_fifo_base_inst/gen_cdc_pntr.wr_pntr_cdc_inst/src_gray_ff_reg[8]} {i_system_wrapper/system_i/fifo_dsp/inst/fifo_dac_i0/xpm_fifo_async_inst/gnuram_async_fifo.xpm_fifo_base_inst/gen_cdc_pntr.wr_pntr_cdc_inst/src_gray_ff_reg[9]}]]
                                              [get_cells [list {i_system_wrapper/system_i/fifo_dsp/inst/fifo_dac_i0/xpm_fifo_async_inst/gnuram_async_fifo.xpm_fifo_base_inst/gen_cdc_pntr.wr_pntr_cdc_inst/dest_graysync_ff_reg[0][0]} {i_system_wrapper/system_i/fifo_dsp/inst/fifo_dac_i0/xpm_fifo_async_inst/gnuram_async_fifo.xpm_fifo_base_inst/gen_cdc_pntr.wr_pntr_cdc_inst/dest_graysync_ff_reg[0][1]} {i_system_wrapper/system_i/fifo_dsp/inst/fifo_dac_i0/xpm_fifo_async_inst/gnuram_async_fifo.xpm_fifo_base_inst/gen_cdc_pntr.wr_pntr_cdc_inst/dest_graysync_ff_reg[0][2]} {i_system_wrapper/system_i/fifo_dsp/inst/fifo_dac_i0/xpm_fifo_async_inst/gnuram_async_fifo.xpm_fifo_base_inst/gen_cdc_pntr.wr_pntr_cdc_inst/dest_graysync_ff_reg[0][3]} {i_system_wrapper/system_i/fifo_dsp/inst/fifo_dac_i0/xpm_fifo_async_inst/gnuram_async_fifo.xpm_fifo_base_inst/gen_cdc_pntr.wr_pntr_cdc_inst/dest_graysync_ff_reg[0][4]} {i_system_wrapper/system_i/fifo_dsp/inst/fifo_dac_i0/xpm_fifo_async_inst/gnuram_async_fifo.xpm_fifo_base_inst/gen_cdc_pntr.wr_pntr_cdc_inst/dest_graysync_ff_reg[0][5]} {i_system_wrapper/system_i/fifo_dsp/inst/fifo_dac_i0/xpm_fifo_async_inst/gnuram_async_fifo.xpm_fifo_base_inst/gen_cdc_pntr.wr_pntr_cdc_inst/dest_graysync_ff_reg[0][6]} {i_system_wrapper/system_i/fifo_dsp/inst/fifo_dac_i0/xpm_fifo_async_inst/gnuram_async_fifo.xpm_fifo_base_inst/gen_cdc_pntr.wr_pntr_cdc_inst/dest_graysync_ff_reg[0][7]} {i_system_wrapper/system_i/fifo_dsp/inst/fifo_dac_i0/xpm_fifo_async_inst/gnuram_async_fifo.xpm_fifo_base_inst/gen_cdc_pntr.wr_pntr_cdc_inst/dest_graysync_ff_reg[0][8]} {i_system_wrapper/system_i/fifo_dsp/inst/fifo_dac_i0/xpm_fifo_async_inst/gnuram_async_fifo.xpm_fifo_base_inst/gen_cdc_pntr.wr_pntr_cdc_inst/dest_graysync_ff_reg[0][9]}]]
                                                                              Slow              4.000       0.653      3.347
3   40        [get_cells [list {i_system_wrapper/system_i/fifo_dsp/inst/fifo_dac_i0/xpm_fifo_async_inst/gnuram_async_fifo.xpm_fifo_base_inst/gen_cdc_pntr.rd_pntr_cdc_inst/src_gray_ff_reg[0]} {i_system_wrapper/system_i/fifo_dsp/inst/fifo_dac_i0/xpm_fifo_async_inst/gnuram_async_fifo.xpm_fifo_base_inst/gen_cdc_pntr.rd_pntr_cdc_inst/src_gray_ff_reg[1]} {i_system_wrapper/system_i/fifo_dsp/inst/fifo_dac_i0/xpm_fifo_async_inst/gnuram_async_fifo.xpm_fifo_base_inst/gen_cdc_pntr.rd_pntr_cdc_inst/src_gray_ff_reg[2]} {i_system_wrapper/system_i/fifo_dsp/inst/fifo_dac_i0/xpm_fifo_async_inst/gnuram_async_fifo.xpm_fifo_base_inst/gen_cdc_pntr.rd_pntr_cdc_inst/src_gray_ff_reg[3]} {i_system_wrapper/system_i/fifo_dsp/inst/fifo_dac_i0/xpm_fifo_async_inst/gnuram_async_fifo.xpm_fifo_base_inst/gen_cdc_pntr.rd_pntr_cdc_inst/src_gray_ff_reg[4]} {i_system_wrapper/system_i/fifo_dsp/inst/fifo_dac_i0/xpm_fifo_async_inst/gnuram_async_fifo.xpm_fifo_base_inst/gen_cdc_pntr.rd_pntr_cdc_inst/src_gray_ff_reg[5]} {i_system_wrapper/system_i/fifo_dsp/inst/fifo_dac_i0/xpm_fifo_async_inst/gnuram_async_fifo.xpm_fifo_base_inst/gen_cdc_pntr.rd_pntr_cdc_inst/src_gray_ff_reg[6]} {i_system_wrapper/system_i/fifo_dsp/inst/fifo_dac_i0/xpm_fifo_async_inst/gnuram_async_fifo.xpm_fifo_base_inst/gen_cdc_pntr.rd_pntr_cdc_inst/src_gray_ff_reg[7]} {i_system_wrapper/system_i/fifo_dsp/inst/fifo_dac_i0/xpm_fifo_async_inst/gnuram_async_fifo.xpm_fifo_base_inst/gen_cdc_pntr.rd_pntr_cdc_inst/src_gray_ff_reg[8]} {i_system_wrapper/system_i/fifo_dsp/inst/fifo_dac_i0/xpm_fifo_async_inst/gnuram_async_fifo.xpm_fifo_base_inst/gen_cdc_pntr.rd_pntr_cdc_inst/src_gray_ff_reg[9]}]]
                                              [get_cells [list {i_system_wrapper/system_i/fifo_dsp/inst/fifo_dac_i0/xpm_fifo_async_inst/gnuram_async_fifo.xpm_fifo_base_inst/gen_cdc_pntr.rd_pntr_cdc_inst/dest_graysync_ff_reg[0][0]} {i_system_wrapper/system_i/fifo_dsp/inst/fifo_dac_i0/xpm_fifo_async_inst/gnuram_async_fifo.xpm_fifo_base_inst/gen_cdc_pntr.rd_pntr_cdc_inst/dest_graysync_ff_reg[0][1]} {i_system_wrapper/system_i/fifo_dsp/inst/fifo_dac_i0/xpm_fifo_async_inst/gnuram_async_fifo.xpm_fifo_base_inst/gen_cdc_pntr.rd_pntr_cdc_inst/dest_graysync_ff_reg[0][2]} {i_system_wrapper/system_i/fifo_dsp/inst/fifo_dac_i0/xpm_fifo_async_inst/gnuram_async_fifo.xpm_fifo_base_inst/gen_cdc_pntr.rd_pntr_cdc_inst/dest_graysync_ff_reg[0][3]} {i_system_wrapper/system_i/fifo_dsp/inst/fifo_dac_i0/xpm_fifo_async_inst/gnuram_async_fifo.xpm_fifo_base_inst/gen_cdc_pntr.rd_pntr_cdc_inst/dest_graysync_ff_reg[0][4]} {i_system_wrapper/system_i/fifo_dsp/inst/fifo_dac_i0/xpm_fifo_async_inst/gnuram_async_fifo.xpm_fifo_base_inst/gen_cdc_pntr.rd_pntr_cdc_inst/dest_graysync_ff_reg[0][5]} {i_system_wrapper/system_i/fifo_dsp/inst/fifo_dac_i0/xpm_fifo_async_inst/gnuram_async_fifo.xpm_fifo_base_inst/gen_cdc_pntr.rd_pntr_cdc_inst/dest_graysync_ff_reg[0][6]} {i_system_wrapper/system_i/fifo_dsp/inst/fifo_dac_i0/xpm_fifo_async_inst/gnuram_async_fifo.xpm_fifo_base_inst/gen_cdc_pntr.rd_pntr_cdc_inst/dest_graysync_ff_reg[0][7]} {i_system_wrapper/system_i/fifo_dsp/inst/fifo_dac_i0/xpm_fifo_async_inst/gnuram_async_fifo.xpm_fifo_base_inst/gen_cdc_pntr.rd_pntr_cdc_inst/dest_graysync_ff_reg[0][8]} {i_system_wrapper/system_i/fifo_dsp/inst/fifo_dac_i0/xpm_fifo_async_inst/gnuram_async_fifo.xpm_fifo_base_inst/gen_cdc_pntr.rd_pntr_cdc_inst/dest_graysync_ff_reg[0][9]}]]
                                                                              Slow              4.000       0.671      3.329
4   42        [get_cells [list {i_system_wrapper/system_i/fifo_dsp/inst/fifo_dac_i1/xpm_fifo_async_inst/gnuram_async_fifo.xpm_fifo_base_inst/gen_cdc_pntr.wr_pntr_cdc_inst/src_gray_ff_reg[0]} {i_system_wrapper/system_i/fifo_dsp/inst/fifo_dac_i1/xpm_fifo_async_inst/gnuram_async_fifo.xpm_fifo_base_inst/gen_cdc_pntr.wr_pntr_cdc_inst/src_gray_ff_reg[1]} {i_system_wrapper/system_i/fifo_dsp/inst/fifo_dac_i1/xpm_fifo_async_inst/gnuram_async_fifo.xpm_fifo_base_inst/gen_cdc_pntr.wr_pntr_cdc_inst/src_gray_ff_reg[2]} {i_system_wrapper/system_i/fifo_dsp/inst/fifo_dac_i1/xpm_fifo_async_inst/gnuram_async_fifo.xpm_fifo_base_inst/gen_cdc_pntr.wr_pntr_cdc_inst/src_gray_ff_reg[3]} {i_system_wrapper/system_i/fifo_dsp/inst/fifo_dac_i1/xpm_fifo_async_inst/gnuram_async_fifo.xpm_fifo_base_inst/gen_cdc_pntr.wr_pntr_cdc_inst/src_gray_ff_reg[4]} {i_system_wrapper/system_i/fifo_dsp/inst/fifo_dac_i1/xpm_fifo_async_inst/gnuram_async_fifo.xpm_fifo_base_inst/gen_cdc_pntr.wr_pntr_cdc_inst/src_gray_ff_reg[5]} {i_system_wrapper/system_i/fifo_dsp/inst/fifo_dac_i1/xpm_fifo_async_inst/gnuram_async_fifo.xpm_fifo_base_inst/gen_cdc_pntr.wr_pntr_cdc_inst/src_gray_ff_reg[6]} {i_system_wrapper/system_i/fifo_dsp/inst/fifo_dac_i1/xpm_fifo_async_inst/gnuram_async_fifo.xpm_fifo_base_inst/gen_cdc_pntr.wr_pntr_cdc_inst/src_gray_ff_reg[7]} {i_system_wrapper/system_i/fifo_dsp/inst/fifo_dac_i1/xpm_fifo_async_inst/gnuram_async_fifo.xpm_fifo_base_inst/gen_cdc_pntr.wr_pntr_cdc_inst/src_gray_ff_reg[8]} {i_system_wrapper/system_i/fifo_dsp/inst/fifo_dac_i1/xpm_fifo_async_inst/gnuram_async_fifo.xpm_fifo_base_inst/gen_cdc_pntr.wr_pntr_cdc_inst/src_gray_ff_reg[9]}]]
                                              [get_cells [list {i_system_wrapper/system_i/fifo_dsp/inst/fifo_dac_i1/xpm_fifo_async_inst/gnuram_async_fifo.xpm_fifo_base_inst/gen_cdc_pntr.wr_pntr_cdc_inst/dest_graysync_ff_reg[0][0]} {i_system_wrapper/system_i/fifo_dsp/inst/fifo_dac_i1/xpm_fifo_async_inst/gnuram_async_fifo.xpm_fifo_base_inst/gen_cdc_pntr.wr_pntr_cdc_inst/dest_graysync_ff_reg[0][1]} {i_system_wrapper/system_i/fifo_dsp/inst/fifo_dac_i1/xpm_fifo_async_inst/gnuram_async_fifo.xpm_fifo_base_inst/gen_cdc_pntr.wr_pntr_cdc_inst/dest_graysync_ff_reg[0][2]} {i_system_wrapper/system_i/fifo_dsp/inst/fifo_dac_i1/xpm_fifo_async_inst/gnuram_async_fifo.xpm_fifo_base_inst/gen_cdc_pntr.wr_pntr_cdc_inst/dest_graysync_ff_reg[0][3]} {i_system_wrapper/system_i/fifo_dsp/inst/fifo_dac_i1/xpm_fifo_async_inst/gnuram_async_fifo.xpm_fifo_base_inst/gen_cdc_pntr.wr_pntr_cdc_inst/dest_graysync_ff_reg[0][4]} {i_system_wrapper/system_i/fifo_dsp/inst/fifo_dac_i1/xpm_fifo_async_inst/gnuram_async_fifo.xpm_fifo_base_inst/gen_cdc_pntr.wr_pntr_cdc_inst/dest_graysync_ff_reg[0][5]} {i_system_wrapper/system_i/fifo_dsp/inst/fifo_dac_i1/xpm_fifo_async_inst/gnuram_async_fifo.xpm_fifo_base_inst/gen_cdc_pntr.wr_pntr_cdc_inst/dest_graysync_ff_reg[0][6]} {i_system_wrapper/system_i/fifo_dsp/inst/fifo_dac_i1/xpm_fifo_async_inst/gnuram_async_fifo.xpm_fifo_base_inst/gen_cdc_pntr.wr_pntr_cdc_inst/dest_graysync_ff_reg[0][7]} {i_system_wrapper/system_i/fifo_dsp/inst/fifo_dac_i1/xpm_fifo_async_inst/gnuram_async_fifo.xpm_fifo_base_inst/gen_cdc_pntr.wr_pntr_cdc_inst/dest_graysync_ff_reg[0][8]} {i_system_wrapper/system_i/fifo_dsp/inst/fifo_dac_i1/xpm_fifo_async_inst/gnuram_async_fifo.xpm_fifo_base_inst/gen_cdc_pntr.wr_pntr_cdc_inst/dest_graysync_ff_reg[0][9]}]]
                                                                              Slow              4.000       0.803      3.197


2. Bus Skew Report Per Constraint
---------------------------------

Id: 1
set_bus_skew -from [get_cells [list {i_system_wrapper/system_i/fifo_dsp/inst/fifo_dac_i1/xpm_fifo_async_inst/gnuram_async_fifo.xpm_fifo_base_inst/gen_cdc_pntr.rd_pntr_cdc_inst/src_gray_ff_reg[0]} {i_system_wrapper/system_i/fifo_dsp/inst/fifo_dac_i1/xpm_fifo_async_inst/gnuram_async_fifo.xpm_fifo_base_inst/gen_cdc_pntr.rd_pntr_cdc_inst/src_gray_ff_reg[1]} {i_system_wrapper/system_i/fifo_dsp/inst/fifo_dac_i1/xpm_fifo_async_inst/gnuram_async_fifo.xpm_fifo_base_inst/gen_cdc_pntr.rd_pntr_cdc_inst/src_gray_ff_reg[2]} {i_system_wrapper/system_i/fifo_dsp/inst/fifo_dac_i1/xpm_fifo_async_inst/gnuram_async_fifo.xpm_fifo_base_inst/gen_cdc_pntr.rd_pntr_cdc_inst/src_gray_ff_reg[3]} {i_system_wrapper/system_i/fifo_dsp/inst/fifo_dac_i1/xpm_fifo_async_inst/gnuram_async_fifo.xpm_fifo_base_inst/gen_cdc_pntr.rd_pntr_cdc_inst/src_gray_ff_reg[4]} {i_system_wrapper/system_i/fifo_dsp/inst/fifo_dac_i1/xpm_fifo_async_inst/gnuram_async_fifo.xpm_fifo_base_inst/gen_cdc_pntr.rd_pntr_cdc_inst/src_gray_ff_reg[5]} {i_system_wrapper/system_i/fifo_dsp/inst/fifo_dac_i1/xpm_fifo_async_inst/gnuram_async_fifo.xpm_fifo_base_inst/gen_cdc_pntr.rd_pntr_cdc_inst/src_gray_ff_reg[6]} {i_system_wrapper/system_i/fifo_dsp/inst/fifo_dac_i1/xpm_fifo_async_inst/gnuram_async_fifo.xpm_fifo_base_inst/gen_cdc_pntr.rd_pntr_cdc_inst/src_gray_ff_reg[7]} {i_system_wrapper/system_i/fifo_dsp/inst/fifo_dac_i1/xpm_fifo_async_inst/gnuram_async_fifo.xpm_fifo_base_inst/gen_cdc_pntr.rd_pntr_cdc_inst/src_gray_ff_reg[8]} {i_system_wrapper/system_i/fifo_dsp/inst/fifo_dac_i1/xpm_fifo_async_inst/gnuram_async_fifo.xpm_fifo_base_inst/gen_cdc_pntr.rd_pntr_cdc_inst/src_gray_ff_reg[9]}]] -to [get_cells [list {i_system_wrapper/system_i/fifo_dsp/inst/fifo_dac_i1/xpm_fifo_async_inst/gnuram_async_fifo.xpm_fifo_base_inst/gen_cdc_pntr.rd_pntr_cdc_inst/dest_graysync_ff_reg[0][0]} {i_system_wrapper/system_i/fifo_dsp/inst/fifo_dac_i1/xpm_fifo_async_inst/gnuram_async_fifo.xpm_fifo_base_inst/gen_cdc_pntr.rd_pntr_cdc_inst/dest_graysync_ff_reg[0][1]} {i_system_wrapper/system_i/fifo_dsp/inst/fifo_dac_i1/xpm_fifo_async_inst/gnuram_async_fifo.xpm_fifo_base_inst/gen_cdc_pntr.rd_pntr_cdc_inst/dest_graysync_ff_reg[0][2]} {i_system_wrapper/system_i/fifo_dsp/inst/fifo_dac_i1/xpm_fifo_async_inst/gnuram_async_fifo.xpm_fifo_base_inst/gen_cdc_pntr.rd_pntr_cdc_inst/dest_graysync_ff_reg[0][3]} {i_system_wrapper/system_i/fifo_dsp/inst/fifo_dac_i1/xpm_fifo_async_inst/gnuram_async_fifo.xpm_fifo_base_inst/gen_cdc_pntr.rd_pntr_cdc_inst/dest_graysync_ff_reg[0][4]} {i_system_wrapper/system_i/fifo_dsp/inst/fifo_dac_i1/xpm_fifo_async_inst/gnuram_async_fifo.xpm_fifo_base_inst/gen_cdc_pntr.rd_pntr_cdc_inst/dest_graysync_ff_reg[0][5]} {i_system_wrapper/system_i/fifo_dsp/inst/fifo_dac_i1/xpm_fifo_async_inst/gnuram_async_fifo.xpm_fifo_base_inst/gen_cdc_pntr.rd_pntr_cdc_inst/dest_graysync_ff_reg[0][6]} {i_system_wrapper/system_i/fifo_dsp/inst/fifo_dac_i1/xpm_fifo_async_inst/gnuram_async_fifo.xpm_fifo_base_inst/gen_cdc_pntr.rd_pntr_cdc_inst/dest_graysync_ff_reg[0][7]} {i_system_wrapper/system_i/fifo_dsp/inst/fifo_dac_i1/xpm_fifo_async_inst/gnuram_async_fifo.xpm_fifo_base_inst/gen_cdc_pntr.rd_pntr_cdc_inst/dest_graysync_ff_reg[0][8]} {i_system_wrapper/system_i/fifo_dsp/inst/fifo_dac_i1/xpm_fifo_async_inst/gnuram_async_fifo.xpm_fifo_base_inst/gen_cdc_pntr.rd_pntr_cdc_inst/dest_graysync_ff_reg[0][9]}]] 4.000
Requirement: 4.000ns
Endpoints: 10

From Clock            To Clock              Endpoint Pin                    Reference Pin                   Corner  Actual(ns)  Slack(ns)
--------------------  --------------------  ------------------------------  ------------------------------  ------  ----------  ---------
mmcm_clk_1_s          adc_clk_in            i_system_wrapper/system_i/fifo_dsp/inst/fifo_dac_i1/xpm_fifo_async_inst/gnuram_async_fifo.xpm_fifo_base_inst/gen_cdc_pntr.rd_pntr_cdc_inst/dest_graysync_ff_reg[0][4]/D
                                                                            i_system_wrapper/system_i/fifo_dsp/inst/fifo_dac_i1/xpm_fifo_async_inst/gnuram_async_fifo.xpm_fifo_base_inst/gen_cdc_pntr.rd_pntr_cdc_inst/dest_graysync_ff_reg[0][2]/D
                                                                                                            Slow         0.615      3.385


Slack (MET) :             3.385ns  (requirement - actual skew)
  Endpoint Source:        i_system_wrapper/system_i/fifo_dsp/inst/fifo_dac_i1/xpm_fifo_async_inst/gnuram_async_fifo.xpm_fifo_base_inst/gen_cdc_pntr.rd_pntr_cdc_inst/src_gray_ff_reg[4]/C
                            (rising edge-triggered cell FDRE clocked by mmcm_clk_1_s)
  Endpoint Destination:   i_system_wrapper/system_i/fifo_dsp/inst/fifo_dac_i1/xpm_fifo_async_inst/gnuram_async_fifo.xpm_fifo_base_inst/gen_cdc_pntr.rd_pntr_cdc_inst/dest_graysync_ff_reg[0][4]/D
                            (rising edge-triggered cell FDRE clocked by adc_clk_in)
  Reference Source:       i_system_wrapper/system_i/fifo_dsp/inst/fifo_dac_i1/xpm_fifo_async_inst/gnuram_async_fifo.xpm_fifo_base_inst/gen_cdc_pntr.rd_pntr_cdc_inst/src_gray_ff_reg[2]/C
                            (rising edge-triggered cell FDRE clocked by mmcm_clk_1_s)
  Reference Destination:  i_system_wrapper/system_i/fifo_dsp/inst/fifo_dac_i1/xpm_fifo_async_inst/gnuram_async_fifo.xpm_fifo_base_inst/gen_cdc_pntr.rd_pntr_cdc_inst/dest_graysync_ff_reg[0][2]/D
                            (rising edge-triggered cell FDRE clocked by adc_clk_in)
  Path Type:              Bus Skew (Max at Slow Process Corner)
  Requirement:            4.000ns
  Endpoint Relative Delay:   -5.298ns
  Reference Relative Delay:  -5.459ns
  Relative CRPR:             -0.303ns
  Uncertainty:                0.151ns
  Actual Bus Skew:            0.615ns  (Endpoint Relative Delay - Reference Relative Delay - Relative CRPR + Uncertainty)

Endpoint path:
    Location             Delay type                Incr(ns)  Path(ns)    Netlist Resource(s)
  -------------------------------------------------------------------    -------------------
                         (clock mmcm_clk_1_s rise edge)
                                                      0.000     0.000 r  
    AG17                                              0.000     0.000 r  dac_clk_in_p (IN)
                         net (fo=0)                   0.000     0.000    i_system_wrapper/system_i/axi_ad9122_0/inst/i_if/i_serdes_clk/dac_clk_in_p
    AG17                 IBUFDS (Prop_ibufds_I_O)     0.810     0.810 r  i_system_wrapper/system_i/axi_ad9122_0/inst/i_if/i_serdes_clk/i_clk_in_ibuf/O
                         net (fo=1, routed)           1.081     1.891    i_system_wrapper/system_i/axi_ad9122_0/inst/i_if/i_serdes_clk/i_mmcm_drp/clk_in_s
    MMCME2_ADV_X0Y1      MMCME2_ADV (Prop_mmcme2_adv_CLKIN1_CLKOUT1)
                                                     -7.561    -5.670 r  i_system_wrapper/system_i/axi_ad9122_0/inst/i_if/i_serdes_clk/i_mmcm_drp/i_mmcm/CLKOUT1
                         net (fo=1, routed)           1.823    -3.847    i_system_wrapper/system_i/axi_ad9122_0/inst/i_if/i_serdes_clk/i_mmcm_drp/mmcm_clk_1_s
    BUFGCTRL_X0Y0        BUFG (Prop_bufg_I_O)         0.093    -3.754 r  i_system_wrapper/system_i/axi_ad9122_0/inst/i_if/i_serdes_clk/i_mmcm_drp/i_clk_1_bufg/O
                         net (fo=6597, routed)        1.312    -2.442    i_system_wrapper/system_i/fifo_dsp/inst/fifo_dac_i1/xpm_fifo_async_inst/gnuram_async_fifo.xpm_fifo_base_inst/gen_cdc_pntr.rd_pntr_cdc_inst/src_clk
    SLICE_X18Y153        FDRE                                         r  i_system_wrapper/system_i/fifo_dsp/inst/fifo_dac_i1/xpm_fifo_async_inst/gnuram_async_fifo.xpm_fifo_base_inst/gen_cdc_pntr.rd_pntr_cdc_inst/src_gray_ff_reg[4]/C
  -------------------------------------------------------------------    -------------------
    SLICE_X18Y153        FDRE (Prop_fdre_C_Q)         0.259    -2.183 r  i_system_wrapper/system_i/fifo_dsp/inst/fifo_dac_i1/xpm_fifo_async_inst/gnuram_async_fifo.xpm_fifo_base_inst/gen_cdc_pntr.rd_pntr_cdc_inst/src_gray_ff_reg[4]/Q
                         net (fo=1, routed)           0.445    -1.738    i_system_wrapper/system_i/fifo_dsp/inst/fifo_dac_i1/xpm_fifo_async_inst/gnuram_async_fifo.xpm_fifo_base_inst/gen_cdc_pntr.rd_pntr_cdc_inst/async_path[4]
    SLICE_X16Y153        FDRE                                         r  i_system_wrapper/system_i/fifo_dsp/inst/fifo_dac_i1/xpm_fifo_async_inst/gnuram_async_fifo.xpm_fifo_base_inst/gen_cdc_pntr.rd_pntr_cdc_inst/dest_graysync_ff_reg[0][4]/D
  -------------------------------------------------------------------    -------------------

                         (clock adc_clk_in rise edge)
                                                      0.000     0.000 r  
    AC28                                              0.000     0.000 r  adc_clk_in_p (IN)
                         net (fo=0)                   0.000     0.000    i_system_wrapper/system_i/axi_ad9643_0/inst/i_if/i_adc_clk/adc_clk_in_p
    AC28                 IBUFDS (Prop_ibufds_I_O)     0.753     0.753 r  i_system_wrapper/system_i/axi_ad9643_0/inst/i_if/i_adc_clk/i_rx_clk_ibuf/O
                         net (fo=1, routed)           1.535     2.288    i_system_wrapper/system_i/axi_ad9643_0/inst/i_if/i_adc_clk/clk_ibuf_s
    BUFGCTRL_X0Y17       BUFG (Prop_bufg_I_O)         0.083     2.371 r  i_system_wrapper/system_i/axi_ad9643_0/inst/i_if/i_adc_clk/i_clk_gbuf/O
                         net (fo=1442, routed)        1.167     3.538    i_system_wrapper/system_i/fifo_dsp/inst/fifo_dac_i1/xpm_fifo_async_inst/gnuram_async_fifo.xpm_fifo_base_inst/gen_cdc_pntr.rd_pntr_cdc_inst/dest_clk
    SLICE_X16Y153        FDRE                                         r  i_system_wrapper/system_i/fifo_dsp/inst/fifo_dac_i1/xpm_fifo_async_inst/gnuram_async_fifo.xpm_fifo_base_inst/gen_cdc_pntr.rd_pntr_cdc_inst/dest_graysync_ff_reg[0][4]/C
                         clock pessimism              0.000     3.538    
    SLICE_X16Y153        FDRE (Setup_fdre_C_D)        0.022     3.560    i_system_wrapper/system_i/fifo_dsp/inst/fifo_dac_i1/xpm_fifo_async_inst/gnuram_async_fifo.xpm_fifo_base_inst/gen_cdc_pntr.rd_pntr_cdc_inst/dest_graysync_ff_reg[0][4]
  -------------------------------------------------------------------
                         data arrival                          -1.738    
                         clock arrival                          3.560    
  -------------------------------------------------------------------
                         relative delay                        -5.298    

Reference path:
    Location             Delay type                Incr(ns)  Path(ns)    Netlist Resource(s)
  -------------------------------------------------------------------    -------------------
                         (clock mmcm_clk_1_s rise edge)
                                                      0.000     0.000 r  
    AG17                                              0.000     0.000 r  dac_clk_in_p (IN)
                         net (fo=0)                   0.000     0.000    i_system_wrapper/system_i/axi_ad9122_0/inst/i_if/i_serdes_clk/dac_clk_in_p
    AG17                 IBUFDS (Prop_ibufds_I_O)     0.733     0.733 r  i_system_wrapper/system_i/axi_ad9122_0/inst/i_if/i_serdes_clk/i_clk_in_ibuf/O
                         net (fo=1, routed)           0.986     1.719    i_system_wrapper/system_i/axi_ad9122_0/inst/i_if/i_serdes_clk/i_mmcm_drp/clk_in_s
    MMCME2_ADV_X0Y1      MMCME2_ADV (Prop_mmcme2_adv_CLKIN1_CLKOUT1)
                                                     -6.534    -4.815 r  i_system_wrapper/system_i/axi_ad9122_0/inst/i_if/i_serdes_clk/i_mmcm_drp/i_mmcm/CLKOUT1
                         net (fo=1, routed)           1.698    -3.117    i_system_wrapper/system_i/axi_ad9122_0/inst/i_if/i_serdes_clk/i_mmcm_drp/mmcm_clk_1_s
    BUFGCTRL_X0Y0        BUFG (Prop_bufg_I_O)         0.083    -3.034 r  i_system_wrapper/system_i/axi_ad9122_0/inst/i_if/i_serdes_clk/i_mmcm_drp/i_clk_1_bufg/O
                         net (fo=6597, routed)        1.169    -1.865    i_system_wrapper/system_i/fifo_dsp/inst/fifo_dac_i1/xpm_fifo_async_inst/gnuram_async_fifo.xpm_fifo_base_inst/gen_cdc_pntr.rd_pntr_cdc_inst/src_clk
    SLICE_X19Y150        FDRE                                         r  i_system_wrapper/system_i/fifo_dsp/inst/fifo_dac_i1/xpm_fifo_async_inst/gnuram_async_fifo.xpm_fifo_base_inst/gen_cdc_pntr.rd_pntr_cdc_inst/src_gray_ff_reg[2]/C
  -------------------------------------------------------------------    -------------------
    SLICE_X19Y150        FDRE (Prop_fdre_C_Q)         0.178    -1.687 r  i_system_wrapper/system_i/fifo_dsp/inst/fifo_dac_i1/xpm_fifo_async_inst/gnuram_async_fifo.xpm_fifo_base_inst/gen_cdc_pntr.rd_pntr_cdc_inst/src_gray_ff_reg[2]/Q
                         net (fo=1, routed)           0.234    -1.454    i_system_wrapper/system_i/fifo_dsp/inst/fifo_dac_i1/xpm_fifo_async_inst/gnuram_async_fifo.xpm_fifo_base_inst/gen_cdc_pntr.rd_pntr_cdc_inst/async_path[2]
    SLICE_X15Y150        FDRE                                         r  i_system_wrapper/system_i/fifo_dsp/inst/fifo_dac_i1/xpm_fifo_async_inst/gnuram_async_fifo.xpm_fifo_base_inst/gen_cdc_pntr.rd_pntr_cdc_inst/dest_graysync_ff_reg[0][2]/D
  -------------------------------------------------------------------    -------------------

                         (clock adc_clk_in rise edge)
                                                      0.000     0.000 r  
    AC28                                              0.000     0.000 r  adc_clk_in_p (IN)
                         net (fo=0)                   0.000     0.000    i_system_wrapper/system_i/axi_ad9643_0/inst/i_if/i_adc_clk/adc_clk_in_p
    AC28                 IBUFDS (Prop_ibufds_I_O)     0.831     0.831 r  i_system_wrapper/system_i/axi_ad9643_0/inst/i_if/i_adc_clk/i_rx_clk_ibuf/O
                         net (fo=1, routed)           1.653     2.484    i_system_wrapper/system_i/axi_ad9643_0/inst/i_if/i_adc_clk/clk_ibuf_s
    BUFGCTRL_X0Y17       BUFG (Prop_bufg_I_O)         0.093     2.577 r  i_system_wrapper/system_i/axi_ad9643_0/inst/i_if/i_adc_clk/i_clk_gbuf/O
                         net (fo=1442, routed)        1.311     3.888    i_system_wrapper/system_i/fifo_dsp/inst/fifo_dac_i1/xpm_fifo_async_inst/gnuram_async_fifo.xpm_fifo_base_inst/gen_cdc_pntr.rd_pntr_cdc_inst/dest_clk
    SLICE_X15Y150        FDRE                                         r  i_system_wrapper/system_i/fifo_dsp/inst/fifo_dac_i1/xpm_fifo_async_inst/gnuram_async_fifo.xpm_fifo_base_inst/gen_cdc_pntr.rd_pntr_cdc_inst/dest_graysync_ff_reg[0][2]/C
                         clock pessimism              0.000     3.888    
    SLICE_X15Y150        FDRE (Hold_fdre_C_D)         0.118     4.006    i_system_wrapper/system_i/fifo_dsp/inst/fifo_dac_i1/xpm_fifo_async_inst/gnuram_async_fifo.xpm_fifo_base_inst/gen_cdc_pntr.rd_pntr_cdc_inst/dest_graysync_ff_reg[0][2]
  -------------------------------------------------------------------
                         data arrival                          -1.454    
                         clock arrival                          4.006    
  -------------------------------------------------------------------
                         relative delay                        -5.459    



Id: 2
set_bus_skew -from [get_cells [list {i_system_wrapper/system_i/fifo_dsp/inst/fifo_dac_i0/xpm_fifo_async_inst/gnuram_async_fifo.xpm_fifo_base_inst/gen_cdc_pntr.wr_pntr_cdc_inst/src_gray_ff_reg[0]} {i_system_wrapper/system_i/fifo_dsp/inst/fifo_dac_i0/xpm_fifo_async_inst/gnuram_async_fifo.xpm_fifo_base_inst/gen_cdc_pntr.wr_pntr_cdc_inst/src_gray_ff_reg[1]} {i_system_wrapper/system_i/fifo_dsp/inst/fifo_dac_i0/xpm_fifo_async_inst/gnuram_async_fifo.xpm_fifo_base_inst/gen_cdc_pntr.wr_pntr_cdc_inst/src_gray_ff_reg[2]} {i_system_wrapper/system_i/fifo_dsp/inst/fifo_dac_i0/xpm_fifo_async_inst/gnuram_async_fifo.xpm_fifo_base_inst/gen_cdc_pntr.wr_pntr_cdc_inst/src_gray_ff_reg[3]} {i_system_wrapper/system_i/fifo_dsp/inst/fifo_dac_i0/xpm_fifo_async_inst/gnuram_async_fifo.xpm_fifo_base_inst/gen_cdc_pntr.wr_pntr_cdc_inst/src_gray_ff_reg[4]} {i_system_wrapper/system_i/fifo_dsp/inst/fifo_dac_i0/xpm_fifo_async_inst/gnuram_async_fifo.xpm_fifo_base_inst/gen_cdc_pntr.wr_pntr_cdc_inst/src_gray_ff_reg[5]} {i_system_wrapper/system_i/fifo_dsp/inst/fifo_dac_i0/xpm_fifo_async_inst/gnuram_async_fifo.xpm_fifo_base_inst/gen_cdc_pntr.wr_pntr_cdc_inst/src_gray_ff_reg[6]} {i_system_wrapper/system_i/fifo_dsp/inst/fifo_dac_i0/xpm_fifo_async_inst/gnuram_async_fifo.xpm_fifo_base_inst/gen_cdc_pntr.wr_pntr_cdc_inst/src_gray_ff_reg[7]} {i_system_wrapper/system_i/fifo_dsp/inst/fifo_dac_i0/xpm_fifo_async_inst/gnuram_async_fifo.xpm_fifo_base_inst/gen_cdc_pntr.wr_pntr_cdc_inst/src_gray_ff_reg[8]} {i_system_wrapper/system_i/fifo_dsp/inst/fifo_dac_i0/xpm_fifo_async_inst/gnuram_async_fifo.xpm_fifo_base_inst/gen_cdc_pntr.wr_pntr_cdc_inst/src_gray_ff_reg[9]}]] -to [get_cells [list {i_system_wrapper/system_i/fifo_dsp/inst/fifo_dac_i0/xpm_fifo_async_inst/gnuram_async_fifo.xpm_fifo_base_inst/gen_cdc_pntr.wr_pntr_cdc_inst/dest_graysync_ff_reg[0][0]} {i_system_wrapper/system_i/fifo_dsp/inst/fifo_dac_i0/xpm_fifo_async_inst/gnuram_async_fifo.xpm_fifo_base_inst/gen_cdc_pntr.wr_pntr_cdc_inst/dest_graysync_ff_reg[0][1]} {i_system_wrapper/system_i/fifo_dsp/inst/fifo_dac_i0/xpm_fifo_async_inst/gnuram_async_fifo.xpm_fifo_base_inst/gen_cdc_pntr.wr_pntr_cdc_inst/dest_graysync_ff_reg[0][2]} {i_system_wrapper/system_i/fifo_dsp/inst/fifo_dac_i0/xpm_fifo_async_inst/gnuram_async_fifo.xpm_fifo_base_inst/gen_cdc_pntr.wr_pntr_cdc_inst/dest_graysync_ff_reg[0][3]} {i_system_wrapper/system_i/fifo_dsp/inst/fifo_dac_i0/xpm_fifo_async_inst/gnuram_async_fifo.xpm_fifo_base_inst/gen_cdc_pntr.wr_pntr_cdc_inst/dest_graysync_ff_reg[0][4]} {i_system_wrapper/system_i/fifo_dsp/inst/fifo_dac_i0/xpm_fifo_async_inst/gnuram_async_fifo.xpm_fifo_base_inst/gen_cdc_pntr.wr_pntr_cdc_inst/dest_graysync_ff_reg[0][5]} {i_system_wrapper/system_i/fifo_dsp/inst/fifo_dac_i0/xpm_fifo_async_inst/gnuram_async_fifo.xpm_fifo_base_inst/gen_cdc_pntr.wr_pntr_cdc_inst/dest_graysync_ff_reg[0][6]} {i_system_wrapper/system_i/fifo_dsp/inst/fifo_dac_i0/xpm_fifo_async_inst/gnuram_async_fifo.xpm_fifo_base_inst/gen_cdc_pntr.wr_pntr_cdc_inst/dest_graysync_ff_reg[0][7]} {i_system_wrapper/system_i/fifo_dsp/inst/fifo_dac_i0/xpm_fifo_async_inst/gnuram_async_fifo.xpm_fifo_base_inst/gen_cdc_pntr.wr_pntr_cdc_inst/dest_graysync_ff_reg[0][8]} {i_system_wrapper/system_i/fifo_dsp/inst/fifo_dac_i0/xpm_fifo_async_inst/gnuram_async_fifo.xpm_fifo_base_inst/gen_cdc_pntr.wr_pntr_cdc_inst/dest_graysync_ff_reg[0][9]}]] 4.000
Requirement: 4.000ns
Endpoints: 10

From Clock            To Clock              Endpoint Pin                    Reference Pin                   Corner  Actual(ns)  Slack(ns)
--------------------  --------------------  ------------------------------  ------------------------------  ------  ----------  ---------
adc_clk_in            mmcm_clk_1_s          i_system_wrapper/system_i/fifo_dsp/inst/fifo_dac_i0/xpm_fifo_async_inst/gnuram_async_fifo.xpm_fifo_base_inst/gen_cdc_pntr.wr_pntr_cdc_inst/dest_graysync_ff_reg[0][7]/D
                                                                            i_system_wrapper/system_i/fifo_dsp/inst/fifo_dac_i0/xpm_fifo_async_inst/gnuram_async_fifo.xpm_fifo_base_inst/gen_cdc_pntr.wr_pntr_cdc_inst/dest_graysync_ff_reg[0][6]/D
                                                                                                            Slow         0.653      3.347


Slack (MET) :             3.347ns  (requirement - actual skew)
  Endpoint Source:        i_system_wrapper/system_i/fifo_dsp/inst/fifo_dac_i0/xpm_fifo_async_inst/gnuram_async_fifo.xpm_fifo_base_inst/gen_cdc_pntr.wr_pntr_cdc_inst/src_gray_ff_reg[7]/C
                            (rising edge-triggered cell FDRE clocked by adc_clk_in)
  Endpoint Destination:   i_system_wrapper/system_i/fifo_dsp/inst/fifo_dac_i0/xpm_fifo_async_inst/gnuram_async_fifo.xpm_fifo_base_inst/gen_cdc_pntr.wr_pntr_cdc_inst/dest_graysync_ff_reg[0][7]/D
                            (rising edge-triggered cell FDRE clocked by mmcm_clk_1_s)
  Reference Source:       i_system_wrapper/system_i/fifo_dsp/inst/fifo_dac_i0/xpm_fifo_async_inst/gnuram_async_fifo.xpm_fifo_base_inst/gen_cdc_pntr.wr_pntr_cdc_inst/src_gray_ff_reg[6]/C
                            (rising edge-triggered cell FDRE clocked by adc_clk_in)
  Reference Destination:  i_system_wrapper/system_i/fifo_dsp/inst/fifo_dac_i0/xpm_fifo_async_inst/gnuram_async_fifo.xpm_fifo_base_inst/gen_cdc_pntr.wr_pntr_cdc_inst/dest_graysync_ff_reg[0][6]/D
                            (rising edge-triggered cell FDRE clocked by mmcm_clk_1_s)
  Path Type:              Bus Skew (Max at Slow Process Corner)
  Requirement:            4.000ns
  Endpoint Relative Delay:    6.515ns
  Reference Relative Delay:   6.283ns
  Relative CRPR:             -0.269ns
  Uncertainty:                0.151ns
  Actual Bus Skew:            0.653ns  (Endpoint Relative Delay - Reference Relative Delay - Relative CRPR + Uncertainty)

Endpoint path:
    Location             Delay type                Incr(ns)  Path(ns)    Netlist Resource(s)
  -------------------------------------------------------------------    -------------------
                         (clock adc_clk_in rise edge)
                                                      0.000     0.000 r  
    AC28                                              0.000     0.000 r  adc_clk_in_p (IN)
                         net (fo=0)                   0.000     0.000    i_system_wrapper/system_i/axi_ad9643_0/inst/i_if/i_adc_clk/adc_clk_in_p
    AC28                 IBUFDS (Prop_ibufds_I_O)     0.831     0.831 r  i_system_wrapper/system_i/axi_ad9643_0/inst/i_if/i_adc_clk/i_rx_clk_ibuf/O
                         net (fo=1, routed)           1.653     2.484    i_system_wrapper/system_i/axi_ad9643_0/inst/i_if/i_adc_clk/clk_ibuf_s
    BUFGCTRL_X0Y17       BUFG (Prop_bufg_I_O)         0.093     2.577 r  i_system_wrapper/system_i/axi_ad9643_0/inst/i_if/i_adc_clk/i_clk_gbuf/O
                         net (fo=1442, routed)        1.314     3.891    i_system_wrapper/system_i/fifo_dsp/inst/fifo_dac_i0/xpm_fifo_async_inst/gnuram_async_fifo.xpm_fifo_base_inst/gen_cdc_pntr.wr_pntr_cdc_inst/src_clk
    SLICE_X25Y139        FDRE                                         r  i_system_wrapper/system_i/fifo_dsp/inst/fifo_dac_i0/xpm_fifo_async_inst/gnuram_async_fifo.xpm_fifo_base_inst/gen_cdc_pntr.wr_pntr_cdc_inst/src_gray_ff_reg[7]/C
  -------------------------------------------------------------------    -------------------
    SLICE_X25Y139        FDRE (Prop_fdre_C_Q)         0.204     4.095 r  i_system_wrapper/system_i/fifo_dsp/inst/fifo_dac_i0/xpm_fifo_async_inst/gnuram_async_fifo.xpm_fifo_base_inst/gen_cdc_pntr.wr_pntr_cdc_inst/src_gray_ff_reg[7]/Q
                         net (fo=1, routed)           0.464     4.559    i_system_wrapper/system_i/fifo_dsp/inst/fifo_dac_i0/xpm_fifo_async_inst/gnuram_async_fifo.xpm_fifo_base_inst/gen_cdc_pntr.wr_pntr_cdc_inst/async_path[7]
    SLICE_X24Y139        FDRE                                         r  i_system_wrapper/system_i/fifo_dsp/inst/fifo_dac_i0/xpm_fifo_async_inst/gnuram_async_fifo.xpm_fifo_base_inst/gen_cdc_pntr.wr_pntr_cdc_inst/dest_graysync_ff_reg[0][7]/D
  -------------------------------------------------------------------    -------------------

                         (clock mmcm_clk_1_s rise edge)
                                                      0.000     0.000 r  
    AG17                                              0.000     0.000 r  dac_clk_in_p (IN)
                         net (fo=0)                   0.000     0.000    i_system_wrapper/system_i/axi_ad9122_0/inst/i_if/i_serdes_clk/dac_clk_in_p
    AG17                 IBUFDS (Prop_ibufds_I_O)     0.733     0.733 r  i_system_wrapper/system_i/axi_ad9122_0/inst/i_if/i_serdes_clk/i_clk_in_ibuf/O
                         net (fo=1, routed)           0.986     1.719    i_system_wrapper/system_i/axi_ad9122_0/inst/i_if/i_serdes_clk/i_mmcm_drp/clk_in_s
    MMCME2_ADV_X0Y1      MMCME2_ADV (Prop_mmcme2_adv_CLKIN1_CLKOUT1)
                                                     -6.534    -4.815 r  i_system_wrapper/system_i/axi_ad9122_0/inst/i_if/i_serdes_clk/i_mmcm_drp/i_mmcm/CLKOUT1
                         net (fo=1, routed)           1.698    -3.117    i_system_wrapper/system_i/axi_ad9122_0/inst/i_if/i_serdes_clk/i_mmcm_drp/mmcm_clk_1_s
    BUFGCTRL_X0Y0        BUFG (Prop_bufg_I_O)         0.083    -3.034 r  i_system_wrapper/system_i/axi_ad9122_0/inst/i_if/i_serdes_clk/i_mmcm_drp/i_clk_1_bufg/O
                         net (fo=6597, routed)        1.177    -1.857    i_system_wrapper/system_i/fifo_dsp/inst/fifo_dac_i0/xpm_fifo_async_inst/gnuram_async_fifo.xpm_fifo_base_inst/gen_cdc_pntr.wr_pntr_cdc_inst/dest_clk
    SLICE_X24Y139        FDRE                                         r  i_system_wrapper/system_i/fifo_dsp/inst/fifo_dac_i0/xpm_fifo_async_inst/gnuram_async_fifo.xpm_fifo_base_inst/gen_cdc_pntr.wr_pntr_cdc_inst/dest_graysync_ff_reg[0][7]/C
                         clock pessimism              0.000    -1.857    
    SLICE_X24Y139        FDRE (Setup_fdre_C_D)       -0.099    -1.956    i_system_wrapper/system_i/fifo_dsp/inst/fifo_dac_i0/xpm_fifo_async_inst/gnuram_async_fifo.xpm_fifo_base_inst/gen_cdc_pntr.wr_pntr_cdc_inst/dest_graysync_ff_reg[0][7]
  -------------------------------------------------------------------
                         data arrival                           4.559    
                         clock arrival                         -1.956    
  -------------------------------------------------------------------
                         relative delay                         6.515    

Reference path:
    Location             Delay type                Incr(ns)  Path(ns)    Netlist Resource(s)
  -------------------------------------------------------------------    -------------------
                         (clock adc_clk_in rise edge)
                                                      0.000     0.000 r  
    AC28                                              0.000     0.000 r  adc_clk_in_p (IN)
                         net (fo=0)                   0.000     0.000    i_system_wrapper/system_i/axi_ad9643_0/inst/i_if/i_adc_clk/adc_clk_in_p
    AC28                 IBUFDS (Prop_ibufds_I_O)     0.753     0.753 r  i_system_wrapper/system_i/axi_ad9643_0/inst/i_if/i_adc_clk/i_rx_clk_ibuf/O
                         net (fo=1, routed)           1.535     2.288    i_system_wrapper/system_i/axi_ad9643_0/inst/i_if/i_adc_clk/clk_ibuf_s
    BUFGCTRL_X0Y17       BUFG (Prop_bufg_I_O)         0.083     2.371 r  i_system_wrapper/system_i/axi_ad9643_0/inst/i_if/i_adc_clk/i_clk_gbuf/O
                         net (fo=1442, routed)        1.179     3.550    i_system_wrapper/system_i/fifo_dsp/inst/fifo_dac_i0/xpm_fifo_async_inst/gnuram_async_fifo.xpm_fifo_base_inst/gen_cdc_pntr.wr_pntr_cdc_inst/src_clk
    SLICE_X25Y139        FDRE                                         r  i_system_wrapper/system_i/fifo_dsp/inst/fifo_dac_i0/xpm_fifo_async_inst/gnuram_async_fifo.xpm_fifo_base_inst/gen_cdc_pntr.wr_pntr_cdc_inst/src_gray_ff_reg[6]/C
  -------------------------------------------------------------------    -------------------
    SLICE_X25Y139        FDRE (Prop_fdre_C_Q)         0.178     3.728 r  i_system_wrapper/system_i/fifo_dsp/inst/fifo_dac_i0/xpm_fifo_async_inst/gnuram_async_fifo.xpm_fifo_base_inst/gen_cdc_pntr.wr_pntr_cdc_inst/src_gray_ff_reg[6]/Q
                         net (fo=1, routed)           0.229     3.958    i_system_wrapper/system_i/fifo_dsp/inst/fifo_dac_i0/xpm_fifo_async_inst/gnuram_async_fifo.xpm_fifo_base_inst/gen_cdc_pntr.wr_pntr_cdc_inst/async_path[6]
    SLICE_X25Y138        FDRE                                         r  i_system_wrapper/system_i/fifo_dsp/inst/fifo_dac_i0/xpm_fifo_async_inst/gnuram_async_fifo.xpm_fifo_base_inst/gen_cdc_pntr.wr_pntr_cdc_inst/dest_graysync_ff_reg[0][6]/D
  -------------------------------------------------------------------    -------------------

                         (clock mmcm_clk_1_s rise edge)
                                                      0.000     0.000 r  
    AG17                                              0.000     0.000 r  dac_clk_in_p (IN)
                         net (fo=0)                   0.000     0.000    i_system_wrapper/system_i/axi_ad9122_0/inst/i_if/i_serdes_clk/dac_clk_in_p
    AG17                 IBUFDS (Prop_ibufds_I_O)     0.810     0.810 r  i_system_wrapper/system_i/axi_ad9122_0/inst/i_if/i_serdes_clk/i_clk_in_ibuf/O
                         net (fo=1, routed)           1.081     1.891    i_system_wrapper/system_i/axi_ad9122_0/inst/i_if/i_serdes_clk/i_mmcm_drp/clk_in_s
    MMCME2_ADV_X0Y1      MMCME2_ADV (Prop_mmcme2_adv_CLKIN1_CLKOUT1)
                                                     -7.561    -5.670 r  i_system_wrapper/system_i/axi_ad9122_0/inst/i_if/i_serdes_clk/i_mmcm_drp/i_mmcm/CLKOUT1
                         net (fo=1, routed)           1.823    -3.847    i_system_wrapper/system_i/axi_ad9122_0/inst/i_if/i_serdes_clk/i_mmcm_drp/mmcm_clk_1_s
    BUFGCTRL_X0Y0        BUFG (Prop_bufg_I_O)         0.093    -3.754 r  i_system_wrapper/system_i/axi_ad9122_0/inst/i_if/i_serdes_clk/i_mmcm_drp/i_clk_1_bufg/O
                         net (fo=6597, routed)        1.311    -2.443    i_system_wrapper/system_i/fifo_dsp/inst/fifo_dac_i0/xpm_fifo_async_inst/gnuram_async_fifo.xpm_fifo_base_inst/gen_cdc_pntr.wr_pntr_cdc_inst/dest_clk
    SLICE_X25Y138        FDRE                                         r  i_system_wrapper/system_i/fifo_dsp/inst/fifo_dac_i0/xpm_fifo_async_inst/gnuram_async_fifo.xpm_fifo_base_inst/gen_cdc_pntr.wr_pntr_cdc_inst/dest_graysync_ff_reg[0][6]/C
                         clock pessimism              0.000    -2.443    
    SLICE_X25Y138        FDRE (Hold_fdre_C_D)         0.118    -2.325    i_system_wrapper/system_i/fifo_dsp/inst/fifo_dac_i0/xpm_fifo_async_inst/gnuram_async_fifo.xpm_fifo_base_inst/gen_cdc_pntr.wr_pntr_cdc_inst/dest_graysync_ff_reg[0][6]
  -------------------------------------------------------------------
                         data arrival                           3.958    
                         clock arrival                         -2.325    
  -------------------------------------------------------------------
                         relative delay                         6.283    



Id: 3
set_bus_skew -from [get_cells [list {i_system_wrapper/system_i/fifo_dsp/inst/fifo_dac_i0/xpm_fifo_async_inst/gnuram_async_fifo.xpm_fifo_base_inst/gen_cdc_pntr.rd_pntr_cdc_inst/src_gray_ff_reg[0]} {i_system_wrapper/system_i/fifo_dsp/inst/fifo_dac_i0/xpm_fifo_async_inst/gnuram_async_fifo.xpm_fifo_base_inst/gen_cdc_pntr.rd_pntr_cdc_inst/src_gray_ff_reg[1]} {i_system_wrapper/system_i/fifo_dsp/inst/fifo_dac_i0/xpm_fifo_async_inst/gnuram_async_fifo.xpm_fifo_base_inst/gen_cdc_pntr.rd_pntr_cdc_inst/src_gray_ff_reg[2]} {i_system_wrapper/system_i/fifo_dsp/inst/fifo_dac_i0/xpm_fifo_async_inst/gnuram_async_fifo.xpm_fifo_base_inst/gen_cdc_pntr.rd_pntr_cdc_inst/src_gray_ff_reg[3]} {i_system_wrapper/system_i/fifo_dsp/inst/fifo_dac_i0/xpm_fifo_async_inst/gnuram_async_fifo.xpm_fifo_base_inst/gen_cdc_pntr.rd_pntr_cdc_inst/src_gray_ff_reg[4]} {i_system_wrapper/system_i/fifo_dsp/inst/fifo_dac_i0/xpm_fifo_async_inst/gnuram_async_fifo.xpm_fifo_base_inst/gen_cdc_pntr.rd_pntr_cdc_inst/src_gray_ff_reg[5]} {i_system_wrapper/system_i/fifo_dsp/inst/fifo_dac_i0/xpm_fifo_async_inst/gnuram_async_fifo.xpm_fifo_base_inst/gen_cdc_pntr.rd_pntr_cdc_inst/src_gray_ff_reg[6]} {i_system_wrapper/system_i/fifo_dsp/inst/fifo_dac_i0/xpm_fifo_async_inst/gnuram_async_fifo.xpm_fifo_base_inst/gen_cdc_pntr.rd_pntr_cdc_inst/src_gray_ff_reg[7]} {i_system_wrapper/system_i/fifo_dsp/inst/fifo_dac_i0/xpm_fifo_async_inst/gnuram_async_fifo.xpm_fifo_base_inst/gen_cdc_pntr.rd_pntr_cdc_inst/src_gray_ff_reg[8]} {i_system_wrapper/system_i/fifo_dsp/inst/fifo_dac_i0/xpm_fifo_async_inst/gnuram_async_fifo.xpm_fifo_base_inst/gen_cdc_pntr.rd_pntr_cdc_inst/src_gray_ff_reg[9]}]] -to [get_cells [list {i_system_wrapper/system_i/fifo_dsp/inst/fifo_dac_i0/xpm_fifo_async_inst/gnuram_async_fifo.xpm_fifo_base_inst/gen_cdc_pntr.rd_pntr_cdc_inst/dest_graysync_ff_reg[0][0]} {i_system_wrapper/system_i/fifo_dsp/inst/fifo_dac_i0/xpm_fifo_async_inst/gnuram_async_fifo.xpm_fifo_base_inst/gen_cdc_pntr.rd_pntr_cdc_inst/dest_graysync_ff_reg[0][1]} {i_system_wrapper/system_i/fifo_dsp/inst/fifo_dac_i0/xpm_fifo_async_inst/gnuram_async_fifo.xpm_fifo_base_inst/gen_cdc_pntr.rd_pntr_cdc_inst/dest_graysync_ff_reg[0][2]} {i_system_wrapper/system_i/fifo_dsp/inst/fifo_dac_i0/xpm_fifo_async_inst/gnuram_async_fifo.xpm_fifo_base_inst/gen_cdc_pntr.rd_pntr_cdc_inst/dest_graysync_ff_reg[0][3]} {i_system_wrapper/system_i/fifo_dsp/inst/fifo_dac_i0/xpm_fifo_async_inst/gnuram_async_fifo.xpm_fifo_base_inst/gen_cdc_pntr.rd_pntr_cdc_inst/dest_graysync_ff_reg[0][4]} {i_system_wrapper/system_i/fifo_dsp/inst/fifo_dac_i0/xpm_fifo_async_inst/gnuram_async_fifo.xpm_fifo_base_inst/gen_cdc_pntr.rd_pntr_cdc_inst/dest_graysync_ff_reg[0][5]} {i_system_wrapper/system_i/fifo_dsp/inst/fifo_dac_i0/xpm_fifo_async_inst/gnuram_async_fifo.xpm_fifo_base_inst/gen_cdc_pntr.rd_pntr_cdc_inst/dest_graysync_ff_reg[0][6]} {i_system_wrapper/system_i/fifo_dsp/inst/fifo_dac_i0/xpm_fifo_async_inst/gnuram_async_fifo.xpm_fifo_base_inst/gen_cdc_pntr.rd_pntr_cdc_inst/dest_graysync_ff_reg[0][7]} {i_system_wrapper/system_i/fifo_dsp/inst/fifo_dac_i0/xpm_fifo_async_inst/gnuram_async_fifo.xpm_fifo_base_inst/gen_cdc_pntr.rd_pntr_cdc_inst/dest_graysync_ff_reg[0][8]} {i_system_wrapper/system_i/fifo_dsp/inst/fifo_dac_i0/xpm_fifo_async_inst/gnuram_async_fifo.xpm_fifo_base_inst/gen_cdc_pntr.rd_pntr_cdc_inst/dest_graysync_ff_reg[0][9]}]] 4.000
Requirement: 4.000ns
Endpoints: 10

From Clock            To Clock              Endpoint Pin                    Reference Pin                   Corner  Actual(ns)  Slack(ns)
--------------------  --------------------  ------------------------------  ------------------------------  ------  ----------  ---------
mmcm_clk_1_s          adc_clk_in            i_system_wrapper/system_i/fifo_dsp/inst/fifo_dac_i0/xpm_fifo_async_inst/gnuram_async_fifo.xpm_fifo_base_inst/gen_cdc_pntr.rd_pntr_cdc_inst/dest_graysync_ff_reg[0][7]/D
                                                                            i_system_wrapper/system_i/fifo_dsp/inst/fifo_dac_i0/xpm_fifo_async_inst/gnuram_async_fifo.xpm_fifo_base_inst/gen_cdc_pntr.rd_pntr_cdc_inst/dest_graysync_ff_reg[0][4]/D
                                                                                                            Slow         0.671      3.329


Slack (MET) :             3.329ns  (requirement - actual skew)
  Endpoint Source:        i_system_wrapper/system_i/fifo_dsp/inst/fifo_dac_i0/xpm_fifo_async_inst/gnuram_async_fifo.xpm_fifo_base_inst/gen_cdc_pntr.rd_pntr_cdc_inst/src_gray_ff_reg[7]/C
                            (rising edge-triggered cell FDRE clocked by mmcm_clk_1_s)
  Endpoint Destination:   i_system_wrapper/system_i/fifo_dsp/inst/fifo_dac_i0/xpm_fifo_async_inst/gnuram_async_fifo.xpm_fifo_base_inst/gen_cdc_pntr.rd_pntr_cdc_inst/dest_graysync_ff_reg[0][7]/D
                            (rising edge-triggered cell FDRE clocked by adc_clk_in)
  Reference Source:       i_system_wrapper/system_i/fifo_dsp/inst/fifo_dac_i0/xpm_fifo_async_inst/gnuram_async_fifo.xpm_fifo_base_inst/gen_cdc_pntr.rd_pntr_cdc_inst/src_gray_ff_reg[4]/C
                            (rising edge-triggered cell FDRE clocked by mmcm_clk_1_s)
  Reference Destination:  i_system_wrapper/system_i/fifo_dsp/inst/fifo_dac_i0/xpm_fifo_async_inst/gnuram_async_fifo.xpm_fifo_base_inst/gen_cdc_pntr.rd_pntr_cdc_inst/dest_graysync_ff_reg[0][4]/D
                            (rising edge-triggered cell FDRE clocked by adc_clk_in)
  Path Type:              Bus Skew (Max at Slow Process Corner)
  Requirement:            4.000ns
  Endpoint Relative Delay:   -5.221ns
  Reference Relative Delay:  -5.473ns
  Relative CRPR:             -0.268ns
  Uncertainty:                0.151ns
  Actual Bus Skew:            0.671ns  (Endpoint Relative Delay - Reference Relative Delay - Relative CRPR + Uncertainty)

Endpoint path:
    Location             Delay type                Incr(ns)  Path(ns)    Netlist Resource(s)
  -------------------------------------------------------------------    -------------------
                         (clock mmcm_clk_1_s rise edge)
                                                      0.000     0.000 r  
    AG17                                              0.000     0.000 r  dac_clk_in_p (IN)
                         net (fo=0)                   0.000     0.000    i_system_wrapper/system_i/axi_ad9122_0/inst/i_if/i_serdes_clk/dac_clk_in_p
    AG17                 IBUFDS (Prop_ibufds_I_O)     0.810     0.810 r  i_system_wrapper/system_i/axi_ad9122_0/inst/i_if/i_serdes_clk/i_clk_in_ibuf/O
                         net (fo=1, routed)           1.081     1.891    i_system_wrapper/system_i/axi_ad9122_0/inst/i_if/i_serdes_clk/i_mmcm_drp/clk_in_s
    MMCME2_ADV_X0Y1      MMCME2_ADV (Prop_mmcme2_adv_CLKIN1_CLKOUT1)
                                                     -7.561    -5.670 r  i_system_wrapper/system_i/axi_ad9122_0/inst/i_if/i_serdes_clk/i_mmcm_drp/i_mmcm/CLKOUT1
                         net (fo=1, routed)           1.823    -3.847    i_system_wrapper/system_i/axi_ad9122_0/inst/i_if/i_serdes_clk/i_mmcm_drp/mmcm_clk_1_s
    BUFGCTRL_X0Y0        BUFG (Prop_bufg_I_O)         0.093    -3.754 r  i_system_wrapper/system_i/axi_ad9122_0/inst/i_if/i_serdes_clk/i_mmcm_drp/i_clk_1_bufg/O
                         net (fo=6597, routed)        1.316    -2.438    i_system_wrapper/system_i/fifo_dsp/inst/fifo_dac_i0/xpm_fifo_async_inst/gnuram_async_fifo.xpm_fifo_base_inst/gen_cdc_pntr.rd_pntr_cdc_inst/src_clk
    SLICE_X19Y136        FDRE                                         r  i_system_wrapper/system_i/fifo_dsp/inst/fifo_dac_i0/xpm_fifo_async_inst/gnuram_async_fifo.xpm_fifo_base_inst/gen_cdc_pntr.rd_pntr_cdc_inst/src_gray_ff_reg[7]/C
  -------------------------------------------------------------------    -------------------
    SLICE_X19Y136        FDRE (Prop_fdre_C_Q)         0.204    -2.234 r  i_system_wrapper/system_i/fifo_dsp/inst/fifo_dac_i0/xpm_fifo_async_inst/gnuram_async_fifo.xpm_fifo_base_inst/gen_cdc_pntr.rd_pntr_cdc_inst/src_gray_ff_reg[7]/Q
                         net (fo=1, routed)           0.477    -1.757    i_system_wrapper/system_i/fifo_dsp/inst/fifo_dac_i0/xpm_fifo_async_inst/gnuram_async_fifo.xpm_fifo_base_inst/gen_cdc_pntr.rd_pntr_cdc_inst/async_path[7]
    SLICE_X19Y135        FDRE                                         r  i_system_wrapper/system_i/fifo_dsp/inst/fifo_dac_i0/xpm_fifo_async_inst/gnuram_async_fifo.xpm_fifo_base_inst/gen_cdc_pntr.rd_pntr_cdc_inst/dest_graysync_ff_reg[0][7]/D
  -------------------------------------------------------------------    -------------------

                         (clock adc_clk_in rise edge)
                                                      0.000     0.000 r  
    AC28                                              0.000     0.000 r  adc_clk_in_p (IN)
                         net (fo=0)                   0.000     0.000    i_system_wrapper/system_i/axi_ad9643_0/inst/i_if/i_adc_clk/adc_clk_in_p
    AC28                 IBUFDS (Prop_ibufds_I_O)     0.753     0.753 r  i_system_wrapper/system_i/axi_ad9643_0/inst/i_if/i_adc_clk/i_rx_clk_ibuf/O
                         net (fo=1, routed)           1.535     2.288    i_system_wrapper/system_i/axi_ad9643_0/inst/i_if/i_adc_clk/clk_ibuf_s
    BUFGCTRL_X0Y17       BUFG (Prop_bufg_I_O)         0.083     2.371 r  i_system_wrapper/system_i/axi_ad9643_0/inst/i_if/i_adc_clk/i_clk_gbuf/O
                         net (fo=1442, routed)        1.182     3.553    i_system_wrapper/system_i/fifo_dsp/inst/fifo_dac_i0/xpm_fifo_async_inst/gnuram_async_fifo.xpm_fifo_base_inst/gen_cdc_pntr.rd_pntr_cdc_inst/dest_clk
    SLICE_X19Y135        FDRE                                         r  i_system_wrapper/system_i/fifo_dsp/inst/fifo_dac_i0/xpm_fifo_async_inst/gnuram_async_fifo.xpm_fifo_base_inst/gen_cdc_pntr.rd_pntr_cdc_inst/dest_graysync_ff_reg[0][7]/C
                         clock pessimism              0.000     3.553    
    SLICE_X19Y135        FDRE (Setup_fdre_C_D)       -0.090     3.463    i_system_wrapper/system_i/fifo_dsp/inst/fifo_dac_i0/xpm_fifo_async_inst/gnuram_async_fifo.xpm_fifo_base_inst/gen_cdc_pntr.rd_pntr_cdc_inst/dest_graysync_ff_reg[0][7]
  -------------------------------------------------------------------
                         data arrival                          -1.757    
                         clock arrival                          3.463    
  -------------------------------------------------------------------
                         relative delay                        -5.221    

Reference path:
    Location             Delay type                Incr(ns)  Path(ns)    Netlist Resource(s)
  -------------------------------------------------------------------    -------------------
                         (clock mmcm_clk_1_s rise edge)
                                                      0.000     0.000 r  
    AG17                                              0.000     0.000 r  dac_clk_in_p (IN)
                         net (fo=0)                   0.000     0.000    i_system_wrapper/system_i/axi_ad9122_0/inst/i_if/i_serdes_clk/dac_clk_in_p
    AG17                 IBUFDS (Prop_ibufds_I_O)     0.733     0.733 r  i_system_wrapper/system_i/axi_ad9122_0/inst/i_if/i_serdes_clk/i_clk_in_ibuf/O
                         net (fo=1, routed)           0.986     1.719    i_system_wrapper/system_i/axi_ad9122_0/inst/i_if/i_serdes_clk/i_mmcm_drp/clk_in_s
    MMCME2_ADV_X0Y1      MMCME2_ADV (Prop_mmcme2_adv_CLKIN1_CLKOUT1)
                                                     -6.534    -4.815 r  i_system_wrapper/system_i/axi_ad9122_0/inst/i_if/i_serdes_clk/i_mmcm_drp/i_mmcm/CLKOUT1
                         net (fo=1, routed)           1.698    -3.117    i_system_wrapper/system_i/axi_ad9122_0/inst/i_if/i_serdes_clk/i_mmcm_drp/mmcm_clk_1_s
    BUFGCTRL_X0Y0        BUFG (Prop_bufg_I_O)         0.083    -3.034 r  i_system_wrapper/system_i/axi_ad9122_0/inst/i_if/i_serdes_clk/i_mmcm_drp/i_clk_1_bufg/O
                         net (fo=6597, routed)        1.181    -1.853    i_system_wrapper/system_i/fifo_dsp/inst/fifo_dac_i0/xpm_fifo_async_inst/gnuram_async_fifo.xpm_fifo_base_inst/gen_cdc_pntr.rd_pntr_cdc_inst/src_clk
    SLICE_X19Y136        FDRE                                         r  i_system_wrapper/system_i/fifo_dsp/inst/fifo_dac_i0/xpm_fifo_async_inst/gnuram_async_fifo.xpm_fifo_base_inst/gen_cdc_pntr.rd_pntr_cdc_inst/src_gray_ff_reg[4]/C
  -------------------------------------------------------------------    -------------------
    SLICE_X19Y136        FDRE (Prop_fdre_C_Q)         0.178    -1.675 r  i_system_wrapper/system_i/fifo_dsp/inst/fifo_dac_i0/xpm_fifo_async_inst/gnuram_async_fifo.xpm_fifo_base_inst/gen_cdc_pntr.rd_pntr_cdc_inst/src_gray_ff_reg[4]/Q
                         net (fo=1, routed)           0.249    -1.426    i_system_wrapper/system_i/fifo_dsp/inst/fifo_dac_i0/xpm_fifo_async_inst/gnuram_async_fifo.xpm_fifo_base_inst/gen_cdc_pntr.rd_pntr_cdc_inst/async_path[4]
    SLICE_X18Y136        FDRE                                         r  i_system_wrapper/system_i/fifo_dsp/inst/fifo_dac_i0/xpm_fifo_async_inst/gnuram_async_fifo.xpm_fifo_base_inst/gen_cdc_pntr.rd_pntr_cdc_inst/dest_graysync_ff_reg[0][4]/D
  -------------------------------------------------------------------    -------------------

                         (clock adc_clk_in rise edge)
                                                      0.000     0.000 r  
    AC28                                              0.000     0.000 r  adc_clk_in_p (IN)
                         net (fo=0)                   0.000     0.000    i_system_wrapper/system_i/axi_ad9643_0/inst/i_if/i_adc_clk/adc_clk_in_p
    AC28                 IBUFDS (Prop_ibufds_I_O)     0.831     0.831 r  i_system_wrapper/system_i/axi_ad9643_0/inst/i_if/i_adc_clk/i_rx_clk_ibuf/O
                         net (fo=1, routed)           1.653     2.484    i_system_wrapper/system_i/axi_ad9643_0/inst/i_if/i_adc_clk/clk_ibuf_s
    BUFGCTRL_X0Y17       BUFG (Prop_bufg_I_O)         0.093     2.577 r  i_system_wrapper/system_i/axi_ad9643_0/inst/i_if/i_adc_clk/i_clk_gbuf/O
                         net (fo=1442, routed)        1.318     3.895    i_system_wrapper/system_i/fifo_dsp/inst/fifo_dac_i0/xpm_fifo_async_inst/gnuram_async_fifo.xpm_fifo_base_inst/gen_cdc_pntr.rd_pntr_cdc_inst/dest_clk
    SLICE_X18Y136        FDRE                                         r  i_system_wrapper/system_i/fifo_dsp/inst/fifo_dac_i0/xpm_fifo_async_inst/gnuram_async_fifo.xpm_fifo_base_inst/gen_cdc_pntr.rd_pntr_cdc_inst/dest_graysync_ff_reg[0][4]/C
                         clock pessimism              0.000     3.895    
    SLICE_X18Y136        FDRE (Hold_fdre_C_D)         0.152     4.047    i_system_wrapper/system_i/fifo_dsp/inst/fifo_dac_i0/xpm_fifo_async_inst/gnuram_async_fifo.xpm_fifo_base_inst/gen_cdc_pntr.rd_pntr_cdc_inst/dest_graysync_ff_reg[0][4]
  -------------------------------------------------------------------
                         data arrival                          -1.426    
                         clock arrival                          4.047    
  -------------------------------------------------------------------
                         relative delay                        -5.473    



Id: 4
set_bus_skew -from [get_cells [list {i_system_wrapper/system_i/fifo_dsp/inst/fifo_dac_i1/xpm_fifo_async_inst/gnuram_async_fifo.xpm_fifo_base_inst/gen_cdc_pntr.wr_pntr_cdc_inst/src_gray_ff_reg[0]} {i_system_wrapper/system_i/fifo_dsp/inst/fifo_dac_i1/xpm_fifo_async_inst/gnuram_async_fifo.xpm_fifo_base_inst/gen_cdc_pntr.wr_pntr_cdc_inst/src_gray_ff_reg[1]} {i_system_wrapper/system_i/fifo_dsp/inst/fifo_dac_i1/xpm_fifo_async_inst/gnuram_async_fifo.xpm_fifo_base_inst/gen_cdc_pntr.wr_pntr_cdc_inst/src_gray_ff_reg[2]} {i_system_wrapper/system_i/fifo_dsp/inst/fifo_dac_i1/xpm_fifo_async_inst/gnuram_async_fifo.xpm_fifo_base_inst/gen_cdc_pntr.wr_pntr_cdc_inst/src_gray_ff_reg[3]} {i_system_wrapper/system_i/fifo_dsp/inst/fifo_dac_i1/xpm_fifo_async_inst/gnuram_async_fifo.xpm_fifo_base_inst/gen_cdc_pntr.wr_pntr_cdc_inst/src_gray_ff_reg[4]} {i_system_wrapper/system_i/fifo_dsp/inst/fifo_dac_i1/xpm_fifo_async_inst/gnuram_async_fifo.xpm_fifo_base_inst/gen_cdc_pntr.wr_pntr_cdc_inst/src_gray_ff_reg[5]} {i_system_wrapper/system_i/fifo_dsp/inst/fifo_dac_i1/xpm_fifo_async_inst/gnuram_async_fifo.xpm_fifo_base_inst/gen_cdc_pntr.wr_pntr_cdc_inst/src_gray_ff_reg[6]} {i_system_wrapper/system_i/fifo_dsp/inst/fifo_dac_i1/xpm_fifo_async_inst/gnuram_async_fifo.xpm_fifo_base_inst/gen_cdc_pntr.wr_pntr_cdc_inst/src_gray_ff_reg[7]} {i_system_wrapper/system_i/fifo_dsp/inst/fifo_dac_i1/xpm_fifo_async_inst/gnuram_async_fifo.xpm_fifo_base_inst/gen_cdc_pntr.wr_pntr_cdc_inst/src_gray_ff_reg[8]} {i_system_wrapper/system_i/fifo_dsp/inst/fifo_dac_i1/xpm_fifo_async_inst/gnuram_async_fifo.xpm_fifo_base_inst/gen_cdc_pntr.wr_pntr_cdc_inst/src_gray_ff_reg[9]}]] -to [get_cells [list {i_system_wrapper/system_i/fifo_dsp/inst/fifo_dac_i1/xpm_fifo_async_inst/gnuram_async_fifo.xpm_fifo_base_inst/gen_cdc_pntr.wr_pntr_cdc_inst/dest_graysync_ff_reg[0][0]} {i_system_wrapper/system_i/fifo_dsp/inst/fifo_dac_i1/xpm_fifo_async_inst/gnuram_async_fifo.xpm_fifo_base_inst/gen_cdc_pntr.wr_pntr_cdc_inst/dest_graysync_ff_reg[0][1]} {i_system_wrapper/system_i/fifo_dsp/inst/fifo_dac_i1/xpm_fifo_async_inst/gnuram_async_fifo.xpm_fifo_base_inst/gen_cdc_pntr.wr_pntr_cdc_inst/dest_graysync_ff_reg[0][2]} {i_system_wrapper/system_i/fifo_dsp/inst/fifo_dac_i1/xpm_fifo_async_inst/gnuram_async_fifo.xpm_fifo_base_inst/gen_cdc_pntr.wr_pntr_cdc_inst/dest_graysync_ff_reg[0][3]} {i_system_wrapper/system_i/fifo_dsp/inst/fifo_dac_i1/xpm_fifo_async_inst/gnuram_async_fifo.xpm_fifo_base_inst/gen_cdc_pntr.wr_pntr_cdc_inst/dest_graysync_ff_reg[0][4]} {i_system_wrapper/system_i/fifo_dsp/inst/fifo_dac_i1/xpm_fifo_async_inst/gnuram_async_fifo.xpm_fifo_base_inst/gen_cdc_pntr.wr_pntr_cdc_inst/dest_graysync_ff_reg[0][5]} {i_system_wrapper/system_i/fifo_dsp/inst/fifo_dac_i1/xpm_fifo_async_inst/gnuram_async_fifo.xpm_fifo_base_inst/gen_cdc_pntr.wr_pntr_cdc_inst/dest_graysync_ff_reg[0][6]} {i_system_wrapper/system_i/fifo_dsp/inst/fifo_dac_i1/xpm_fifo_async_inst/gnuram_async_fifo.xpm_fifo_base_inst/gen_cdc_pntr.wr_pntr_cdc_inst/dest_graysync_ff_reg[0][7]} {i_system_wrapper/system_i/fifo_dsp/inst/fifo_dac_i1/xpm_fifo_async_inst/gnuram_async_fifo.xpm_fifo_base_inst/gen_cdc_pntr.wr_pntr_cdc_inst/dest_graysync_ff_reg[0][8]} {i_system_wrapper/system_i/fifo_dsp/inst/fifo_dac_i1/xpm_fifo_async_inst/gnuram_async_fifo.xpm_fifo_base_inst/gen_cdc_pntr.wr_pntr_cdc_inst/dest_graysync_ff_reg[0][9]}]] 4.000
Requirement: 4.000ns
Endpoints: 10

From Clock            To Clock              Endpoint Pin                    Reference Pin                   Corner  Actual(ns)  Slack(ns)
--------------------  --------------------  ------------------------------  ------------------------------  ------  ----------  ---------
adc_clk_in            mmcm_clk_1_s          i_system_wrapper/system_i/fifo_dsp/inst/fifo_dac_i1/xpm_fifo_async_inst/gnuram_async_fifo.xpm_fifo_base_inst/gen_cdc_pntr.wr_pntr_cdc_inst/dest_graysync_ff_reg[0][7]/D
                                                                            i_system_wrapper/system_i/fifo_dsp/inst/fifo_dac_i1/xpm_fifo_async_inst/gnuram_async_fifo.xpm_fifo_base_inst/gen_cdc_pntr.wr_pntr_cdc_inst/dest_graysync_ff_reg[0][0]/D
                                                                                                            Slow         0.803      3.197


Slack (MET) :             3.197ns  (requirement - actual skew)
  Endpoint Source:        i_system_wrapper/system_i/fifo_dsp/inst/fifo_dac_i1/xpm_fifo_async_inst/gnuram_async_fifo.xpm_fifo_base_inst/gen_cdc_pntr.wr_pntr_cdc_inst/src_gray_ff_reg[7]/C
                            (rising edge-triggered cell FDRE clocked by adc_clk_in)
  Endpoint Destination:   i_system_wrapper/system_i/fifo_dsp/inst/fifo_dac_i1/xpm_fifo_async_inst/gnuram_async_fifo.xpm_fifo_base_inst/gen_cdc_pntr.wr_pntr_cdc_inst/dest_graysync_ff_reg[0][7]/D
                            (rising edge-triggered cell FDRE clocked by mmcm_clk_1_s)
  Reference Source:       i_system_wrapper/system_i/fifo_dsp/inst/fifo_dac_i1/xpm_fifo_async_inst/gnuram_async_fifo.xpm_fifo_base_inst/gen_cdc_pntr.wr_pntr_cdc_inst/src_gray_ff_reg[0]/C
                            (rising edge-triggered cell FDRE clocked by adc_clk_in)
  Reference Destination:  i_system_wrapper/system_i/fifo_dsp/inst/fifo_dac_i1/xpm_fifo_async_inst/gnuram_async_fifo.xpm_fifo_base_inst/gen_cdc_pntr.wr_pntr_cdc_inst/dest_graysync_ff_reg[0][0]/D
                            (rising edge-triggered cell FDRE clocked by mmcm_clk_1_s)
  Path Type:              Bus Skew (Max at Slow Process Corner)
  Requirement:            4.000ns
  Endpoint Relative Delay:    6.388ns
  Reference Relative Delay:   6.250ns
  Relative CRPR:             -0.514ns
  Uncertainty:                0.151ns
  Actual Bus Skew:            0.803ns  (Endpoint Relative Delay - Reference Relative Delay - Relative CRPR + Uncertainty)

Endpoint path:
    Location             Delay type                Incr(ns)  Path(ns)    Netlist Resource(s)
  -------------------------------------------------------------------    -------------------
                         (clock adc_clk_in rise edge)
                                                      0.000     0.000 r  
    AC28                                              0.000     0.000 r  adc_clk_in_p (IN)
                         net (fo=0)                   0.000     0.000    i_system_wrapper/system_i/axi_ad9643_0/inst/i_if/i_adc_clk/adc_clk_in_p
    AC28                 IBUFDS (Prop_ibufds_I_O)     0.831     0.831 r  i_system_wrapper/system_i/axi_ad9643_0/inst/i_if/i_adc_clk/i_rx_clk_ibuf/O
                         net (fo=1, routed)           1.653     2.484    i_system_wrapper/system_i/axi_ad9643_0/inst/i_if/i_adc_clk/clk_ibuf_s
    BUFGCTRL_X0Y17       BUFG (Prop_bufg_I_O)         0.093     2.577 r  i_system_wrapper/system_i/axi_ad9643_0/inst/i_if/i_adc_clk/i_clk_gbuf/O
                         net (fo=1442, routed)        1.307     3.884    i_system_wrapper/system_i/fifo_dsp/inst/fifo_dac_i1/xpm_fifo_async_inst/gnuram_async_fifo.xpm_fifo_base_inst/gen_cdc_pntr.wr_pntr_cdc_inst/src_clk
    SLICE_X22Y152        FDRE                                         r  i_system_wrapper/system_i/fifo_dsp/inst/fifo_dac_i1/xpm_fifo_async_inst/gnuram_async_fifo.xpm_fifo_base_inst/gen_cdc_pntr.wr_pntr_cdc_inst/src_gray_ff_reg[7]/C
  -------------------------------------------------------------------    -------------------
    SLICE_X22Y152        FDRE (Prop_fdre_C_Q)         0.236     4.120 r  i_system_wrapper/system_i/fifo_dsp/inst/fifo_dac_i1/xpm_fifo_async_inst/gnuram_async_fifo.xpm_fifo_base_inst/gen_cdc_pntr.wr_pntr_cdc_inst/src_gray_ff_reg[7]/Q
                         net (fo=1, routed)           0.310     4.429    i_system_wrapper/system_i/fifo_dsp/inst/fifo_dac_i1/xpm_fifo_async_inst/gnuram_async_fifo.xpm_fifo_base_inst/gen_cdc_pntr.wr_pntr_cdc_inst/async_path[7]
    SLICE_X21Y151        FDRE                                         r  i_system_wrapper/system_i/fifo_dsp/inst/fifo_dac_i1/xpm_fifo_async_inst/gnuram_async_fifo.xpm_fifo_base_inst/gen_cdc_pntr.wr_pntr_cdc_inst/dest_graysync_ff_reg[0][7]/D
  -------------------------------------------------------------------    -------------------

                         (clock mmcm_clk_1_s rise edge)
                                                      0.000     0.000 r  
    AG17                                              0.000     0.000 r  dac_clk_in_p (IN)
                         net (fo=0)                   0.000     0.000    i_system_wrapper/system_i/axi_ad9122_0/inst/i_if/i_serdes_clk/dac_clk_in_p
    AG17                 IBUFDS (Prop_ibufds_I_O)     0.733     0.733 r  i_system_wrapper/system_i/axi_ad9122_0/inst/i_if/i_serdes_clk/i_clk_in_ibuf/O
                         net (fo=1, routed)           0.986     1.719    i_system_wrapper/system_i/axi_ad9122_0/inst/i_if/i_serdes_clk/i_mmcm_drp/clk_in_s
    MMCME2_ADV_X0Y1      MMCME2_ADV (Prop_mmcme2_adv_CLKIN1_CLKOUT1)
                                                     -6.534    -4.815 r  i_system_wrapper/system_i/axi_ad9122_0/inst/i_if/i_serdes_clk/i_mmcm_drp/i_mmcm/CLKOUT1
                         net (fo=1, routed)           1.698    -3.117    i_system_wrapper/system_i/axi_ad9122_0/inst/i_if/i_serdes_clk/i_mmcm_drp/mmcm_clk_1_s
    BUFGCTRL_X0Y0        BUFG (Prop_bufg_I_O)         0.083    -3.034 r  i_system_wrapper/system_i/axi_ad9122_0/inst/i_if/i_serdes_clk/i_mmcm_drp/i_clk_1_bufg/O
                         net (fo=6597, routed)        1.168    -1.866    i_system_wrapper/system_i/fifo_dsp/inst/fifo_dac_i1/xpm_fifo_async_inst/gnuram_async_fifo.xpm_fifo_base_inst/gen_cdc_pntr.wr_pntr_cdc_inst/dest_clk
    SLICE_X21Y151        FDRE                                         r  i_system_wrapper/system_i/fifo_dsp/inst/fifo_dac_i1/xpm_fifo_async_inst/gnuram_async_fifo.xpm_fifo_base_inst/gen_cdc_pntr.wr_pntr_cdc_inst/dest_graysync_ff_reg[0][7]/C
                         clock pessimism              0.000    -1.866    
    SLICE_X21Y151        FDRE (Setup_fdre_C_D)       -0.092    -1.958    i_system_wrapper/system_i/fifo_dsp/inst/fifo_dac_i1/xpm_fifo_async_inst/gnuram_async_fifo.xpm_fifo_base_inst/gen_cdc_pntr.wr_pntr_cdc_inst/dest_graysync_ff_reg[0][7]
  -------------------------------------------------------------------
                         data arrival                           4.429    
                         clock arrival                         -1.958    
  -------------------------------------------------------------------
                         relative delay                         6.388    

Reference path:
    Location             Delay type                Incr(ns)  Path(ns)    Netlist Resource(s)
  -------------------------------------------------------------------    -------------------
                         (clock adc_clk_in rise edge)
                                                      0.000     0.000 r  
    AC28                                              0.000     0.000 r  adc_clk_in_p (IN)
                         net (fo=0)                   0.000     0.000    i_system_wrapper/system_i/axi_ad9643_0/inst/i_if/i_adc_clk/adc_clk_in_p
    AC28                 IBUFDS (Prop_ibufds_I_O)     0.753     0.753 r  i_system_wrapper/system_i/axi_ad9643_0/inst/i_if/i_adc_clk/i_rx_clk_ibuf/O
                         net (fo=1, routed)           1.535     2.288    i_system_wrapper/system_i/axi_ad9643_0/inst/i_if/i_adc_clk/clk_ibuf_s
    BUFGCTRL_X0Y17       BUFG (Prop_bufg_I_O)         0.083     2.371 r  i_system_wrapper/system_i/axi_ad9643_0/inst/i_if/i_adc_clk/i_clk_gbuf/O
                         net (fo=1442, routed)        1.187     3.558    i_system_wrapper/system_i/fifo_dsp/inst/fifo_dac_i1/xpm_fifo_async_inst/gnuram_async_fifo.xpm_fifo_base_inst/gen_cdc_pntr.wr_pntr_cdc_inst/src_clk
    SLICE_X19Y149        FDRE                                         r  i_system_wrapper/system_i/fifo_dsp/inst/fifo_dac_i1/xpm_fifo_async_inst/gnuram_async_fifo.xpm_fifo_base_inst/gen_cdc_pntr.wr_pntr_cdc_inst/src_gray_ff_reg[0]/C
  -------------------------------------------------------------------    -------------------
    SLICE_X19Y149        FDRE (Prop_fdre_C_Q)         0.178     3.736 r  i_system_wrapper/system_i/fifo_dsp/inst/fifo_dac_i1/xpm_fifo_async_inst/gnuram_async_fifo.xpm_fifo_base_inst/gen_cdc_pntr.wr_pntr_cdc_inst/src_gray_ff_reg[0]/Q
                         net (fo=1, routed)           0.232     3.969    i_system_wrapper/system_i/fifo_dsp/inst/fifo_dac_i1/xpm_fifo_async_inst/gnuram_async_fifo.xpm_fifo_base_inst/gen_cdc_pntr.wr_pntr_cdc_inst/async_path[0]
    SLICE_X18Y148        FDRE                                         r  i_system_wrapper/system_i/fifo_dsp/inst/fifo_dac_i1/xpm_fifo_async_inst/gnuram_async_fifo.xpm_fifo_base_inst/gen_cdc_pntr.wr_pntr_cdc_inst/dest_graysync_ff_reg[0][0]/D
  -------------------------------------------------------------------    -------------------

                         (clock mmcm_clk_1_s rise edge)
                                                      0.000     0.000 r  
    AG17                                              0.000     0.000 r  dac_clk_in_p (IN)
                         net (fo=0)                   0.000     0.000    i_system_wrapper/system_i/axi_ad9122_0/inst/i_if/i_serdes_clk/dac_clk_in_p
    AG17                 IBUFDS (Prop_ibufds_I_O)     0.810     0.810 r  i_system_wrapper/system_i/axi_ad9122_0/inst/i_if/i_serdes_clk/i_clk_in_ibuf/O
                         net (fo=1, routed)           1.081     1.891    i_system_wrapper/system_i/axi_ad9122_0/inst/i_if/i_serdes_clk/i_mmcm_drp/clk_in_s
    MMCME2_ADV_X0Y1      MMCME2_ADV (Prop_mmcme2_adv_CLKIN1_CLKOUT1)
                                                     -7.561    -5.670 r  i_system_wrapper/system_i/axi_ad9122_0/inst/i_if/i_serdes_clk/i_mmcm_drp/i_mmcm/CLKOUT1
                         net (fo=1, routed)           1.823    -3.847    i_system_wrapper/system_i/axi_ad9122_0/inst/i_if/i_serdes_clk/i_mmcm_drp/mmcm_clk_1_s
    BUFGCTRL_X0Y0        BUFG (Prop_bufg_I_O)         0.093    -3.754 r  i_system_wrapper/system_i/axi_ad9122_0/inst/i_if/i_serdes_clk/i_mmcm_drp/i_clk_1_bufg/O
                         net (fo=6597, routed)        1.321    -2.433    i_system_wrapper/system_i/fifo_dsp/inst/fifo_dac_i1/xpm_fifo_async_inst/gnuram_async_fifo.xpm_fifo_base_inst/gen_cdc_pntr.wr_pntr_cdc_inst/dest_clk
    SLICE_X18Y148        FDRE                                         r  i_system_wrapper/system_i/fifo_dsp/inst/fifo_dac_i1/xpm_fifo_async_inst/gnuram_async_fifo.xpm_fifo_base_inst/gen_cdc_pntr.wr_pntr_cdc_inst/dest_graysync_ff_reg[0][0]/C
                         clock pessimism              0.000    -2.433    
    SLICE_X18Y148        FDRE (Hold_fdre_C_D)         0.152    -2.281    i_system_wrapper/system_i/fifo_dsp/inst/fifo_dac_i1/xpm_fifo_async_inst/gnuram_async_fifo.xpm_fifo_base_inst/gen_cdc_pntr.wr_pntr_cdc_inst/dest_graysync_ff_reg[0][0]
  -------------------------------------------------------------------
                         data arrival                           3.969    
                         clock arrival                         -2.281    
  -------------------------------------------------------------------
                         relative delay                         6.250    



