                             latency        interval
transaction       0:               8               9
transaction       1:               8               9
transaction       2:               8               9
transaction       3:               8               9
transaction       4:               8               9
transaction       5:               8               9
transaction       6:               8               9
transaction       7:               8               9
transaction       8:               8               9
transaction       9:               8               9
transaction      10:               8               9
transaction      11:               8               9
transaction      12:               8               9
transaction      13:               8               9
transaction      14:               8               9
transaction      15:               8               9
transaction      16:               8               9
transaction      17:               8               9
transaction      18:               8               9
transaction      19:               8               9
transaction      20:               8               9
transaction      21:               8               9
transaction      22:               8               9
transaction      23:               8               9
transaction      24:               8               9
transaction      25:               8               9
transaction      26:               8               9
transaction      27:               8               9
transaction      28:               8               9
transaction      29:               8               9
transaction      30:               8               9
transaction      31:               8               9
transaction      32:               8               9
transaction      33:               8               9
transaction      34:               8               9
transaction      35:               8               9
transaction      36:               8               9
transaction      37:               8               9
transaction      38:               8               9
transaction      39:               8               9
transaction      40:               8               9
transaction      41:               8               9
transaction      42:               8               9
transaction      43:               8               9
transaction      44:               8               9
transaction      45:               8               9
transaction      46:               8               9
transaction      47:               8               9
transaction      48:               8               9
transaction      49:               8               9
transaction      50:               8               9
transaction      51:               8               9
transaction      52:               8               9
transaction      53:               8               9
transaction      54:               8               9
transaction      55:               8               9
transaction      56:               8               9
transaction      57:               8               9
transaction      58:               8               9
transaction      59:               8               9
transaction      60:               8               9
transaction      61:               8               9
transaction      62:               8               9
transaction      63:               8               9
transaction      64:               8               9
transaction      65:               8               9
transaction      66:               8               9
transaction      67:               8               9
transaction      68:               8               9
transaction      69:               8               9
transaction      70:               8               9
transaction      71:               8               9
transaction      72:               8               9
transaction      73:               8               9
transaction      74:               8               9
transaction      75:               8               9
transaction      76:               8               9
transaction      77:               8               9
transaction      78:               8               9
transaction      79:               8               9
transaction      80:               8               9
transaction      81:               8               9
transaction      82:               8               9
transaction      83:               8               9
transaction      84:               8               9
transaction      85:               8               9
transaction      86:               8               9
transaction      87:               8               9
transaction      88:               8               9
transaction      89:               8               9
transaction      90:               8               9
transaction      91:               8               9
transaction      92:               8               9
transaction      93:               8               9
transaction      94:               8               9
transaction      95:               8               9
transaction      96:               8               9
transaction      97:               8               9
transaction      98:               8               9
transaction      99:               8               9
transaction     100:               8               9
transaction     101:               8               9
transaction     102:               8               9
transaction     103:               8               9
transaction     104:               8               9
transaction     105:               8               9
transaction     106:               8               9
transaction     107:               8               9
transaction     108:               8               9
transaction     109:               8               9
transaction     110:               8               9
transaction     111:               8               9
transaction     112:               8               9
transaction     113:               8               9
transaction     114:               8               9
transaction     115:               8               9
transaction     116:               8               9
transaction     117:               8               9
transaction     118:               8               9
transaction     119:               8               9
transaction     120:               8               9
transaction     121:               8               9
transaction     122:               8               9
transaction     123:               8               9
transaction     124:               8               9
transaction     125:               8               9
transaction     126:               8               9
transaction     127:               8               9
transaction     128:               8               9
transaction     129:               8               9
transaction     130:               8               9
transaction     131:               8               9
transaction     132:               8               9
transaction     133:               8               9
transaction     134:               8               9
transaction     135:               8               9
transaction     136:               8               9
transaction     137:               8               9
transaction     138:               8               9
transaction     139:               8               9
transaction     140:               8               9
transaction     141:               8               9
transaction     142:               8               9
transaction     143:               8               9
transaction     144:               8               9
transaction     145:               8               9
transaction     146:               8               9
transaction     147:               8               9
transaction     148:               8               9
transaction     149:               8               9
transaction     150:               8               9
transaction     151:               8               9
transaction     152:               8               9
transaction     153:               8               9
transaction     154:               8               9
transaction     155:               8               9
transaction     156:               8               9
transaction     157:               8               9
transaction     158:               8               9
transaction     159:               8               9
transaction     160:               8               9
transaction     161:               8               9
transaction     162:               8               9
transaction     163:               8               9
transaction     164:               8               9
transaction     165:               8               9
transaction     166:               8               9
transaction     167:               8               9
transaction     168:               8               9
transaction     169:               8               9
transaction     170:               8               9
transaction     171:               8               9
transaction     172:               8               9
transaction     173:               8               9
transaction     174:               8               9
transaction     175:               8               9
transaction     176:               8               9
transaction     177:               8               9
transaction     178:               8               9
transaction     179:               8               9
transaction     180:               8               9
transaction     181:               8               9
transaction     182:               8               9
transaction     183:               8               9
transaction     184:               8               9
transaction     185:               8               9
transaction     186:               8               9
transaction     187:               8               9
transaction     188:               8               9
transaction     189:               8               9
transaction     190:               8               9
transaction     191:               8               9
transaction     192:               8               9
transaction     193:               8               9
transaction     194:               8               9
transaction     195:               8               9
transaction     196:               8               9
transaction     197:               8               9
transaction     198:               8               9
transaction     199:               8               9
transaction     200:               8               9
transaction     201:               8               9
transaction     202:               8               9
transaction     203:               8               9
transaction     204:               8               9
transaction     205:               8               9
transaction     206:               8               9
transaction     207:               8               9
transaction     208:               8               9
transaction     209:               8               9
transaction     210:               8               9
transaction     211:               8               9
transaction     212:               8               9
transaction     213:               8               9
transaction     214:               8               9
transaction     215:               8               9
transaction     216:               8               9
transaction     217:               8               9
transaction     218:               8               9
transaction     219:               8               9
transaction     220:               8               9
transaction     221:               8               9
transaction     222:               8               9
transaction     223:               8               9
transaction     224:               8               9
transaction     225:               8               9
transaction     226:               8               9
transaction     227:               8               9
transaction     228:               8               9
transaction     229:               8               9
transaction     230:               8               9
transaction     231:               8               9
transaction     232:               8               9
transaction     233:               8               9
transaction     234:               8               9
transaction     235:               8               9
transaction     236:               8               9
transaction     237:               8               9
transaction     238:               8               9
transaction     239:               8               9
transaction     240:               8               9
transaction     241:               8               9
transaction     242:               8               9
transaction     243:               8               9
transaction     244:               8               9
transaction     245:               8               9
transaction     246:               8               9
transaction     247:               8               9
transaction     248:               8               9
transaction     249:               8               9
transaction     250:               8               9
transaction     251:               8               9
transaction     252:               8               9
transaction     253:               8               9
transaction     254:               8               9
transaction     255:               8               9
transaction     256:               8               9
transaction     257:               8               9
transaction     258:               8               9
transaction     259:               8               9
transaction     260:               8               9
transaction     261:               8               9
transaction     262:               8               9
transaction     263:               8               9
transaction     264:               8               9
transaction     265:               8               9
transaction     266:               8               9
transaction     267:               8               9
transaction     268:               8               9
transaction     269:               8               9
transaction     270:               8               9
transaction     271:               8               9
transaction     272:               8               9
transaction     273:               8               9
transaction     274:               8               9
transaction     275:               8               9
transaction     276:               8               9
transaction     277:               8               9
transaction     278:               8               9
transaction     279:               8               9
transaction     280:               8               9
transaction     281:               8               9
transaction     282:               8               9
transaction     283:               8               9
transaction     284:               8               9
transaction     285:               8               9
transaction     286:               8               9
transaction     287:               8               9
transaction     288:               8               9
transaction     289:               8               9
transaction     290:               8               9
transaction     291:               8               9
transaction     292:               8               9
transaction     293:               8               9
transaction     294:               8               9
transaction     295:               8               9
transaction     296:               8               9
transaction     297:               8               9
transaction     298:               8               9
transaction     299:               8               9
transaction     300:               8               9
transaction     301:               8               9
transaction     302:               8               9
transaction     303:               8               9
transaction     304:               8               9
transaction     305:               8               9
transaction     306:               8               9
transaction     307:               8               9
transaction     308:               8               9
transaction     309:               8               9
transaction     310:               8               9
transaction     311:               8               9
transaction     312:               8               9
transaction     313:               8               9
transaction     314:               8               9
transaction     315:               8               9
transaction     316:               8               9
transaction     317:               8               9
transaction     318:               8               9
transaction     319:               8               9
transaction     320:               8               9
transaction     321:               8               9
transaction     322:               8               9
transaction     323:               8               9
transaction     324:               8               9
transaction     325:               8               9
transaction     326:               8               9
transaction     327:               8               9
transaction     328:               8               9
transaction     329:               8               9
transaction     330:               8               9
transaction     331:               8               9
transaction     332:               8               9
transaction     333:               8               9
transaction     334:               8               9
transaction     335:               8               9
transaction     336:               8               9
transaction     337:               8               9
transaction     338:               8               9
transaction     339:               8               9
transaction     340:               8               9
transaction     341:               8               9
transaction     342:               8               9
transaction     343:               8               9
transaction     344:               8               9
transaction     345:               8               9
transaction     346:               8               9
transaction     347:               8               9
transaction     348:               8               9
transaction     349:               8               9
transaction     350:               8               9
transaction     351:               8               9
transaction     352:               8               9
transaction     353:               8               9
transaction     354:               8               9
transaction     355:               8               9
transaction     356:               8               9
transaction     357:               8               9
transaction     358:               8               9
transaction     359:               8               9
transaction     360:               8               9
transaction     361:               8               9
transaction     362:               8               9
transaction     363:               8               9
transaction     364:               8               9
transaction     365:               8               9
transaction     366:               8               9
transaction     367:               8               9
transaction     368:               8               9
transaction     369:               8               9
transaction     370:               8               9
transaction     371:               8               9
transaction     372:               8               9
transaction     373:               8               9
transaction     374:               8               9
transaction     375:               8               9
transaction     376:               8               9
transaction     377:               8               9
transaction     378:               8               9
transaction     379:               8               9
transaction     380:               8               9
transaction     381:               8               9
transaction     382:               8               9
transaction     383:               8               9
transaction     384:               8               9
transaction     385:               8               9
transaction     386:               8               9
transaction     387:               8               9
transaction     388:               8               9
transaction     389:               8               9
transaction     390:               8               9
transaction     391:               8               9
transaction     392:               8               9
transaction     393:               8               9
transaction     394:               8               9
transaction     395:               8               9
transaction     396:               8               9
transaction     397:               8               9
transaction     398:               8               9
transaction     399:               8               9
transaction     400:               8               9
transaction     401:               8               9
transaction     402:               8               9
transaction     403:               8               9
transaction     404:               8               9
transaction     405:               8               9
transaction     406:               8               9
transaction     407:               8               9
transaction     408:               8               9
transaction     409:               8               9
transaction     410:               8               9
transaction     411:               8               9
transaction     412:               8               9
transaction     413:               8               9
transaction     414:               8               9
transaction     415:               8               9
transaction     416:               8               9
transaction     417:               8               9
transaction     418:               8               9
transaction     419:               8               9
transaction     420:               8               9
transaction     421:               8               9
transaction     422:               8               9
transaction     423:               8               9
transaction     424:               8               9
transaction     425:               8               9
transaction     426:               8               9
transaction     427:               8               9
transaction     428:               8               9
transaction     429:               8               9
transaction     430:               8               9
transaction     431:               8               9
transaction     432:               8               9
transaction     433:               8               9
transaction     434:               8               9
transaction     435:               8               9
transaction     436:               8               9
transaction     437:               8               9
transaction     438:               8               9
transaction     439:               8               9
transaction     440:               8               9
transaction     441:               8               9
transaction     442:               8               9
transaction     443:               8               9
transaction     444:               8               9
transaction     445:               8               9
transaction     446:               8               9
transaction     447:               8               9
transaction     448:               8               9
transaction     449:               8               9
transaction     450:               8               9
transaction     451:               8               9
transaction     452:               8               9
transaction     453:               8               9
transaction     454:               8               9
transaction     455:               8               9
transaction     456:               8               9
transaction     457:               8               9
transaction     458:               8               9
transaction     459:               8               9
transaction     460:               8               9
transaction     461:               8               9
transaction     462:               8               9
transaction     463:               8               9
transaction     464:               8               9
transaction     465:               8               9
transaction     466:               8               9
transaction     467:               8               9
transaction     468:               8               9
transaction     469:               8               9
transaction     470:               8               9
transaction     471:               8               9
transaction     472:               8               9
transaction     473:               8               9
transaction     474:               8               9
transaction     475:               8               9
transaction     476:               8               9
transaction     477:               8               9
transaction     478:               8               9
transaction     479:               8               9
transaction     480:               8               9
transaction     481:               8               9
transaction     482:               8               9
transaction     483:               8               9
transaction     484:               8               9
transaction     485:               8               9
transaction     486:               8               9
transaction     487:               8               9
transaction     488:               8               9
transaction     489:               8               9
transaction     490:               8               9
transaction     491:               8               9
transaction     492:               8               9
transaction     493:               8               9
transaction     494:               8               9
transaction     495:               8               9
transaction     496:               8               9
transaction     497:               8               9
transaction     498:               8               9
transaction     499:               8               9
transaction     500:               8               9
transaction     501:               8               9
transaction     502:               8               9
transaction     503:               8               9
transaction     504:               8               9
transaction     505:               8               9
transaction     506:               8               9
transaction     507:               8               9
transaction     508:               8               9
transaction     509:               8               9
transaction     510:               8               9
transaction     511:               8               9
transaction     512:               8               9
transaction     513:               8               9
transaction     514:               8               9
transaction     515:               8               9
transaction     516:               8               9
transaction     517:               8               9
transaction     518:               8               9
transaction     519:               8               9
transaction     520:               8               9
transaction     521:               8               9
transaction     522:               8               9
transaction     523:               8               9
transaction     524:               8               9
transaction     525:               8               9
transaction     526:               8               9
transaction     527:               8               9
transaction     528:               8               9
transaction     529:               8               9
transaction     530:               8               9
transaction     531:               8               9
transaction     532:               8               9
transaction     533:               8               9
transaction     534:               8               9
transaction     535:               8               9
transaction     536:               8               9
transaction     537:               8               9
transaction     538:               8               9
transaction     539:               8               9
transaction     540:               8               9
transaction     541:               8               9
transaction     542:               8               9
transaction     543:               8               9
transaction     544:               8               9
transaction     545:               8               9
transaction     546:               8               9
transaction     547:               8               9
transaction     548:               8               9
transaction     549:               8               9
transaction     550:               8               9
transaction     551:               8               9
transaction     552:               8               9
transaction     553:               8               9
transaction     554:               8               9
transaction     555:               8               9
transaction     556:               8               9
transaction     557:               8               9
transaction     558:               8               9
transaction     559:               8               9
transaction     560:               8               9
transaction     561:               8               9
transaction     562:               8               9
transaction     563:               8               9
transaction     564:               8               9
transaction     565:               8               9
transaction     566:               8               9
transaction     567:               8               9
transaction     568:               8               9
transaction     569:               8               9
transaction     570:               8               9
transaction     571:               8               9
transaction     572:               8               9
transaction     573:               8               9
transaction     574:               8               9
transaction     575:               8               9
transaction     576:               8               9
transaction     577:               8               9
transaction     578:               8               9
transaction     579:               8               9
transaction     580:               8               9
transaction     581:               8               9
transaction     582:               8               9
transaction     583:               8               9
transaction     584:               8               9
transaction     585:               8               9
transaction     586:               8               9
transaction     587:               8               9
transaction     588:               8               9
transaction     589:               8               9
transaction     590:               8               9
transaction     591:               8               9
transaction     592:               8               9
transaction     593:               8               9
transaction     594:               8               9
transaction     595:               8               9
transaction     596:               8               9
transaction     597:               8               9
transaction     598:               8               9
transaction     599:               8               9
transaction     600:               8               9
transaction     601:               8               9
transaction     602:               8               9
transaction     603:               8               9
transaction     604:               8               9
transaction     605:               8               9
transaction     606:               8               9
transaction     607:               8               9
transaction     608:               8               9
transaction     609:               8               9
transaction     610:               8               9
transaction     611:               8               9
transaction     612:               8               9
transaction     613:               8               9
transaction     614:               8               9
transaction     615:               8               9
transaction     616:               8               9
transaction     617:               8               9
transaction     618:               8               9
transaction     619:               8               9
transaction     620:               8               9
transaction     621:               8               9
transaction     622:               8               9
transaction     623:               8               9
transaction     624:               8               9
transaction     625:               8               9
transaction     626:               8               9
transaction     627:               8               9
transaction     628:               8               9
transaction     629:               8               9
transaction     630:               8               9
transaction     631:               8               9
transaction     632:               8               9
transaction     633:               8               9
transaction     634:               8               9
transaction     635:               8               9
transaction     636:               8               9
transaction     637:               8               9
transaction     638:               8               9
transaction     639:               8               9
transaction     640:               8               9
transaction     641:               8               9
transaction     642:               8               9
transaction     643:               8               9
transaction     644:               8               9
transaction     645:               8               9
transaction     646:               8               9
transaction     647:               8               9
transaction     648:               8               9
transaction     649:               8               9
transaction     650:               8               9
transaction     651:               8               9
transaction     652:               8               9
transaction     653:               8               9
transaction     654:               8               9
transaction     655:               8               9
transaction     656:               8               9
transaction     657:               8               9
transaction     658:               8               9
transaction     659:               8               9
transaction     660:               8               9
transaction     661:               8               9
transaction     662:               8               9
transaction     663:               8               9
transaction     664:               8               9
transaction     665:               8               9
transaction     666:               8               9
transaction     667:               8               9
transaction     668:               8               9
transaction     669:               8               9
transaction     670:               8               9
transaction     671:               8               9
transaction     672:               8               9
transaction     673:               8               9
transaction     674:               8               9
transaction     675:               8               9
transaction     676:               8               9
transaction     677:               8               9
transaction     678:               8               9
transaction     679:               8               9
transaction     680:               8               9
transaction     681:               8               9
transaction     682:               8               9
transaction     683:               8               9
transaction     684:               8               9
transaction     685:               8               9
transaction     686:               8               9
transaction     687:               8               9
transaction     688:               8               9
transaction     689:               8               9
transaction     690:               8               9
transaction     691:               8               9
transaction     692:               8               9
transaction     693:               8               9
transaction     694:               8               9
transaction     695:               8               9
transaction     696:               8               9
transaction     697:               8               9
transaction     698:               8               9
transaction     699:               8               9
transaction     700:               8               9
transaction     701:               8               9
transaction     702:               8               9
transaction     703:               8               9
transaction     704:               8               9
transaction     705:               8               9
transaction     706:               8               9
transaction     707:               8               9
transaction     708:               8               9
transaction     709:               8               9
transaction     710:               8               9
transaction     711:               8               9
transaction     712:               8               9
transaction     713:               8               9
transaction     714:               8               9
transaction     715:               8               9
transaction     716:               8               9
transaction     717:               8               9
transaction     718:               8               9
transaction     719:               8               9
transaction     720:               8               9
transaction     721:               8               9
transaction     722:               8               9
transaction     723:               8               9
transaction     724:               8               9
transaction     725:               8               9
transaction     726:               8               9
transaction     727:               8               9
transaction     728:               8               9
transaction     729:               8               9
transaction     730:               8               9
transaction     731:               8               9
transaction     732:               8               9
transaction     733:               8               9
transaction     734:               8               9
transaction     735:               8               9
transaction     736:               8               9
transaction     737:               8               9
transaction     738:               8               9
transaction     739:               8               9
transaction     740:               8               9
transaction     741:               8               9
transaction     742:               8               9
transaction     743:               8               9
transaction     744:               8               9
transaction     745:               8               9
transaction     746:               8               9
transaction     747:               8               9
transaction     748:               8               9
transaction     749:               8               9
transaction     750:               8               9
transaction     751:               8               9
transaction     752:               8               9
transaction     753:               8               9
transaction     754:               8               9
transaction     755:               8               9
transaction     756:               8               9
transaction     757:               8               9
transaction     758:               8               9
transaction     759:               8               9
transaction     760:               8               9
transaction     761:               8               9
transaction     762:               8               9
transaction     763:               8               9
transaction     764:               8               9
transaction     765:               8               9
transaction     766:               8               9
transaction     767:               8               9
transaction     768:               8               9
transaction     769:               8               9
transaction     770:               8               9
transaction     771:               8               9
transaction     772:               8               9
transaction     773:               8               9
transaction     774:               8               9
transaction     775:               8               9
transaction     776:               8               9
transaction     777:               8               9
transaction     778:               8               9
transaction     779:               8               9
transaction     780:               8               9
transaction     781:               8               9
transaction     782:               8               9
transaction     783:               8               9
transaction     784:               8               9
transaction     785:               8               9
transaction     786:               8               9
transaction     787:               8               9
transaction     788:               8               9
transaction     789:               8               9
transaction     790:               8               9
transaction     791:               8               9
transaction     792:               8               9
transaction     793:               8               9
transaction     794:               8               9
transaction     795:               8               9
transaction     796:               8               9
transaction     797:               8               9
transaction     798:               8               9
transaction     799:               8               9
transaction     800:               8               9
transaction     801:               8               9
transaction     802:               8               9
transaction     803:               8               9
transaction     804:               8               9
transaction     805:               8               9
transaction     806:               8               9
transaction     807:               8               9
transaction     808:               8               9
transaction     809:               8               9
transaction     810:               8               9
transaction     811:               8               9
transaction     812:               8               9
transaction     813:               8               9
transaction     814:               8               9
transaction     815:               8               9
transaction     816:               8               9
transaction     817:               8               9
transaction     818:               8               9
transaction     819:               8               9
transaction     820:               8               9
transaction     821:               8               9
transaction     822:               8               9
transaction     823:               8               9
transaction     824:               8               9
transaction     825:               8               9
transaction     826:               8               9
transaction     827:               8               9
transaction     828:               8               9
transaction     829:               8               9
transaction     830:               8               9
transaction     831:               8               9
transaction     832:               8               9
transaction     833:               8               9
transaction     834:               8               9
transaction     835:               8               9
transaction     836:               8               9
transaction     837:               8               9
transaction     838:               8               9
transaction     839:               8               9
transaction     840:               8               9
transaction     841:               8               9
transaction     842:               8               9
transaction     843:               8               9
transaction     844:               8               9
transaction     845:               8               9
transaction     846:               8               9
transaction     847:               8               9
transaction     848:               8               9
transaction     849:               8               9
transaction     850:               8               9
transaction     851:               8               9
transaction     852:               8               9
transaction     853:               8               9
transaction     854:               8               9
transaction     855:               8               9
transaction     856:               8               9
transaction     857:               8               9
transaction     858:               8               9
transaction     859:               8               9
transaction     860:               8               9
transaction     861:               8               9
transaction     862:               8               9
transaction     863:               8               9
transaction     864:               8               9
transaction     865:               8               9
transaction     866:               8               9
transaction     867:               8               9
transaction     868:               8               9
transaction     869:               8               9
transaction     870:               8               9
transaction     871:               8               9
transaction     872:               8               9
transaction     873:               8               9
transaction     874:               8               9
transaction     875:               8               9
transaction     876:               8               9
transaction     877:               8               9
transaction     878:               8               9
transaction     879:               8               9
transaction     880:               8               9
transaction     881:               8               9
transaction     882:               8               9
transaction     883:               8               9
transaction     884:               8               9
transaction     885:               8               9
transaction     886:               8               9
transaction     887:               8               9
transaction     888:               8               9
transaction     889:               8               9
transaction     890:               8               9
transaction     891:               8               9
transaction     892:               8               9
transaction     893:               8               9
transaction     894:               8               9
transaction     895:               8               9
transaction     896:               8               9
transaction     897:               8               9
transaction     898:               8               9
transaction     899:               8               9
transaction     900:               8               9
transaction     901:               8               9
transaction     902:               8               9
transaction     903:               8               9
transaction     904:               8               9
transaction     905:               8               9
transaction     906:               8               9
transaction     907:               8               9
transaction     908:               8               9
transaction     909:               8               9
transaction     910:               8               9
transaction     911:               8               9
transaction     912:               8               9
transaction     913:               8               9
transaction     914:               8               9
transaction     915:               8               9
transaction     916:               8               9
transaction     917:               8               9
transaction     918:               8               9
transaction     919:               8               9
transaction     920:               8               9
transaction     921:               8               9
transaction     922:               8               9
transaction     923:               8               9
transaction     924:               8               9
transaction     925:               8               9
transaction     926:               8               9
transaction     927:               8               9
transaction     928:               8               9
transaction     929:               8               9
transaction     930:               8               9
transaction     931:               8               9
transaction     932:               8               9
transaction     933:               8               9
transaction     934:               8               9
transaction     935:               8               9
transaction     936:               8               9
transaction     937:               8               9
transaction     938:               8               9
transaction     939:               8               9
transaction     940:               8               9
transaction     941:               8               9
transaction     942:               8               9
transaction     943:               8               9
transaction     944:               8               9
transaction     945:               8               9
transaction     946:               8               9
transaction     947:               8               9
transaction     948:               8               9
transaction     949:               8               9
transaction     950:               8               9
transaction     951:               8               9
transaction     952:               8               9
transaction     953:               8               9
transaction     954:               8               9
transaction     955:               8               9
transaction     956:               8               9
transaction     957:               8               9
transaction     958:               8               9
transaction     959:               8               9
transaction     960:               8               9
transaction     961:               8               9
transaction     962:               8               9
transaction     963:               8               9
transaction     964:               8               9
transaction     965:               8               9
transaction     966:               8               9
transaction     967:               8               9
transaction     968:               8               9
transaction     969:               8               9
transaction     970:               8               9
transaction     971:               8               9
transaction     972:               8               9
transaction     973:               8               9
transaction     974:               8               9
transaction     975:               8               9
transaction     976:               8               9
transaction     977:               8               9
transaction     978:               8               9
transaction     979:               8               9
transaction     980:               8               9
transaction     981:               8               9
transaction     982:               8               9
transaction     983:               8               9
transaction     984:               8               9
transaction     985:               8               9
transaction     986:               8               9
transaction     987:               8               9
transaction     988:               8               9
transaction     989:               8               9
transaction     990:               8               9
transaction     991:               8               9
transaction     992:               8               9
transaction     993:               8               9
transaction     994:               8               9
transaction     995:               8               9
transaction     996:               8               9
transaction     997:               8               9
transaction     998:               8               9
transaction     999:               8               x
