

================================================================
== Vivado HLS Report for 'fir_filter_a'
================================================================
* Date:           Tue Dec 22 13:01:26 2020

* Version:        2019.1.2 (Build 2614775 on Fri Aug 09 16:45:44 MDT 2019)
* Project:        up_conv
* Solution:       solution1
* Product family: zynq
* Target device:  xc7z045-ffg900-2


================================================================
== Performance Estimates
================================================================
+ Timing (ns): 
    * Summary: 
    +--------+-------+----------+------------+
    |  Clock | Target| Estimated| Uncertainty|
    +--------+-------+----------+------------+
    |ap_clk  |  10.00|     7.172|        1.25|
    +--------+-------+----------+------------+

+ Latency (clock cycles): 
    * Summary: 
    +-----+-----+-----+-----+----------+
    |  Latency  |  Interval | Pipeline |
    | min | max | min | max |   Type   |
    +-----+-----+-----+-----+----------+
    |    5|    5|    1|    1| function |
    +-----+-----+-----+-----+----------+

    + Detail: 
        * Instance: 
        N/A

        * Loop: 
        N/A



================================================================
== Utilization Estimates
================================================================
* Summary: 
+-----------------+---------+-------+--------+--------+-----+
|       Name      | BRAM_18K| DSP48E|   FF   |   LUT  | URAM|
+-----------------+---------+-------+--------+--------+-----+
|DSP              |        -|      -|       -|       -|    -|
|Expression       |        -|    116|       0|    3430|    -|
|FIFO             |        -|      -|       -|       -|    -|
|Instance         |        -|      -|       -|       -|    -|
|Memory           |        -|      -|       -|       -|    -|
|Multiplexer      |        -|      -|       -|       9|    -|
|Register         |        -|      -|    4930|       -|    -|
+-----------------+---------+-------+--------+--------+-----+
|Total            |        0|    116|    4930|    3439|    0|
+-----------------+---------+-------+--------+--------+-----+
|Available        |     1090|    900|  437200|  218600|    0|
+-----------------+---------+-------+--------+--------+-----+
|Utilization (%)  |        0|     12|       1|       1|    0|
+-----------------+---------+-------+--------+--------+-----+

+ Detail: 
    * Instance: 
    N/A

    * DSP48E: 
    N/A

    * Memory: 
    N/A

    * FIFO: 
    N/A

    * Expression: 
    +----------------------------------+----------+-------+---+----+------------+------------+
    |           Variable Name          | Operation| DSP48E| FF| LUT| Bitwidth P0| Bitwidth P1|
    +----------------------------------+----------+-------+---+----+------------+------------+
    |mul_ln55_10_fu_491_p2             |     *    |      2|  0|  21|          11|          32|
    |mul_ln55_11_fu_507_p2             |     *    |      2|  0|  21|          11|          32|
    |mul_ln55_12_fu_523_p2             |     *    |      2|  0|  21|          11|          32|
    |mul_ln55_13_fu_539_p2             |     *    |      2|  0|  21|          11|          32|
    |mul_ln55_14_fu_555_p2             |     *    |      2|  0|  21|          11|          32|
    |mul_ln55_15_fu_571_p2             |     *    |      2|  0|  21|          10|          32|
    |mul_ln55_16_fu_587_p2             |     *    |      2|  0|  21|           9|          32|
    |mul_ln55_17_fu_603_p2             |     *    |      2|  0|  21|           8|          32|
    |mul_ln55_18_fu_619_p2             |     *    |      2|  0|  21|          10|          32|
    |mul_ln55_19_fu_635_p2             |     *    |      2|  0|  21|          11|          32|
    |mul_ln55_1_fu_327_p2              |     *    |      2|  0|  21|           8|          32|
    |mul_ln55_20_fu_651_p2             |     *    |      2|  0|  21|          11|          32|
    |mul_ln55_21_fu_667_p2             |     *    |      2|  0|  21|          12|          32|
    |mul_ln55_22_fu_683_p2             |     *    |      2|  0|  21|          12|          32|
    |mul_ln55_23_fu_699_p2             |     *    |      2|  0|  21|          12|          32|
    |mul_ln55_24_fu_715_p2             |     *    |      2|  0|  21|          13|          32|
    |mul_ln55_25_fu_731_p2             |     *    |      2|  0|  21|          13|          32|
    |mul_ln55_26_fu_747_p2             |     *    |      2|  0|  21|          13|          32|
    |mul_ln55_27_fu_763_p2             |     *    |      2|  0|  21|          13|          32|
    |mul_ln55_28_fu_779_p2             |     *    |      2|  0|  21|          13|          32|
    |mul_ln55_29_fu_795_p2             |     *    |      2|  0|  21|          13|          32|
    |mul_ln55_2_fu_343_p2              |     *    |      2|  0|  21|           8|          32|
    |mul_ln55_30_fu_811_p2             |     *    |      2|  0|  21|          13|          32|
    |mul_ln55_31_fu_827_p2             |     *    |      2|  0|  21|          13|          32|
    |mul_ln55_32_fu_843_p2             |     *    |      2|  0|  21|          13|          32|
    |mul_ln55_33_fu_859_p2             |     *    |      2|  0|  21|          13|          32|
    |mul_ln55_34_fu_875_p2             |     *    |      2|  0|  21|          12|          32|
    |mul_ln55_35_fu_891_p2             |     *    |      2|  0|  21|          12|          32|
    |mul_ln55_36_fu_907_p2             |     *    |      2|  0|  21|          12|          32|
    |mul_ln55_37_fu_923_p2             |     *    |      2|  0|  21|          11|          32|
    |mul_ln55_38_fu_939_p2             |     *    |      2|  0|  21|          11|          32|
    |mul_ln55_39_fu_955_p2             |     *    |      2|  0|  21|          10|          32|
    |mul_ln55_3_fu_359_p2              |     *    |      2|  0|  21|           8|          32|
    |mul_ln55_40_fu_971_p2             |     *    |      2|  0|  21|           8|          32|
    |mul_ln55_41_fu_987_p2             |     *    |      2|  0|  21|           9|          32|
    |mul_ln55_42_fu_1003_p2            |     *    |      2|  0|  21|          10|          32|
    |mul_ln55_43_fu_1019_p2            |     *    |      2|  0|  21|          11|          32|
    |mul_ln55_44_fu_1035_p2            |     *    |      2|  0|  21|          11|          32|
    |mul_ln55_45_fu_1051_p2            |     *    |      2|  0|  21|          11|          32|
    |mul_ln55_46_fu_1067_p2            |     *    |      2|  0|  21|          11|          32|
    |mul_ln55_47_fu_1083_p2            |     *    |      2|  0|  21|          11|          32|
    |mul_ln55_48_fu_1099_p2            |     *    |      2|  0|  21|          11|          32|
    |mul_ln55_49_fu_1115_p2            |     *    |      2|  0|  21|          10|          32|
    |mul_ln55_4_fu_375_p2              |     *    |      2|  0|  21|           8|          32|
    |mul_ln55_50_fu_1131_p2            |     *    |      2|  0|  21|          10|          32|
    |mul_ln55_51_fu_1147_p2            |     *    |      2|  0|  21|           9|          32|
    |mul_ln55_52_fu_1185_p2            |     *    |      2|  0|  21|           6|          32|
    |mul_ln55_53_fu_1211_p2            |     *    |      2|  0|  21|           8|          32|
    |mul_ln55_54_fu_1227_p2            |     *    |      2|  0|  21|           8|          32|
    |mul_ln55_55_fu_255_p2             |     *    |      2|  0|  21|           8|          32|
    |mul_ln55_56_fu_271_p2             |     *    |      2|  0|  21|           8|          32|
    |mul_ln55_57_fu_292_p2             |     *    |      2|  0|  21|           8|          32|
    |mul_ln55_5_fu_401_p2              |     *    |      2|  0|  21|           6|          32|
    |mul_ln55_6_fu_427_p2              |     *    |      2|  0|  21|           9|          32|
    |mul_ln55_7_fu_443_p2              |     *    |      2|  0|  21|          10|          32|
    |mul_ln55_8_fu_459_p2              |     *    |      2|  0|  21|          10|          32|
    |mul_ln55_9_fu_475_p2              |     *    |      2|  0|  21|          11|          32|
    |mul_ln55_fu_301_p2                |     *    |      2|  0|  21|           8|          32|
    |add_ln55_10_fu_1351_p2            |     +    |      0|  0|  32|          32|          32|
    |add_ln55_11_fu_1355_p2            |     +    |      0|  0|  32|          32|          32|
    |add_ln55_12_fu_1359_p2            |     +    |      0|  0|  32|          32|          32|
    |add_ln55_13_fu_1531_p2            |     +    |      0|  0|  32|          32|          32|
    |add_ln55_14_fu_1536_p2            |     +    |      0|  0|  32|          32|          32|
    |add_ln55_15_fu_1365_p2            |     +    |      0|  0|  32|          32|          32|
    |add_ln55_16_fu_1369_p2            |     +    |      0|  0|  32|          32|          32|
    |add_ln55_17_fu_1373_p2            |     +    |      0|  0|  32|          32|          32|
    |add_ln55_18_fu_1379_p2            |     +    |      0|  0|  32|          32|          32|
    |add_ln55_19_fu_1383_p2            |     +    |      0|  0|  32|          32|          32|
    |add_ln55_1_fu_1315_p2             |     +    |      0|  0|  32|          32|          32|
    |add_ln55_20_fu_1387_p2            |     +    |      0|  0|  32|          32|          32|
    |add_ln55_21_fu_1542_p2            |     +    |      0|  0|  32|          32|          32|
    |add_ln55_22_fu_1393_p2            |     +    |      0|  0|  32|          32|          32|
    |add_ln55_23_fu_1397_p2            |     +    |      0|  0|  32|          32|          32|
    |add_ln55_24_fu_1546_p2            |     +    |      0|  0|  32|          32|          32|
    |add_ln55_25_fu_1401_p2            |     +    |      0|  0|  32|          32|          32|
    |add_ln55_26_fu_1405_p2            |     +    |      0|  0|  32|          32|          32|
    |add_ln55_27_fu_1409_p2            |     +    |      0|  0|  32|          32|          32|
    |add_ln55_28_fu_1414_p2            |     +    |      0|  0|  32|          32|          32|
    |add_ln55_29_fu_1550_p2            |     +    |      0|  0|  32|          32|          32|
    |add_ln55_2_fu_1320_p2             |     +    |      0|  0|  32|          32|          32|
    |add_ln55_30_fu_1555_p2            |     +    |      0|  0|  32|          32|          32|
    |add_ln55_31_fu_1600_p2            |     +    |      0|  0|  32|          32|          32|
    |add_ln55_32_fu_1420_p2            |     +    |      0|  0|  32|          32|          32|
    |add_ln55_33_fu_1424_p2            |     +    |      0|  0|  32|          32|          32|
    |add_ln55_34_fu_1561_p2            |     +    |      0|  0|  32|          32|          32|
    |add_ln55_35_fu_1428_p2            |     +    |      0|  0|  32|          32|          32|
    |add_ln55_36_fu_1432_p2            |     +    |      0|  0|  32|          32|          32|
    |add_ln55_37_fu_1436_p2            |     +    |      0|  0|  32|          32|          32|
    |add_ln55_38_fu_1565_p2            |     +    |      0|  0|  32|          32|          32|
    |add_ln55_39_fu_1442_p2            |     +    |      0|  0|  32|          32|          32|
    |add_ln55_3_fu_1326_p2             |     +    |      0|  0|  32|          32|          32|
    |add_ln55_40_fu_1446_p2            |     +    |      0|  0|  32|          32|          32|
    |add_ln55_41_fu_1570_p2            |     +    |      0|  0|  32|          32|          32|
    |add_ln55_42_fu_1450_p2            |     +    |      0|  0|  32|          32|          32|
    |add_ln55_43_fu_1454_p2            |     +    |      0|  0|  32|          32|          32|
    |add_ln55_44_fu_1458_p2            |     +    |      0|  0|  32|          32|          32|
    |add_ln55_45_fu_1574_p2            |     +    |      0|  0|  32|          32|          32|
    |add_ln55_46_fu_1579_p2            |     +    |      0|  0|  32|          32|          32|
    |add_ln55_47_fu_1464_p2            |     +    |      0|  0|  32|          32|          32|
    |add_ln55_48_fu_1468_p2            |     +    |      0|  0|  32|          32|          32|
    |add_ln55_49_fu_1472_p2            |     +    |      0|  0|  32|          32|          32|
    |add_ln55_4_fu_1331_p2             |     +    |      0|  0|  32|          32|          32|
    |add_ln55_50_fu_1478_p2            |     +    |      0|  0|  32|          32|          32|
    |add_ln55_51_fu_1482_p2            |     +    |      0|  0|  32|          32|          32|
    |add_ln55_52_fu_1486_p2            |     +    |      0|  0|  32|          32|          32|
    |add_ln55_53_fu_1585_p2            |     +    |      0|  0|  32|          32|          32|
    |add_ln55_54_fu_1492_p2            |     +    |      0|  0|  32|          32|          32|
    |add_ln55_55_fu_1497_p2            |     +    |      0|  0|  32|          32|          32|
    |add_ln55_56_fu_1502_p2            |     +    |      0|  0|  32|          32|          32|
    |add_ln55_57_fu_1508_p2            |     +    |      0|  0|  32|          32|          32|
    |add_ln55_58_fu_1238_p2            |     +    |      0|  0|  32|          32|          32|
    |add_ln55_59_fu_1242_p2            |     +    |      0|  0|  32|          32|          32|
    |add_ln55_5_fu_1335_p2             |     +    |      0|  0|  32|          32|          32|
    |add_ln55_60_fu_1512_p2            |     +    |      0|  0|  32|          32|          32|
    |add_ln55_61_fu_1517_p2            |     +    |      0|  0|  32|          32|          32|
    |add_ln55_62_fu_1589_p2            |     +    |      0|  0|  32|          32|          32|
    |add_ln55_63_fu_1594_p2            |     +    |      0|  0|  32|          32|          32|
    |add_ln55_6_fu_1523_p2             |     +    |      0|  0|  32|          32|          32|
    |add_ln55_7_fu_1341_p2             |     +    |      0|  0|  32|          32|          32|
    |add_ln55_8_fu_1346_p2             |     +    |      0|  0|  32|          32|          32|
    |add_ln55_9_fu_1527_p2             |     +    |      0|  0|  32|          32|          32|
    |add_ln55_fu_1309_p2               |     +    |      0|  0|  32|          32|          32|
    |y_din                             |     +    |      0|  0|  32|          32|          32|
    |sub_ln55_1_fu_1278_p2             |     -    |      0|  0|  32|          32|          32|
    |sub_ln55_2_fu_1169_p2             |     -    |      0|  0|  32|           1|          32|
    |sub_ln55_3_fu_1289_p2             |     -    |      0|  0|  32|          32|          32|
    |sub_ln55_fu_1267_p2               |     -    |      0|  0|  32|           1|          32|
    |ap_block_pp0_stage0_01001         |    or    |      0|  0|   1|           1|           1|
    |ap_block_state1_pp0_stage0_iter0  |    or    |      0|  0|   1|           1|           1|
    |ap_enable_pp0                     |    xor   |      0|  0|   2|           1|           2|
    +----------------------------------+----------+-------+---+----+------------+------------+
    |Total                             |          |    116|  0|3430|        2751|        4068|
    +----------------------------------+----------+-------+---+----+------------+------------+

    * Multiplexer: 
    +---------+----+-----------+-----+-----------+
    |   Name  | LUT| Input Size| Bits| Total Bits|
    +---------+----+-----------+-----+-----------+
    |ap_done  |   3|          2|    1|          2|
    |x_blk_n  |   3|          2|    1|          2|
    |y_blk_n  |   3|          2|    1|          2|
    +---------+----+-----------+-----+-----------+
    |Total    |   9|          6|    3|          6|
    +---------+----+-----------+-----+-----------+

    * Register: 
    +-------------------------------------------+----+----+-----+-----------+
    |                    Name                   | FF | LUT| Bits| Const Bits|
    +-------------------------------------------+----+----+-----+-----------+
    |add_ln55_12_reg_1974                       |  32|   0|   32|          0|
    |add_ln55_14_reg_2049                       |  32|   0|   32|          0|
    |add_ln55_17_reg_1979                       |  32|   0|   32|          0|
    |add_ln55_20_reg_1984                       |  32|   0|   32|          0|
    |add_ln55_22_reg_1989                       |  32|   0|   32|          0|
    |add_ln55_23_reg_1994                       |  32|   0|   32|          0|
    |add_ln55_28_reg_1999                       |  32|   0|   32|          0|
    |add_ln55_2_reg_1954                        |  32|   0|   32|          0|
    |add_ln55_30_reg_2054                       |  32|   0|   32|          0|
    |add_ln55_32_reg_2004                       |  32|   0|   32|          0|
    |add_ln55_33_reg_2009                       |  32|   0|   32|          0|
    |add_ln55_37_reg_2014                       |  32|   0|   32|          0|
    |add_ln55_39_reg_2019                       |  32|   0|   32|          0|
    |add_ln55_40_reg_2024                       |  32|   0|   32|          0|
    |add_ln55_44_reg_2029                       |  32|   0|   32|          0|
    |add_ln55_49_reg_2034                       |  32|   0|   32|          0|
    |add_ln55_52_reg_2039                       |  32|   0|   32|          0|
    |add_ln55_59_reg_1949                       |  32|   0|   32|          0|
    |add_ln55_5_reg_1959                        |  32|   0|   32|          0|
    |add_ln55_61_reg_2044                       |  32|   0|   32|          0|
    |add_ln55_63_reg_2059                       |  32|   0|   32|          0|
    |add_ln55_7_reg_1964                        |  32|   0|   32|          0|
    |add_ln55_8_reg_1969                        |  32|   0|   32|          0|
    |ap_CS_fsm                                  |   1|   0|    1|          0|
    |ap_done_reg                                |   1|   0|    1|          0|
    |ap_enable_reg_pp0_iter1                    |   1|   0|    1|          0|
    |ap_enable_reg_pp0_iter2                    |   1|   0|    1|          0|
    |ap_enable_reg_pp0_iter3                    |   1|   0|    1|          0|
    |ap_enable_reg_pp0_iter4                    |   1|   0|    1|          0|
    |ap_enable_reg_pp0_iter5                    |   1|   0|    1|          0|
    |data_reg_1610                              |  32|   0|   32|          0|
    |mul_ln55_10_reg_1709                       |  32|   0|   32|          0|
    |mul_ln55_11_reg_1714                       |  32|   0|   32|          0|
    |mul_ln55_12_reg_1719                       |  32|   0|   32|          0|
    |mul_ln55_13_reg_1724                       |  32|   0|   32|          0|
    |mul_ln55_14_reg_1729                       |  32|   0|   32|          0|
    |mul_ln55_15_reg_1734                       |  32|   0|   32|          0|
    |mul_ln55_16_reg_1739                       |  32|   0|   32|          0|
    |mul_ln55_17_reg_1744                       |  32|   0|   32|          0|
    |mul_ln55_18_reg_1749                       |  32|   0|   32|          0|
    |mul_ln55_19_reg_1754                       |  32|   0|   32|          0|
    |mul_ln55_1_reg_1653                        |  32|   0|   32|          0|
    |mul_ln55_20_reg_1759                       |  32|   0|   32|          0|
    |mul_ln55_21_reg_1764                       |  32|   0|   32|          0|
    |mul_ln55_22_reg_1769                       |  32|   0|   32|          0|
    |mul_ln55_23_reg_1774                       |  32|   0|   32|          0|
    |mul_ln55_24_reg_1779                       |  32|   0|   32|          0|
    |mul_ln55_25_reg_1784                       |  32|   0|   32|          0|
    |mul_ln55_26_reg_1789                       |  32|   0|   32|          0|
    |mul_ln55_27_reg_1794                       |  32|   0|   32|          0|
    |mul_ln55_28_reg_1799                       |  32|   0|   32|          0|
    |mul_ln55_29_reg_1804                       |  32|   0|   32|          0|
    |mul_ln55_2_reg_1658                        |  32|   0|   32|          0|
    |mul_ln55_30_reg_1809                       |  32|   0|   32|          0|
    |mul_ln55_31_reg_1814                       |  32|   0|   32|          0|
    |mul_ln55_32_reg_1819                       |  32|   0|   32|          0|
    |mul_ln55_33_reg_1824                       |  32|   0|   32|          0|
    |mul_ln55_34_reg_1829                       |  32|   0|   32|          0|
    |mul_ln55_35_reg_1834                       |  32|   0|   32|          0|
    |mul_ln55_36_reg_1839                       |  32|   0|   32|          0|
    |mul_ln55_37_reg_1844                       |  32|   0|   32|          0|
    |mul_ln55_38_reg_1849                       |  32|   0|   32|          0|
    |mul_ln55_39_reg_1854                       |  32|   0|   32|          0|
    |mul_ln55_3_reg_1663                        |  32|   0|   32|          0|
    |mul_ln55_40_reg_1859                       |  32|   0|   32|          0|
    |mul_ln55_41_reg_1864                       |  32|   0|   32|          0|
    |mul_ln55_42_reg_1869                       |  32|   0|   32|          0|
    |mul_ln55_43_reg_1874                       |  32|   0|   32|          0|
    |mul_ln55_44_reg_1879                       |  32|   0|   32|          0|
    |mul_ln55_45_reg_1884                       |  32|   0|   32|          0|
    |mul_ln55_46_reg_1889                       |  32|   0|   32|          0|
    |mul_ln55_47_reg_1894                       |  32|   0|   32|          0|
    |mul_ln55_48_reg_1899                       |  32|   0|   32|          0|
    |mul_ln55_49_reg_1904                       |  32|   0|   32|          0|
    |mul_ln55_4_reg_1668                        |  32|   0|   32|          0|
    |mul_ln55_50_reg_1909                       |  32|   0|   32|          0|
    |mul_ln55_51_reg_1914                       |  32|   0|   32|          0|
    |mul_ln55_52_reg_1929                       |  32|   0|   32|          0|
    |mul_ln55_53_reg_1939                       |  32|   0|   32|          0|
    |mul_ln55_54_reg_1944                       |  32|   0|   32|          0|
    |mul_ln55_55_reg_1621                       |  32|   0|   32|          0|
    |mul_ln55_56_reg_1626                       |  32|   0|   32|          0|
    |mul_ln55_57_reg_1637                       |  32|   0|   32|          0|
    |mul_ln55_5_reg_1678                        |  32|   0|   32|          0|
    |mul_ln55_6_reg_1689                        |  32|   0|   32|          0|
    |mul_ln55_7_reg_1694                        |  32|   0|   32|          0|
    |mul_ln55_8_reg_1699                        |  32|   0|   32|          0|
    |mul_ln55_9_reg_1704                        |  32|   0|   32|          0|
    |mul_ln55_reg_1642                          |  32|   0|   32|          0|
    |shift_reg_1_0                              |  32|   0|   32|          0|
    |shift_reg_1_0_load_reg_1631                |  32|   0|   32|          0|
    |shift_reg_1_0_load_reg_1631_pp0_iter2_reg  |  32|   0|   32|          0|
    |shift_reg_1_1                              |  32|   0|   32|          0|
    |shift_reg_1_10                             |  32|   0|   32|          0|
    |shift_reg_1_11                             |  32|   0|   32|          0|
    |shift_reg_1_12                             |  32|   0|   32|          0|
    |shift_reg_1_13                             |  32|   0|   32|          0|
    |shift_reg_1_14                             |  32|   0|   32|          0|
    |shift_reg_1_15                             |  32|   0|   32|          0|
    |shift_reg_1_16                             |  32|   0|   32|          0|
    |shift_reg_1_17                             |  32|   0|   32|          0|
    |shift_reg_1_18                             |  32|   0|   32|          0|
    |shift_reg_1_19                             |  32|   0|   32|          0|
    |shift_reg_1_2                              |  32|   0|   32|          0|
    |shift_reg_1_20                             |  32|   0|   32|          0|
    |shift_reg_1_21                             |  32|   0|   32|          0|
    |shift_reg_1_22                             |  32|   0|   32|          0|
    |shift_reg_1_23                             |  32|   0|   32|          0|
    |shift_reg_1_24                             |  32|   0|   32|          0|
    |shift_reg_1_25                             |  32|   0|   32|          0|
    |shift_reg_1_26                             |  32|   0|   32|          0|
    |shift_reg_1_27                             |  32|   0|   32|          0|
    |shift_reg_1_28                             |  32|   0|   32|          0|
    |shift_reg_1_29                             |  32|   0|   32|          0|
    |shift_reg_1_2_load_reg_1616                |  32|   0|   32|          0|
    |shift_reg_1_3                              |  32|   0|   32|          0|
    |shift_reg_1_30                             |  32|   0|   32|          0|
    |shift_reg_1_31                             |  32|   0|   32|          0|
    |shift_reg_1_32                             |  32|   0|   32|          0|
    |shift_reg_1_33                             |  32|   0|   32|          0|
    |shift_reg_1_34                             |  32|   0|   32|          0|
    |shift_reg_1_35                             |  32|   0|   32|          0|
    |shift_reg_1_36                             |  32|   0|   32|          0|
    |shift_reg_1_37                             |  32|   0|   32|          0|
    |shift_reg_1_38                             |  32|   0|   32|          0|
    |shift_reg_1_39                             |  32|   0|   32|          0|
    |shift_reg_1_4                              |  32|   0|   32|          0|
    |shift_reg_1_40                             |  32|   0|   32|          0|
    |shift_reg_1_41                             |  32|   0|   32|          0|
    |shift_reg_1_42                             |  32|   0|   32|          0|
    |shift_reg_1_43                             |  32|   0|   32|          0|
    |shift_reg_1_44                             |  32|   0|   32|          0|
    |shift_reg_1_45                             |  32|   0|   32|          0|
    |shift_reg_1_46                             |  32|   0|   32|          0|
    |shift_reg_1_47                             |  32|   0|   32|          0|
    |shift_reg_1_48                             |  32|   0|   32|          0|
    |shift_reg_1_49                             |  32|   0|   32|          0|
    |shift_reg_1_5                              |  32|   0|   32|          0|
    |shift_reg_1_50                             |  32|   0|   32|          0|
    |shift_reg_1_51                             |  32|   0|   32|          0|
    |shift_reg_1_52                             |  32|   0|   32|          0|
    |shift_reg_1_53                             |  32|   0|   32|          0|
    |shift_reg_1_54                             |  32|   0|   32|          0|
    |shift_reg_1_54_load_reg_1683               |  32|   0|   32|          0|
    |shift_reg_1_55                             |  32|   0|   32|          0|
    |shift_reg_1_56                             |  32|   0|   32|          0|
    |shift_reg_1_56_load_reg_1673               |  32|   0|   32|          0|
    |shift_reg_1_57                             |  32|   0|   32|          0|
    |shift_reg_1_58                             |  32|   0|   32|          0|
    |shift_reg_1_59                             |  32|   0|   32|          0|
    |shift_reg_1_5_load_reg_1934                |  32|   0|   32|          0|
    |shift_reg_1_6                              |  32|   0|   32|          0|
    |shift_reg_1_60                             |  32|   0|   32|          0|
    |shift_reg_1_61                             |  32|   0|   32|          0|
    |shift_reg_1_61_load_reg_1647               |  32|   0|   32|          0|
    |shift_reg_1_62                             |  32|   0|   32|          0|
    |shift_reg_1_7                              |  32|   0|   32|          0|
    |shift_reg_1_7_load_reg_1919                |  32|   0|   32|          0|
    |shift_reg_1_8                              |  32|   0|   32|          0|
    |shift_reg_1_9                              |  32|   0|   32|          0|
    |sub_ln55_2_reg_1924                        |  27|   0|   32|          5|
    +-------------------------------------------+----+----+-----+-----------+
    |Total                                      |4930|   0| 4935|          5|
    +-------------------------------------------+----+----+-----+-----------+



================================================================
== Interface
================================================================
* Summary: 
+-------------+-----+-----+------------+--------------+--------------+
|  RTL Ports  | Dir | Bits|  Protocol  | Source Object|    C Type    |
+-------------+-----+-----+------------+--------------+--------------+
|ap_clk       |  in |    1| ap_ctrl_hs | fir_filter_a | return value |
|ap_rst       |  in |    1| ap_ctrl_hs | fir_filter_a | return value |
|ap_start     |  in |    1| ap_ctrl_hs | fir_filter_a | return value |
|ap_done      | out |    1| ap_ctrl_hs | fir_filter_a | return value |
|ap_continue  |  in |    1| ap_ctrl_hs | fir_filter_a | return value |
|ap_idle      | out |    1| ap_ctrl_hs | fir_filter_a | return value |
|ap_ready     | out |    1| ap_ctrl_hs | fir_filter_a | return value |
|x_dout       |  in |   32|   ap_fifo  |       x      |    pointer   |
|x_empty_n    |  in |    1|   ap_fifo  |       x      |    pointer   |
|x_read       | out |    1|   ap_fifo  |       x      |    pointer   |
|y_din        | out |   32|   ap_fifo  |       y      |    pointer   |
|y_full_n     |  in |    1|   ap_fifo  |       y      |    pointer   |
|y_write      | out |    1|   ap_fifo  |       y      |    pointer   |
+-------------+-----+-----+------------+--------------+--------------+

