

================================================================
== Vivado HLS Report for 'fir_filter_b'
================================================================
* Date:           Mon Dec 21 15:51:21 2020

* Version:        2019.1.3 (Build 2642998 on Wed Sep 04 10:25:22 MDT 2019)
* Project:        up_conv
* Solution:       solution1
* Product family: zynq
* Target device:  xc7z045-ffg900-2


================================================================
== Performance Estimates
================================================================
+ Timing (ns): 
    * Summary: 
    +--------+-------+----------+------------+
    |  Clock | Target| Estimated| Uncertainty|
    +--------+-------+----------+------------+
    |ap_clk  |  10.00|     7.172|        1.25|
    +--------+-------+----------+------------+

+ Latency (clock cycles): 
    * Summary: 
    +-----+-----+-----+-----+----------+
    |  Latency  |  Interval | Pipeline |
    | min | max | min | max |   Type   |
    +-----+-----+-----+-----+----------+
    |    4|    4|    1|    1| function |
    +-----+-----+-----+-----+----------+

    + Detail: 
        * Instance: 
        N/A

        * Loop: 
        N/A



================================================================
== Utilization Estimates
================================================================
* Summary: 
+-----------------+---------+-------+--------+--------+-----+
|       Name      | BRAM_18K| DSP48E|   FF   |   LUT  | URAM|
+-----------------+---------+-------+--------+--------+-----+
|DSP              |        -|      -|       -|       -|    -|
|Expression       |        -|    116|       0|    3430|    -|
|FIFO             |        -|      -|       -|       -|    -|
|Instance         |        -|      -|       -|       -|    -|
|Memory           |        -|      -|       -|       -|    -|
|Multiplexer      |        -|      -|       -|       9|    -|
|Register         |        -|      -|    4966|       -|    -|
+-----------------+---------+-------+--------+--------+-----+
|Total            |        0|    116|    4966|    3439|    0|
+-----------------+---------+-------+--------+--------+-----+
|Available        |     1090|    900|  437200|  218600|    0|
+-----------------+---------+-------+--------+--------+-----+
|Utilization (%)  |        0|     12|       1|       1|    0|
+-----------------+---------+-------+--------+--------+-----+

+ Detail: 
    * Instance: 
    N/A

    * DSP48E: 
    N/A

    * Memory: 
    N/A

    * FIFO: 
    N/A

    * Expression: 
    +----------------------------------+----------+-------+---+----+------------+------------+
    |           Variable Name          | Operation| DSP48E| FF| LUT| Bitwidth P0| Bitwidth P1|
    +----------------------------------+----------+-------+---+----+------------+------------+
    |mul_ln75_10_fu_422_p2             |     *    |      2|  0|  21|          11|          32|
    |mul_ln75_11_fu_438_p2             |     *    |      2|  0|  21|          11|          32|
    |mul_ln75_12_fu_454_p2             |     *    |      2|  0|  21|          11|          32|
    |mul_ln75_13_fu_470_p2             |     *    |      2|  0|  21|          11|          32|
    |mul_ln75_14_fu_486_p2             |     *    |      2|  0|  21|          11|          32|
    |mul_ln75_15_fu_502_p2             |     *    |      2|  0|  21|          10|          32|
    |mul_ln75_16_fu_518_p2             |     *    |      2|  0|  21|           9|          32|
    |mul_ln75_17_fu_534_p2             |     *    |      2|  0|  21|           8|          32|
    |mul_ln75_18_fu_550_p2             |     *    |      2|  0|  21|          10|          32|
    |mul_ln75_19_fu_566_p2             |     *    |      2|  0|  21|          11|          32|
    |mul_ln75_1_fu_258_p2              |     *    |      2|  0|  21|           8|          32|
    |mul_ln75_20_fu_582_p2             |     *    |      2|  0|  21|          11|          32|
    |mul_ln75_21_fu_598_p2             |     *    |      2|  0|  21|          12|          32|
    |mul_ln75_22_fu_614_p2             |     *    |      2|  0|  21|          12|          32|
    |mul_ln75_23_fu_630_p2             |     *    |      2|  0|  21|          12|          32|
    |mul_ln75_24_fu_646_p2             |     *    |      2|  0|  21|          13|          32|
    |mul_ln75_25_fu_662_p2             |     *    |      2|  0|  21|          13|          32|
    |mul_ln75_26_fu_678_p2             |     *    |      2|  0|  21|          13|          32|
    |mul_ln75_27_fu_694_p2             |     *    |      2|  0|  21|          13|          32|
    |mul_ln75_28_fu_710_p2             |     *    |      2|  0|  21|          13|          32|
    |mul_ln75_29_fu_726_p2             |     *    |      2|  0|  21|          13|          32|
    |mul_ln75_2_fu_274_p2              |     *    |      2|  0|  21|           8|          32|
    |mul_ln75_30_fu_742_p2             |     *    |      2|  0|  21|          13|          32|
    |mul_ln75_31_fu_758_p2             |     *    |      2|  0|  21|          13|          32|
    |mul_ln75_32_fu_774_p2             |     *    |      2|  0|  21|          13|          32|
    |mul_ln75_33_fu_790_p2             |     *    |      2|  0|  21|          13|          32|
    |mul_ln75_34_fu_806_p2             |     *    |      2|  0|  21|          12|          32|
    |mul_ln75_35_fu_822_p2             |     *    |      2|  0|  21|          12|          32|
    |mul_ln75_36_fu_838_p2             |     *    |      2|  0|  21|          12|          32|
    |mul_ln75_37_fu_854_p2             |     *    |      2|  0|  21|          11|          32|
    |mul_ln75_38_fu_870_p2             |     *    |      2|  0|  21|          11|          32|
    |mul_ln75_39_fu_886_p2             |     *    |      2|  0|  21|          10|          32|
    |mul_ln75_3_fu_290_p2              |     *    |      2|  0|  21|           8|          32|
    |mul_ln75_40_fu_902_p2             |     *    |      2|  0|  21|           8|          32|
    |mul_ln75_41_fu_918_p2             |     *    |      2|  0|  21|           9|          32|
    |mul_ln75_42_fu_934_p2             |     *    |      2|  0|  21|          10|          32|
    |mul_ln75_43_fu_950_p2             |     *    |      2|  0|  21|          11|          32|
    |mul_ln75_44_fu_966_p2             |     *    |      2|  0|  21|          11|          32|
    |mul_ln75_45_fu_982_p2             |     *    |      2|  0|  21|          11|          32|
    |mul_ln75_46_fu_998_p2             |     *    |      2|  0|  21|          11|          32|
    |mul_ln75_47_fu_1014_p2            |     *    |      2|  0|  21|          11|          32|
    |mul_ln75_48_fu_1030_p2            |     *    |      2|  0|  21|          11|          32|
    |mul_ln75_49_fu_1046_p2            |     *    |      2|  0|  21|          10|          32|
    |mul_ln75_4_fu_306_p2              |     *    |      2|  0|  21|           8|          32|
    |mul_ln75_50_fu_1062_p2            |     *    |      2|  0|  21|          10|          32|
    |mul_ln75_51_fu_1078_p2            |     *    |      2|  0|  21|           9|          32|
    |mul_ln75_52_fu_1104_p2            |     *    |      2|  0|  21|           6|          32|
    |mul_ln75_53_fu_1130_p2            |     *    |      2|  0|  21|           8|          32|
    |mul_ln75_54_fu_1146_p2            |     *    |      2|  0|  21|           8|          32|
    |mul_ln75_55_fu_1162_p2            |     *    |      2|  0|  21|           8|          32|
    |mul_ln75_56_fu_1178_p2            |     *    |      2|  0|  21|           8|          32|
    |mul_ln75_57_fu_1199_p2            |     *    |      2|  0|  21|           8|          32|
    |mul_ln75_5_fu_332_p2              |     *    |      2|  0|  21|           6|          32|
    |mul_ln75_6_fu_358_p2              |     *    |      2|  0|  21|           9|          32|
    |mul_ln75_7_fu_374_p2              |     *    |      2|  0|  21|          10|          32|
    |mul_ln75_8_fu_390_p2              |     *    |      2|  0|  21|          10|          32|
    |mul_ln75_9_fu_406_p2              |     *    |      2|  0|  21|          11|          32|
    |mul_ln75_fu_232_p2                |     *    |      2|  0|  21|           8|          32|
    |add_ln75_10_fu_1320_p2            |     +    |      0|  0|  32|          32|          32|
    |add_ln75_11_fu_1324_p2            |     +    |      0|  0|  32|          32|          32|
    |add_ln75_12_fu_1328_p2            |     +    |      0|  0|  32|          32|          32|
    |add_ln75_13_fu_1498_p2            |     +    |      0|  0|  32|          32|          32|
    |add_ln75_14_fu_1503_p2            |     +    |      0|  0|  32|          32|          32|
    |add_ln75_15_fu_1334_p2            |     +    |      0|  0|  32|          32|          32|
    |add_ln75_16_fu_1338_p2            |     +    |      0|  0|  32|          32|          32|
    |add_ln75_17_fu_1342_p2            |     +    |      0|  0|  32|          32|          32|
    |add_ln75_18_fu_1348_p2            |     +    |      0|  0|  32|          32|          32|
    |add_ln75_19_fu_1352_p2            |     +    |      0|  0|  32|          32|          32|
    |add_ln75_1_fu_1284_p2             |     +    |      0|  0|  32|          32|          32|
    |add_ln75_20_fu_1356_p2            |     +    |      0|  0|  32|          32|          32|
    |add_ln75_21_fu_1509_p2            |     +    |      0|  0|  32|          32|          32|
    |add_ln75_22_fu_1362_p2            |     +    |      0|  0|  32|          32|          32|
    |add_ln75_23_fu_1366_p2            |     +    |      0|  0|  32|          32|          32|
    |add_ln75_24_fu_1513_p2            |     +    |      0|  0|  32|          32|          32|
    |add_ln75_25_fu_1370_p2            |     +    |      0|  0|  32|          32|          32|
    |add_ln75_26_fu_1374_p2            |     +    |      0|  0|  32|          32|          32|
    |add_ln75_27_fu_1378_p2            |     +    |      0|  0|  32|          32|          32|
    |add_ln75_28_fu_1383_p2            |     +    |      0|  0|  32|          32|          32|
    |add_ln75_29_fu_1517_p2            |     +    |      0|  0|  32|          32|          32|
    |add_ln75_2_fu_1289_p2             |     +    |      0|  0|  32|          32|          32|
    |add_ln75_30_fu_1522_p2            |     +    |      0|  0|  32|          32|          32|
    |add_ln75_31_fu_1565_p2            |     +    |      0|  0|  32|          32|          32|
    |add_ln75_32_fu_1389_p2            |     +    |      0|  0|  32|          32|          32|
    |add_ln75_33_fu_1393_p2            |     +    |      0|  0|  32|          32|          32|
    |add_ln75_34_fu_1528_p2            |     +    |      0|  0|  32|          32|          32|
    |add_ln75_35_fu_1397_p2            |     +    |      0|  0|  32|          32|          32|
    |add_ln75_36_fu_1401_p2            |     +    |      0|  0|  32|          32|          32|
    |add_ln75_37_fu_1405_p2            |     +    |      0|  0|  32|          32|          32|
    |add_ln75_38_fu_1532_p2            |     +    |      0|  0|  32|          32|          32|
    |add_ln75_39_fu_1411_p2            |     +    |      0|  0|  32|          32|          32|
    |add_ln75_3_fu_1295_p2             |     +    |      0|  0|  32|          32|          32|
    |add_ln75_40_fu_1415_p2            |     +    |      0|  0|  32|          32|          32|
    |add_ln75_41_fu_1537_p2            |     +    |      0|  0|  32|          32|          32|
    |add_ln75_42_fu_1419_p2            |     +    |      0|  0|  32|          32|          32|
    |add_ln75_43_fu_1423_p2            |     +    |      0|  0|  32|          32|          32|
    |add_ln75_44_fu_1427_p2            |     +    |      0|  0|  32|          32|          32|
    |add_ln75_45_fu_1541_p2            |     +    |      0|  0|  32|          32|          32|
    |add_ln75_46_fu_1569_p2            |     +    |      0|  0|  32|          32|          32|
    |add_ln75_47_fu_1433_p2            |     +    |      0|  0|  32|          32|          32|
    |add_ln75_48_fu_1437_p2            |     +    |      0|  0|  32|          32|          32|
    |add_ln75_49_fu_1441_p2            |     +    |      0|  0|  32|          32|          32|
    |add_ln75_4_fu_1300_p2             |     +    |      0|  0|  32|          32|          32|
    |add_ln75_50_fu_1447_p2            |     +    |      0|  0|  32|          32|          32|
    |add_ln75_51_fu_1451_p2            |     +    |      0|  0|  32|          32|          32|
    |add_ln75_52_fu_1455_p2            |     +    |      0|  0|  32|          32|          32|
    |add_ln75_53_fu_1546_p2            |     +    |      0|  0|  32|          32|          32|
    |add_ln75_54_fu_1461_p2            |     +    |      0|  0|  32|          32|          32|
    |add_ln75_55_fu_1466_p2            |     +    |      0|  0|  32|          32|          32|
    |add_ln75_56_fu_1550_p2            |     +    |      0|  0|  32|          32|          32|
    |add_ln75_57_fu_1471_p2            |     +    |      0|  0|  32|          32|          32|
    |add_ln75_58_fu_1475_p2            |     +    |      0|  0|  32|          32|          32|
    |add_ln75_59_fu_1479_p2            |     +    |      0|  0|  32|          32|          32|
    |add_ln75_5_fu_1304_p2             |     +    |      0|  0|  32|          32|          32|
    |add_ln75_60_fu_1484_p2            |     +    |      0|  0|  32|          32|          32|
    |add_ln75_61_fu_1554_p2            |     +    |      0|  0|  32|          32|          32|
    |add_ln75_62_fu_1559_p2            |     +    |      0|  0|  32|          32|          32|
    |add_ln75_63_fu_1573_p2            |     +    |      0|  0|  32|          32|          32|
    |add_ln75_64_fu_1578_p2            |     +    |      0|  0|  32|          32|          32|
    |add_ln75_6_fu_1490_p2             |     +    |      0|  0|  32|          32|          32|
    |add_ln75_7_fu_1310_p2             |     +    |      0|  0|  32|          32|          32|
    |add_ln75_8_fu_1315_p2             |     +    |      0|  0|  32|          32|          32|
    |add_ln75_9_fu_1494_p2             |     +    |      0|  0|  32|          32|          32|
    |add_ln75_fu_1278_p2               |     +    |      0|  0|  32|          32|          32|
    |sub_ln75_1_fu_1235_p2             |     -    |      0|  0|  32|          32|          32|
    |sub_ln75_2_fu_1246_p2             |     -    |      0|  0|  32|           1|          32|
    |sub_ln75_3_fu_1257_p2             |     -    |      0|  0|  32|          32|          32|
    |sub_ln75_fu_1224_p2               |     -    |      0|  0|  32|           1|          32|
    |ap_block_pp0_stage0_11001         |    or    |      0|  0|   1|           1|           1|
    |ap_block_state1_pp0_stage0_iter0  |    or    |      0|  0|   1|           1|           1|
    |ap_enable_pp0                     |    xor   |      0|  0|   2|           1|           2|
    +----------------------------------+----------+-------+---+----+------------+------------+
    |Total                             |          |    116|  0|3430|        2751|        4068|
    +----------------------------------+----------+-------+---+----+------------+------------+

    * Multiplexer: 
    +-----------+----+-----------+-----+-----------+
    |    Name   | LUT| Input Size| Bits| Total Bits|
    +-----------+----+-----------+-----+-----------+
    |ap_done    |   3|          2|    1|          2|
    |ap_return  |   3|          2|   32|         64|
    |x_blk_n    |   3|          2|    1|          2|
    +-----------+----+-----------+-----+-----------+
    |Total      |   9|          6|   34|         68|
    +-----------+----+-----------+-----+-----------+

    * Register: 
    +----------------------------+----+----+-----+-----------+
    |            Name            | FF | LUT| Bits| Const Bits|
    +----------------------------+----+----+-----+-----------+
    |add_ln75_12_reg_1934        |  32|   0|   32|          0|
    |add_ln75_14_reg_2019        |  32|   0|   32|          0|
    |add_ln75_17_reg_1939        |  32|   0|   32|          0|
    |add_ln75_20_reg_1944        |  32|   0|   32|          0|
    |add_ln75_22_reg_1949        |  32|   0|   32|          0|
    |add_ln75_23_reg_1954        |  32|   0|   32|          0|
    |add_ln75_28_reg_1959        |  32|   0|   32|          0|
    |add_ln75_2_reg_1914         |  32|   0|   32|          0|
    |add_ln75_30_reg_2024        |  32|   0|   32|          0|
    |add_ln75_32_reg_1964        |  32|   0|   32|          0|
    |add_ln75_33_reg_1969        |  32|   0|   32|          0|
    |add_ln75_37_reg_1974        |  32|   0|   32|          0|
    |add_ln75_38_reg_2029        |  32|   0|   32|          0|
    |add_ln75_39_reg_1979        |  32|   0|   32|          0|
    |add_ln75_40_reg_1984        |  32|   0|   32|          0|
    |add_ln75_44_reg_1989        |  32|   0|   32|          0|
    |add_ln75_45_reg_2034        |  32|   0|   32|          0|
    |add_ln75_49_reg_1994        |  32|   0|   32|          0|
    |add_ln75_52_reg_1999        |  32|   0|   32|          0|
    |add_ln75_54_reg_2004        |  32|   0|   32|          0|
    |add_ln75_55_reg_2009        |  32|   0|   32|          0|
    |add_ln75_5_reg_1919         |  32|   0|   32|          0|
    |add_ln75_60_reg_2014        |  32|   0|   32|          0|
    |add_ln75_62_reg_2039        |  32|   0|   32|          0|
    |add_ln75_7_reg_1924         |  32|   0|   32|          0|
    |add_ln75_8_reg_1929         |  32|   0|   32|          0|
    |ap_CS_fsm                   |   1|   0|    1|          0|
    |ap_done_reg                 |   1|   0|    1|          0|
    |ap_enable_reg_pp0_iter1     |   1|   0|    1|          0|
    |ap_enable_reg_pp0_iter2     |   1|   0|    1|          0|
    |ap_enable_reg_pp0_iter3     |   1|   0|    1|          0|
    |ap_enable_reg_pp0_iter4     |   1|   0|    1|          0|
    |ap_return_preg              |  32|   0|   32|          0|
    |data_reg_1584               |  32|   0|   32|          0|
    |mul_ln75_10_reg_1657        |  32|   0|   32|          0|
    |mul_ln75_11_reg_1662        |  32|   0|   32|          0|
    |mul_ln75_12_reg_1667        |  32|   0|   32|          0|
    |mul_ln75_13_reg_1672        |  32|   0|   32|          0|
    |mul_ln75_14_reg_1677        |  32|   0|   32|          0|
    |mul_ln75_15_reg_1682        |  32|   0|   32|          0|
    |mul_ln75_16_reg_1687        |  32|   0|   32|          0|
    |mul_ln75_17_reg_1692        |  32|   0|   32|          0|
    |mul_ln75_18_reg_1697        |  32|   0|   32|          0|
    |mul_ln75_19_reg_1702        |  32|   0|   32|          0|
    |mul_ln75_1_reg_1601         |  32|   0|   32|          0|
    |mul_ln75_20_reg_1707        |  32|   0|   32|          0|
    |mul_ln75_21_reg_1712        |  32|   0|   32|          0|
    |mul_ln75_22_reg_1717        |  32|   0|   32|          0|
    |mul_ln75_23_reg_1722        |  32|   0|   32|          0|
    |mul_ln75_24_reg_1727        |  32|   0|   32|          0|
    |mul_ln75_25_reg_1732        |  32|   0|   32|          0|
    |mul_ln75_26_reg_1737        |  32|   0|   32|          0|
    |mul_ln75_27_reg_1742        |  32|   0|   32|          0|
    |mul_ln75_28_reg_1747        |  32|   0|   32|          0|
    |mul_ln75_29_reg_1752        |  32|   0|   32|          0|
    |mul_ln75_2_reg_1606         |  32|   0|   32|          0|
    |mul_ln75_30_reg_1757        |  32|   0|   32|          0|
    |mul_ln75_31_reg_1762        |  32|   0|   32|          0|
    |mul_ln75_32_reg_1767        |  32|   0|   32|          0|
    |mul_ln75_33_reg_1772        |  32|   0|   32|          0|
    |mul_ln75_34_reg_1777        |  32|   0|   32|          0|
    |mul_ln75_35_reg_1782        |  32|   0|   32|          0|
    |mul_ln75_36_reg_1787        |  32|   0|   32|          0|
    |mul_ln75_37_reg_1792        |  32|   0|   32|          0|
    |mul_ln75_38_reg_1797        |  32|   0|   32|          0|
    |mul_ln75_39_reg_1802        |  32|   0|   32|          0|
    |mul_ln75_3_reg_1611         |  32|   0|   32|          0|
    |mul_ln75_40_reg_1807        |  32|   0|   32|          0|
    |mul_ln75_41_reg_1812        |  32|   0|   32|          0|
    |mul_ln75_42_reg_1817        |  32|   0|   32|          0|
    |mul_ln75_43_reg_1822        |  32|   0|   32|          0|
    |mul_ln75_44_reg_1827        |  32|   0|   32|          0|
    |mul_ln75_45_reg_1832        |  32|   0|   32|          0|
    |mul_ln75_46_reg_1837        |  32|   0|   32|          0|
    |mul_ln75_47_reg_1842        |  32|   0|   32|          0|
    |mul_ln75_48_reg_1847        |  32|   0|   32|          0|
    |mul_ln75_49_reg_1852        |  32|   0|   32|          0|
    |mul_ln75_4_reg_1616         |  32|   0|   32|          0|
    |mul_ln75_50_reg_1857        |  32|   0|   32|          0|
    |mul_ln75_51_reg_1862        |  32|   0|   32|          0|
    |mul_ln75_52_reg_1873        |  32|   0|   32|          0|
    |mul_ln75_53_reg_1883        |  32|   0|   32|          0|
    |mul_ln75_54_reg_1888        |  32|   0|   32|          0|
    |mul_ln75_55_reg_1893        |  32|   0|   32|          0|
    |mul_ln75_56_reg_1898        |  32|   0|   32|          0|
    |mul_ln75_57_reg_1909        |  32|   0|   32|          0|
    |mul_ln75_5_reg_1626         |  32|   0|   32|          0|
    |mul_ln75_6_reg_1637         |  32|   0|   32|          0|
    |mul_ln75_7_reg_1642         |  32|   0|   32|          0|
    |mul_ln75_8_reg_1647         |  32|   0|   32|          0|
    |mul_ln75_9_reg_1652         |  32|   0|   32|          0|
    |mul_ln75_reg_1590           |  32|   0|   32|          0|
    |shift_reg_0                 |  32|   0|   32|          0|
    |shift_reg_0_load_reg_1903   |  32|   0|   32|          0|
    |shift_reg_1                 |  32|   0|   32|          0|
    |shift_reg_10                |  32|   0|   32|          0|
    |shift_reg_11                |  32|   0|   32|          0|
    |shift_reg_12                |  32|   0|   32|          0|
    |shift_reg_13                |  32|   0|   32|          0|
    |shift_reg_14                |  32|   0|   32|          0|
    |shift_reg_15                |  32|   0|   32|          0|
    |shift_reg_16                |  32|   0|   32|          0|
    |shift_reg_17                |  32|   0|   32|          0|
    |shift_reg_18                |  32|   0|   32|          0|
    |shift_reg_19                |  32|   0|   32|          0|
    |shift_reg_2                 |  32|   0|   32|          0|
    |shift_reg_20                |  32|   0|   32|          0|
    |shift_reg_21                |  32|   0|   32|          0|
    |shift_reg_22                |  32|   0|   32|          0|
    |shift_reg_23                |  32|   0|   32|          0|
    |shift_reg_24                |  32|   0|   32|          0|
    |shift_reg_25                |  32|   0|   32|          0|
    |shift_reg_26                |  32|   0|   32|          0|
    |shift_reg_27                |  32|   0|   32|          0|
    |shift_reg_28                |  32|   0|   32|          0|
    |shift_reg_29                |  32|   0|   32|          0|
    |shift_reg_3                 |  32|   0|   32|          0|
    |shift_reg_30                |  32|   0|   32|          0|
    |shift_reg_31                |  32|   0|   32|          0|
    |shift_reg_32                |  32|   0|   32|          0|
    |shift_reg_33                |  32|   0|   32|          0|
    |shift_reg_34                |  32|   0|   32|          0|
    |shift_reg_35                |  32|   0|   32|          0|
    |shift_reg_36                |  32|   0|   32|          0|
    |shift_reg_37                |  32|   0|   32|          0|
    |shift_reg_38                |  32|   0|   32|          0|
    |shift_reg_39                |  32|   0|   32|          0|
    |shift_reg_4                 |  32|   0|   32|          0|
    |shift_reg_40                |  32|   0|   32|          0|
    |shift_reg_41                |  32|   0|   32|          0|
    |shift_reg_42                |  32|   0|   32|          0|
    |shift_reg_43                |  32|   0|   32|          0|
    |shift_reg_44                |  32|   0|   32|          0|
    |shift_reg_45                |  32|   0|   32|          0|
    |shift_reg_46                |  32|   0|   32|          0|
    |shift_reg_47                |  32|   0|   32|          0|
    |shift_reg_48                |  32|   0|   32|          0|
    |shift_reg_49                |  32|   0|   32|          0|
    |shift_reg_5                 |  32|   0|   32|          0|
    |shift_reg_50                |  32|   0|   32|          0|
    |shift_reg_51                |  32|   0|   32|          0|
    |shift_reg_52                |  32|   0|   32|          0|
    |shift_reg_53                |  32|   0|   32|          0|
    |shift_reg_54                |  32|   0|   32|          0|
    |shift_reg_54_load_reg_1631  |  32|   0|   32|          0|
    |shift_reg_55                |  32|   0|   32|          0|
    |shift_reg_56                |  32|   0|   32|          0|
    |shift_reg_56_load_reg_1621  |  32|   0|   32|          0|
    |shift_reg_57                |  32|   0|   32|          0|
    |shift_reg_58                |  32|   0|   32|          0|
    |shift_reg_59                |  32|   0|   32|          0|
    |shift_reg_5_load_reg_1878   |  32|   0|   32|          0|
    |shift_reg_6                 |  32|   0|   32|          0|
    |shift_reg_60                |  32|   0|   32|          0|
    |shift_reg_61                |  32|   0|   32|          0|
    |shift_reg_61_load_reg_1595  |  32|   0|   32|          0|
    |shift_reg_62                |  32|   0|   32|          0|
    |shift_reg_7                 |  32|   0|   32|          0|
    |shift_reg_7_load_reg_1867   |  32|   0|   32|          0|
    |shift_reg_8                 |  32|   0|   32|          0|
    |shift_reg_9                 |  32|   0|   32|          0|
    +----------------------------+----+----+-----+-----------+
    |Total                       |4966|   0| 4966|          0|
    +----------------------------+----+----+-----+-----------+



================================================================
== Interface
================================================================
* Summary: 
+-------------+-----+-----+------------+--------------+--------------+
|  RTL Ports  | Dir | Bits|  Protocol  | Source Object|    C Type    |
+-------------+-----+-----+------------+--------------+--------------+
|ap_clk       |  in |    1| ap_ctrl_hs | fir_filter_b | return value |
|ap_rst       |  in |    1| ap_ctrl_hs | fir_filter_b | return value |
|ap_start     |  in |    1| ap_ctrl_hs | fir_filter_b | return value |
|ap_done      | out |    1| ap_ctrl_hs | fir_filter_b | return value |
|ap_continue  |  in |    1| ap_ctrl_hs | fir_filter_b | return value |
|ap_idle      | out |    1| ap_ctrl_hs | fir_filter_b | return value |
|ap_ready     | out |    1| ap_ctrl_hs | fir_filter_b | return value |
|ap_return    | out |   32| ap_ctrl_hs | fir_filter_b | return value |
|x_dout       |  in |   32|   ap_fifo  |       x      |    pointer   |
|x_empty_n    |  in |    1|   ap_fifo  |       x      |    pointer   |
|x_read       | out |    1|   ap_fifo  |       x      |    pointer   |
+-------------+-----+-----+------------+--------------+--------------+

